2025-03-15 14:16:01.470 [info] Started local extension host with pid 16828.
2025-03-15 14:16:01.974 [info] Settings Sync: Account status changed from uninitialized to unavailable
2025-03-15 14:16:02.188 [error] [xabikos.JavaScriptSnippets]: Unknown language in `contributes.JavaScriptSnippets.language`. Provided value: vue
2025-03-15 14:16:03.760 [error] [xabikos.JavaScriptSnippets]: Unknown language in `contributes.JavaScriptSnippets.language`. Provided value: vue
2025-03-15 14:16:03.795 [info] [Oracle.oracle-java]: Command `workbench.action.debug.run` already registered by Java (Oracle.oracle-java)
2025-03-15 14:16:03.795 [info] [Oracle.oracle-java]: Command `workbench.action.debug.start` already registered by Java (Oracle.oracle-java)
2025-03-15 14:16:03.796 [info] [Oracle.oracle-java]: Command `jdk.select.editor.projects` already registered by Java (Oracle.oracle-java)
2025-03-15 14:16:03.804 [warning] [twxs.cmake]: Cannot register 'cmake.cmakePath'. This property is already registered.
2025-03-15 14:16:04.179 [info] [perf] Render performance baseline is 22ms
2025-03-15 14:18:51.139 [info] Started local extension host with pid 13320.
2025-03-15 14:18:51.428 [info] [Oracle.oracle-java]: Command `workbench.action.debug.run` already registered by Java (Oracle.oracle-java)
2025-03-15 14:18:51.429 [info] [Oracle.oracle-java]: Command `workbench.action.debug.start` already registered by Java (Oracle.oracle-java)
2025-03-15 14:18:51.429 [info] [Oracle.oracle-java]: Command `jdk.select.editor.projects` already registered by Java (Oracle.oracle-java)
2025-03-15 14:18:51.443 [warning] [twxs.cmake]: Cannot register 'cmake.cmakePath'. This property is already registered.
2025-03-15 14:18:51.618 [error] [xabikos.JavaScriptSnippets]: Unknown language in `contributes.JavaScriptSnippets.language`. Provided value: vue
2025-03-15 14:18:51.724 [info] Settings Sync: Account status changed from uninitialized to unavailable
2025-03-15 14:18:53.884 [info] [perf] Render performance baseline is 71ms
2025-03-15 14:19:01.691 [info] Started local extension host with pid 15592.
2025-03-15 14:19:01.932 [info] [Oracle.oracle-java]: Command `workbench.action.debug.run` already registered by Java (Oracle.oracle-java)
2025-03-15 14:19:01.932 [info] [Oracle.oracle-java]: Command `workbench.action.debug.start` already registered by Java (Oracle.oracle-java)
2025-03-15 14:19:01.933 [info] [Oracle.oracle-java]: Command `jdk.select.editor.projects` already registered by Java (Oracle.oracle-java)
2025-03-15 14:19:01.947 [warning] [twxs.cmake]: Cannot register 'cmake.cmakePath'. This property is already registered.
2025-03-15 14:19:02.136 [error] [xabikos.JavaScriptSnippets]: Unknown language in `contributes.JavaScriptSnippets.language`. Provided value: vue
2025-03-15 14:19:02.161 [info] Settings Sync: Account status changed from uninitialized to unavailable
2025-03-15 14:19:04.327 [info] [perf] Render performance baseline is 23ms
