2025-03-15 14:16:04.099 [info] [main] Log level: Info
2025-03-15 14:16:04.099 [info] [main] Validating found git in: "C:\Program Files\Git\cmd\git.exe"
2025-03-15 14:16:04.099 [info] [main] Using git "2.48.1.windows.1" from "C:\Program Files\Git\cmd\git.exe"
2025-03-15 14:16:04.099 [info] [Model][doInitialScan] Initial repository scan started
2025-03-15 14:16:04.133 [info] > git rev-parse --show-toplevel [38ms]
2025-03-15 14:16:04.177 [info] > git rev-parse --git-dir --git-common-dir [38ms]
2025-03-15 14:16:04.184 [info] [Model][openRepository] Opened repository: c:\Users\Charl\GitHub\getyaP
2025-03-15 14:16:04.187 [info] [Model][doInitialScan] Initial repository scan completed - repositories (1), closed repositories (0), parent repositories (0), unsafe repositories (0)
2025-03-15 14:16:04.221 [info] [Git][getRemotes] No remotes found in the git config file
2025-03-15 14:16:04.238 [info] > git config --get commit.template [45ms]
2025-03-15 14:16:04.243 [info] > git for-each-ref --format=%(refname)%00%(upstream:short)%00%(objectname)%00%(upstream:track)%00%(upstream:remotename)%00%(upstream:remoteref) --ignore-case refs/heads/main refs/remotes/main [45ms]
2025-03-15 14:16:04.290 [info] > git for-each-ref --sort -committerdate --format %(refname) %(objectname) %(*objectname) [37ms]
2025-03-15 14:16:04.291 [info] > git status -z -uall [44ms]
2025-03-15 14:16:04.306 [info] [Git][getRemotes] No remotes found in the git config file
2025-03-15 14:16:04.335 [info] > git for-each-ref --format=%(refname)%00%(upstream:short)%00%(objectname)%00%(upstream:track)%00%(upstream:remotename)%00%(upstream:remoteref) --ignore-case refs/heads/main refs/remotes/main [40ms]
2025-03-15 14:16:04.340 [info] > git config --get commit.template [38ms]
2025-03-15 14:16:04.344 [info] > git for-each-ref --format=%(refname)%00%(upstream:short)%00%(objectname)%00%(upstream:track)%00%(upstream:remotename)%00%(upstream:remoteref) --ignore-case refs/heads/main refs/remotes/main [38ms]
2025-03-15 14:16:04.379 [info] > git config --get --local branch.main.vscode-merge-base [40ms]
2025-03-15 14:16:04.380 [warning] [Git][config] git config failed: Failed to execute git
2025-03-15 14:16:04.392 [info] > git status -z -uall [45ms]
2025-03-15 14:16:04.392 [info] > git for-each-ref --sort -committerdate --format %(refname) %(objectname) %(*objectname) [43ms]
2025-03-15 14:16:04.425 [info] > git reflog main --grep-reflog=branch: Created from *. [42ms]
2025-03-15 14:16:04.435 [info] > git for-each-ref --format=%(refname)%00%(upstream:short)%00%(objectname)%00%(upstream:track)%00%(upstream:remotename)%00%(upstream:remoteref) --ignore-case refs/heads/main refs/remotes/main [39ms]
2025-03-15 14:16:04.474 [info] > git config --get --local branch.main.vscode-merge-base [35ms]
2025-03-15 14:16:04.474 [warning] [Git][config] git config failed: Failed to execute git
2025-03-15 14:16:04.520 [info] > git reflog main --grep-reflog=branch: Created from *. [44ms]
2025-03-15 14:16:04.774 [info] > git check-ignore -v -z --stdin [37ms]
2025-03-15 14:16:05.710 [info] > git show --textconv :.gitattributes [39ms]
2025-03-15 14:16:05.712 [info] > git ls-files --stage -- .gitattributes [37ms]
2025-03-15 14:16:05.750 [info] > git cat-file -s dfe0770424b2a19faf507a501ebfc23be8f54e7b [35ms]
2025-03-15 14:18:52.085 [info] [main] Log level: Info
2025-03-15 14:18:52.085 [info] [main] Validating found git in: "C:\Program Files\Git\cmd\git.exe"
2025-03-15 14:18:52.113 [info] [main] Using git "2.48.1.windows.1" from "C:\Program Files\Git\cmd\git.exe"
2025-03-15 14:18:52.113 [info] [Model][doInitialScan] Initial repository scan started
2025-03-15 14:18:52.243 [info] > git rev-parse --show-toplevel [121ms]
2025-03-15 14:18:52.243 [info] fatal: not a git repository (or any of the parent directories): .git
2025-03-15 14:18:52.245 [info] [Model][doInitialScan] Initial repository scan completed - repositories (0), closed repositories (0), parent repositories (0), unsafe repositories (0)
2025-03-15 14:18:53.088 [info] > git rev-parse --show-toplevel [49ms]
2025-03-15 14:18:53.088 [info] fatal: not a git repository (or any of the parent directories): .git
2025-03-15 14:18:53.630 [info] > git rev-parse --show-toplevel [48ms]
2025-03-15 14:18:53.630 [info] fatal: not a git repository (or any of the parent directories): .git
2025-03-15 14:18:54.733 [info] > git rev-parse --show-toplevel [35ms]
2025-03-15 14:18:54.733 [info] fatal: not a git repository (or any of the parent directories): .git
2025-03-15 14:19:02.653 [info] [main] Log level: Info
2025-03-15 14:19:02.653 [info] [main] Validating found git in: "C:\Program Files\Git\cmd\git.exe"
2025-03-15 14:19:02.677 [info] [main] Using git "2.48.1.windows.1" from "C:\Program Files\Git\cmd\git.exe"
2025-03-15 14:19:02.677 [info] [Model][doInitialScan] Initial repository scan started
2025-03-15 14:19:02.835 [info] > git rev-parse --show-toplevel [49ms]
2025-03-15 14:19:02.875 [info] > git rev-parse --git-dir --git-common-dir [35ms]
2025-03-15 14:19:02.882 [info] [Model][openRepository] Opened repository: c:\Users\Charl\Desktop\Getya
2025-03-15 14:19:02.885 [info] [Model][doInitialScan] Initial repository scan completed - repositories (1), closed repositories (0), parent repositories (0), unsafe repositories (0)
2025-03-15 14:19:02.929 [info] > git config --get commit.template [38ms]
2025-03-15 14:19:02.962 [info] > git for-each-ref --format=%(refname)%00%(upstream:short)%00%(objectname)%00%(upstream:track)%00%(upstream:remotename)%00%(upstream:remoteref) --ignore-case refs/heads/master refs/remotes/master [37ms]
2025-03-15 14:19:02.962 [warning] [Git][getBranch] No such branch: master
2025-03-15 14:19:03.005 [info] > git status -z -uall [39ms]
2025-03-15 14:19:03.008 [info] > git for-each-ref --sort -committerdate --format %(refname) %(objectname) %(*objectname) [38ms]
2025-03-15 14:19:03.054 [info] > git for-each-ref --format=%(refname)%00%(upstream:short)%00%(objectname)%00%(upstream:track)%00%(upstream:remotename)%00%(upstream:remoteref) --ignore-case refs/heads/master refs/remotes/master [41ms]
2025-03-15 14:19:03.054 [warning] [Git][getBranch] No such branch: master
2025-03-15 14:19:03.054 [error] [GitHistoryProvider][resolveHEADMergeBase] Failed to resolve merge base for master: Error: No such branch: master.
2025-03-15 14:19:03.060 [info] > git config --get commit.template [42ms]
2025-03-15 14:19:03.064 [info] > git for-each-ref --format=%(refname)%00%(upstream:short)%00%(objectname)%00%(upstream:track)%00%(upstream:remotename)%00%(upstream:remoteref) --ignore-case refs/heads/master refs/remotes/master [42ms]
2025-03-15 14:19:03.064 [warning] [Git][getBranch] No such branch: master
2025-03-15 14:19:03.108 [info] > git status -z -uall [41ms]
2025-03-15 14:19:03.109 [info] > git for-each-ref --sort -committerdate --format %(refname) %(objectname) %(*objectname) [39ms]
