2025-03-17 22:24:56.794 [info] Reading sessions from keychain...
2025-03-17 22:24:56.794 [info] Getting sessions for all scopes...
2025-03-17 22:24:56.794 [info] Getting sessions for all scopes...
2025-03-17 22:24:56.794 [info] Getting sessions for all scopes...
2025-03-17 22:24:56.794 [info] Getting sessions for all scopes...
2025-03-17 22:24:56.794 [info] Getting sessions for all scopes...
2025-03-17 22:24:56.794 [info] Getting sessions for all scopes...
2025-03-17 22:24:56.794 [info] Getting sessions for all scopes...
2025-03-17 22:24:56.794 [info] Getting sessions for all scopes...
2025-03-17 22:24:56.865 [info] Got 0 sessions for ...
2025-03-17 22:24:56.865 [info] Got 0 sessions for ...
2025-03-17 22:24:56.865 [info] Got 0 sessions for ...
2025-03-17 22:24:56.865 [info] Got 0 sessions for ...
2025-03-17 22:24:56.865 [info] Got 0 sessions for ...
2025-03-17 22:24:56.865 [info] Got 0 sessions for ...
2025-03-17 22:24:56.865 [info] Got 0 sessions for ...
2025-03-17 22:24:56.865 [info] Got 0 sessions for ...
2025-03-17 22:24:57.731 [info] Getting sessions for all scopes...
2025-03-17 22:24:57.731 [info] Got 0 sessions for ...
2025-03-17 22:24:58.038 [info] Getting sessions for read:user,repo,user:email,workflow...
2025-03-17 22:24:58.038 [info] Got 0 sessions for read:user,repo,user:email,workflow...
2025-03-18 00:39:13.466 [info] Getting sessions for all scopes...
2025-03-18 00:39:13.466 [info] Got 0 sessions for ...
2025-03-18 00:39:13.467 [info] Getting sessions for all scopes...
2025-03-18 00:39:13.467 [info] Got 0 sessions for ...
2025-03-18 00:39:13.467 [info] Getting sessions for read:user,repo,user:email,workflow...
2025-03-18 00:39:13.467 [info] Got 0 sessions for read:user,repo,user:email,workflow...
2025-03-18 00:39:13.497 [info] Getting sessions for user:email...
2025-03-18 00:39:13.497 [info] Got 0 sessions for user:email...
2025-03-18 00:39:13.497 [info] Getting sessions for read:user,repo,user:email,workflow...
2025-03-18 00:39:13.497 [info] Got 0 sessions for read:user,repo,user:email,workflow...
2025-03-18 00:39:13.497 [info] Getting sessions for read:user...
2025-03-18 00:39:13.497 [info] Got 0 sessions for read:user...
2025-03-18 00:39:13.499 [info] Getting sessions for all scopes...
2025-03-18 00:39:13.499 [info] Got 0 sessions for ...
2025-03-18 00:39:13.499 [info] Getting sessions for user:email...
2025-03-18 00:39:13.499 [info] Got 0 sessions for user:email...
2025-03-18 00:39:13.634 [info] Getting sessions for user:email...
2025-03-18 00:39:13.634 [info] Got 0 sessions for user:email...
2025-03-18 00:39:13.635 [info] Getting sessions for all scopes...
2025-03-18 00:39:13.635 [info] Got 0 sessions for ...
2025-03-18 00:39:13.636 [info] Getting sessions for user:email...
2025-03-18 00:39:13.636 [info] Got 0 sessions for user:email...
2025-03-18 00:39:13.721 [info] Getting sessions for all scopes...
2025-03-18 00:39:13.721 [info] Got 0 sessions for ...
2025-03-18 00:39:13.722 [info] Getting sessions for user:email...
2025-03-18 00:39:13.722 [info] Got 0 sessions for user:email...
2025-03-18 00:39:13.724 [info] Getting sessions for all scopes...
2025-03-18 00:39:13.724 [info] Got 0 sessions for ...
2025-03-18 00:39:13.725 [info] Getting sessions for user:email...
2025-03-18 00:39:13.725 [info] Got 0 sessions for user:email...
2025-03-18 00:39:20.271 [info] Getting sessions for read:user,repo,user:email...
2025-03-18 00:39:20.271 [info] Got 0 sessions for read:user,repo,user:email...
2025-03-18 00:39:20.284 [info] Getting sessions for project,read:org,read:user,repo,user:email,workflow...
2025-03-18 00:39:20.284 [info] Got 0 sessions for project,read:org,read:user,repo,user:email,workflow...
2025-03-18 00:39:20.301 [info] Getting sessions for read:user,repo,user:email,workflow...
2025-03-18 00:39:20.301 [info] Got 0 sessions for read:user,repo,user:email,workflow...
2025-03-18 00:39:20.313 [info] Getting sessions for read:user,repo,user:email...
2025-03-18 00:39:20.313 [info] Got 0 sessions for read:user,repo,user:email...
2025-03-18 00:39:20.349 [info] Getting sessions for read:user,repo,user:email,workflow...
2025-03-18 00:39:20.349 [info] Got 0 sessions for read:user,repo,user:email,workflow...
2025-03-18 00:39:20.349 [info] Getting sessions for read:user,repo,user:email...
2025-03-18 00:39:20.349 [info] Got 0 sessions for read:user,repo,user:email...
