2025-03-15 14:19:14.544 [info] [main] Log level: Info
2025-03-15 14:19:14.544 [info] [main] Validating found git in: "C:\Program Files\Git\cmd\git.exe"
2025-03-15 14:19:14.544 [info] [main] Using git "2.48.1.windows.1" from "C:\Program Files\Git\cmd\git.exe"
2025-03-15 14:19:14.544 [info] [Model][doInitialScan] Initial repository scan started
2025-03-15 14:19:14.688 [info] > git rev-parse --show-toplevel [148ms]
2025-03-15 14:19:14.780 [info] > git rev-parse --git-dir --git-common-dir [37ms]
2025-03-15 14:19:14.788 [info] [Model][openRepository] Opened repository: c:\Users\Charl\GitHub\getyaP
2025-03-15 14:19:14.792 [info] [Model][doInitialScan] Initial repository scan completed - repositories (1), closed repositories (0), parent repositories (0), unsafe repositories (0)
2025-03-15 14:19:14.804 [info] [Git][getRemotes] No remotes found in the git config file
2025-03-15 14:19:14.836 [info] > git config --get commit.template [38ms]
2025-03-15 14:19:14.842 [info] > git for-each-ref --format=%(refname)%00%(upstream:short)%00%(objectname)%00%(upstream:track)%00%(upstream:remotename)%00%(upstream:remoteref) --ignore-case refs/heads/main refs/remotes/main [38ms]
2025-03-15 14:19:14.885 [info] > git status -z -uall [39ms]
2025-03-15 14:19:14.886 [info] > git for-each-ref --sort -committerdate --format %(refname) %(objectname) %(*objectname) [36ms]
2025-03-15 14:19:14.900 [info] [Git][getRemotes] No remotes found in the git config file
2025-03-15 14:19:14.933 [info] > git for-each-ref --format=%(refname)%00%(upstream:short)%00%(objectname)%00%(upstream:track)%00%(upstream:remotename)%00%(upstream:remoteref) --ignore-case refs/heads/main refs/remotes/main [43ms]
2025-03-15 14:19:14.941 [info] > git config --get commit.template [44ms]
2025-03-15 14:19:14.949 [info] > git for-each-ref --format=%(refname)%00%(upstream:short)%00%(objectname)%00%(upstream:track)%00%(upstream:remotename)%00%(upstream:remoteref) --ignore-case refs/heads/main refs/remotes/main [49ms]
2025-03-15 14:19:15.004 [info] > git config --get --local branch.main.vscode-merge-base [66ms]
2025-03-15 14:19:15.004 [warning] [Git][config] git config failed: Failed to execute git
2025-03-15 14:19:15.021 [info] > git for-each-ref --sort -committerdate --format %(refname) %(objectname) %(*objectname) [62ms]
2025-03-15 14:19:15.024 [info] > git status -z -uall [69ms]
2025-03-15 14:19:15.058 [info] > git reflog main --grep-reflog=branch: Created from *. [49ms]
2025-03-15 14:19:15.072 [info] > git for-each-ref --format=%(refname)%00%(upstream:short)%00%(objectname)%00%(upstream:track)%00%(upstream:remotename)%00%(upstream:remoteref) --ignore-case refs/heads/main refs/remotes/main [43ms]
2025-03-15 14:19:15.123 [info] > git config --get --local branch.main.vscode-merge-base [47ms]
2025-03-15 14:19:15.123 [warning] [Git][config] git config failed: Failed to execute git
2025-03-15 14:19:15.150 [info] > git ls-files --stage -- .gitattributes [47ms]
2025-03-15 14:19:15.155 [info] > git show --textconv :.gitattributes [56ms]
2025-03-15 14:19:15.173 [info] > git reflog main --grep-reflog=branch: Created from *. [47ms]
2025-03-15 14:19:15.196 [info] > git cat-file -s dfe0770424b2a19faf507a501ebfc23be8f54e7b [41ms]
2025-03-15 14:19:15.355 [info] > git check-ignore -v -z --stdin [40ms]
2025-03-15 14:19:16.176 [info] > git blame --root --incremental c492e925e7e89161e5dd10ac3f1c4825d2f575bc -- .gitattributes [37ms]
2025-03-15 14:20:00.849 [info] > git show --textconv :index.html [42ms]
2025-03-15 14:20:00.854 [info] > git ls-files --stage -- index.html [42ms]
2025-03-15 14:20:00.892 [info] > git hash-object -t tree /dev/null [39ms]
2025-03-15 14:20:00.893 [warning] [GitFileSystemProvider][readFile] File not found - git:/c%3A/Users/Charl/GitHub/getyaP/index.html.git?%7B%22path%22%3A%22c%3A%5C%5CUsers%5C%5CCharl%5C%5CGitHub%5C%5CgetyaP%5C%5Cindex.html%22%2C%22ref%22%3A%22%22%7D
2025-03-15 14:20:00.896 [info] > git hash-object -t tree /dev/null [39ms]
2025-03-15 14:20:00.896 [warning] [GitFileSystemProvider][stat] File not found - git:/c%3A/Users/Charl/GitHub/getyaP/index.html.git?%7B%22path%22%3A%22c%3A%5C%5CUsers%5C%5CCharl%5C%5CGitHub%5C%5CgetyaP%5C%5Cindex.html%22%2C%22ref%22%3A%22%22%7D
2025-03-15 14:20:01.130 [info] > git check-ignore -v -z --stdin [40ms]
2025-03-15 14:20:01.761 [info] [Git][getRemotes] No remotes found in the git config file
2025-03-15 14:20:01.821 [info] > git config --get commit.template [75ms]
2025-03-15 14:20:01.825 [info] > git for-each-ref --format=%(refname)%00%(upstream:short)%00%(objectname)%00%(upstream:track)%00%(upstream:remotename)%00%(upstream:remoteref) --ignore-case refs/heads/main refs/remotes/main [65ms]
2025-03-15 14:20:01.866 [info] > git for-each-ref --sort -committerdate --format %(refname) %(objectname) %(*objectname) [36ms]
2025-03-15 14:20:01.867 [info] > git status -z -uall [40ms]
2025-03-15 14:20:25.167 [info] [Git][getRemotes] No remotes found in the git config file
2025-03-15 14:20:25.234 [info] > git config --get commit.template [82ms]
2025-03-15 14:20:25.237 [info] > git for-each-ref --format=%(refname)%00%(upstream:short)%00%(objectname)%00%(upstream:track)%00%(upstream:remotename)%00%(upstream:remoteref) --ignore-case refs/heads/main refs/remotes/main [71ms]
2025-03-15 14:20:25.278 [info] > git for-each-ref --sort -committerdate --format %(refname) %(objectname) %(*objectname) [36ms]
2025-03-15 14:20:25.278 [info] > git status -z -uall [38ms]
2025-03-15 14:20:42.672 [info] [Git][getRemotes] No remotes found in the git config file
2025-03-15 14:20:42.710 [info] > git config --get commit.template [41ms]
2025-03-15 14:20:42.713 [info] > git for-each-ref --format=%(refname)%00%(upstream:short)%00%(objectname)%00%(upstream:track)%00%(upstream:remotename)%00%(upstream:remoteref) --ignore-case refs/heads/main refs/remotes/main [41ms]
2025-03-15 14:20:42.755 [info] > git status -z -uall [39ms]
2025-03-15 14:20:42.756 [info] > git for-each-ref --sort -committerdate --format %(refname) %(objectname) %(*objectname) [37ms]
2025-03-15 14:21:44.948 [info] [Git][getRemotes] No remotes found in the git config file
2025-03-15 14:21:44.987 [info] > git config --get commit.template [46ms]
2025-03-15 14:21:44.990 [info] > git for-each-ref --format=%(refname)%00%(upstream:short)%00%(objectname)%00%(upstream:track)%00%(upstream:remotename)%00%(upstream:remoteref) --ignore-case refs/heads/main refs/remotes/main [42ms]
2025-03-15 14:21:45.032 [info] > git for-each-ref --sort -committerdate --format %(refname) %(objectname) %(*objectname) [36ms]
2025-03-15 14:21:45.033 [info] > git status -z -uall [41ms]
2025-03-15 14:21:45.466 [info] > git show --textconv :index.html [84ms]
2025-03-15 14:21:45.472 [info] > git ls-files --stage -- index.html [60ms]
2025-03-15 14:21:45.476 [info] > git show --textconv HEAD:index.html [79ms]
2025-03-15 14:21:45.476 [warning] [GitFileSystemProvider][readFile] File not found - git:/c%3A/Users/Charl/GitHub/getyaP/index.html.git?%7B%22path%22%3A%22c%3A%5C%5CUsers%5C%5CCharl%5C%5CGitHub%5C%5CgetyaP%5C%5Cindex.html%22%2C%22ref%22%3A%22HEAD%22%7D
2025-03-15 14:21:45.477 [info] > git ls-tree -l HEAD -- index.html [53ms]
2025-03-15 14:21:45.477 [warning] [GitFileSystemProvider][stat] File not found - git:/c%3A/Users/Charl/GitHub/getyaP/index.html.git?%7B%22path%22%3A%22c%3A%5C%5CUsers%5C%5CCharl%5C%5CGitHub%5C%5CgetyaP%5C%5Cindex.html%22%2C%22ref%22%3A%22HEAD%22%7D
2025-03-15 14:21:45.510 [info] > git cat-file -s e69de29bb2d1d6434b8b29ae775ad8c2e48c5391 [34ms]
2025-03-15 14:23:24.032 [info] [Git][getRemotes] No remotes found in the git config file
2025-03-15 14:23:24.090 [info] > git config --get commit.template [72ms]
2025-03-15 14:23:24.092 [info] > git for-each-ref --format=%(refname)%00%(upstream:short)%00%(objectname)%00%(upstream:track)%00%(upstream:remotename)%00%(upstream:remoteref) --ignore-case refs/heads/main refs/remotes/main [61ms]
2025-03-15 14:23:24.138 [info] > git status -z -uall [43ms]
2025-03-15 14:23:24.140 [info] > git for-each-ref --sort -committerdate --format %(refname) %(objectname) %(*objectname) [42ms]
2025-03-15 14:23:24.144 [info] > git ls-files --stage -- index.html [41ms]
2025-03-15 14:23:24.188 [info] > git cat-file -s e69de29bb2d1d6434b8b29ae775ad8c2e48c5391 [42ms]
2025-03-15 14:23:24.226 [info] > git show --textconv :index.html [35ms]
