2025-03-17 22:24:57.320 [info] [main] Log level: Info
2025-03-17 22:24:57.320 [info] [main] Validating found git in: "C:\Program Files\Git\cmd\git.exe"
2025-03-17 22:24:57.320 [info] [main] Using git "2.48.1.windows.1" from "C:\Program Files\Git\cmd\git.exe"
2025-03-17 22:24:57.320 [info] [Model][doInitialScan] Initial repository scan started
2025-03-17 22:24:57.604 [info] > git rev-parse --show-toplevel [287ms]
2025-03-17 22:24:57.851 [info] > git rev-parse --git-dir --git-common-dir [116ms]
2025-03-17 22:24:57.862 [info] [Model][openRepository] Opened repository: c:\Users\Charl\Desktop\getya proyecto
2025-03-17 22:24:57.926 [info] > git config --get commit.template [57ms]
2025-03-17 22:24:57.932 [info] > git rev-parse --show-toplevel [58ms]
2025-03-17 22:24:57.934 [info] [Model][doInitialScan] Initial repository scan completed - repositories (1), closed repositories (0), parent repositories (0), unsafe repositories (0)
2025-03-17 22:24:57.947 [info] > git for-each-ref --format=%(refname)%00%(upstream:short)%00%(objectname)%00%(upstream:track)%00%(upstream:remotename)%00%(upstream:remoteref) --ignore-case refs/heads/main refs/remotes/main [57ms]
2025-03-17 22:24:58.010 [info] > git for-each-ref --sort -committerdate --format %(refname) %(objectname) %(*objectname) [46ms]
2025-03-17 22:24:58.017 [info] > git status -z -uall [57ms]
2025-03-17 22:24:58.075 [info] > git for-each-ref --format=%(refname)%00%(upstream:short)%00%(objectname)%00%(upstream:track)%00%(upstream:remotename)%00%(upstream:remoteref) --ignore-case refs/heads/main refs/remotes/main [50ms]
2025-03-17 22:24:58.080 [info] > git config --get commit.template [48ms]
2025-03-17 22:24:58.087 [info] > git for-each-ref --format=%(refname)%00%(upstream:short)%00%(objectname)%00%(upstream:track)%00%(upstream:remotename)%00%(upstream:remoteref) --ignore-case refs/heads/main refs/remotes/main [50ms]
2025-03-17 22:24:58.126 [info] > git config --get --local branch.main.vscode-merge-base [47ms]
2025-03-17 22:24:58.126 [warning] [Git][config] git config failed: Failed to execute git
2025-03-17 22:24:58.141 [info] > git status -z -uall [50ms]
2025-03-17 22:24:58.144 [info] > git for-each-ref --sort -committerdate --format %(refname) %(objectname) %(*objectname) [49ms]
2025-03-17 22:24:58.190 [info] > git reflog main --grep-reflog=branch: Created from *. [59ms]
2025-03-17 22:24:58.221 [info] > git for-each-ref --format=%(refname)%00%(upstream:short)%00%(objectname)%00%(upstream:track)%00%(upstream:remotename)%00%(upstream:remoteref) --ignore-case refs/heads/main refs/remotes/main [71ms]
2025-03-17 22:24:58.252 [info] > git ls-files --stage -- p.py [70ms]
2025-03-17 22:24:58.301 [info] > git show --textconv :p.py [125ms]
2025-03-17 22:24:58.306 [info] > git config --get --local branch.main.vscode-merge-base [81ms]
2025-03-17 22:24:58.306 [warning] [Git][config] git config failed: Failed to execute git
2025-03-17 22:24:58.310 [info] > git symbolic-ref --short refs/remotes/origin/HEAD [115ms]
2025-03-17 22:24:58.310 [info] fatal: ref refs/remotes/origin/HEAD is not a symbolic ref
2025-03-17 22:24:58.310 [warning] [Repository][getDefaultBranch] Failed to get default branch details: Failed to execute git.
2025-03-17 22:24:58.317 [info] > git hash-object -t tree /dev/null [60ms]
2025-03-17 22:24:58.317 [warning] [GitFileSystemProvider][stat] File not found - git:/c%3A/Users/Charl/Desktop/getya%20proyecto/p.py.git?%7B%22path%22%3A%22c%3A%5C%5CUsers%5C%5CCharl%5C%5CDesktop%5C%5Cgetya%20proyecto%5C%5Cp.py%22%2C%22ref%22%3A%22%22%7D
2025-03-17 22:24:58.353 [info] > git hash-object -t tree /dev/null [47ms]
2025-03-17 22:24:58.353 [warning] [GitFileSystemProvider][readFile] File not found - git:/c%3A/Users/Charl/Desktop/getya%20proyecto/p.py.git?%7B%22path%22%3A%22c%3A%5C%5CUsers%5C%5CCharl%5C%5CDesktop%5C%5Cgetya%20proyecto%5C%5Cp.py%22%2C%22ref%22%3A%22%22%7D
2025-03-17 22:24:58.366 [info] > git reflog main --grep-reflog=branch: Created from *. [56ms]
2025-03-17 22:24:58.370 [info] > git merge-base refs/heads/main refs/remotes/origin/main [55ms]
2025-03-17 22:24:58.451 [info] > git blame --root --incremental 46be3a2cec03e56b1486da9d5a63182ea435c2f6 -- p.py [88ms]
2025-03-17 22:24:58.451 [info] fatal: no such path p.py in 46be3a2cec03e56b1486da9d5a63182ea435c2f6
2025-03-17 22:24:58.458 [info] > git symbolic-ref --short refs/remotes/origin/HEAD [89ms]
2025-03-17 22:24:58.458 [info] fatal: ref refs/remotes/origin/HEAD is not a symbolic ref
2025-03-17 22:24:58.458 [warning] [Repository][getDefaultBranch] Failed to get default branch details: Failed to execute git.
2025-03-17 22:24:58.464 [info] > git diff --name-status -z --diff-filter=ADMR 46be3a2cec03e56b1486da9d5a63182ea435c2f6...refs/remotes/origin/main [88ms]
2025-03-17 22:24:58.473 [info] > git check-ignore -v -z --stdin [74ms]
2025-03-17 22:24:58.504 [info] > git merge-base refs/heads/main refs/remotes/origin/main [41ms]
2025-03-17 22:24:58.547 [info] > git diff --name-status -z --diff-filter=ADMR 46be3a2cec03e56b1486da9d5a63182ea435c2f6...refs/remotes/origin/main [40ms]
2025-03-18 00:33:55.394 [info] > git ls-files --stage -- index.html [57ms]
2025-03-18 00:33:55.399 [info] > git show --textconv :index.html [68ms]
2025-03-18 00:33:55.442 [info] > git cat-file -s e69de29bb2d1d6434b8b29ae775ad8c2e48c5391 [43ms]
2025-03-18 00:35:08.009 [info] > git show --textconv :css/estilos.css [51ms]
2025-03-18 00:35:08.015 [info] > git ls-files --stage -- css/estilos.css [53ms]
2025-03-18 00:35:08.069 [info] > git cat-file -s e69de29bb2d1d6434b8b29ae775ad8c2e48c5391 [50ms]
2025-03-18 00:35:24.970 [info] > git show --textconv :index.html [51ms]
2025-03-18 00:35:24.973 [info] > git ls-files --stage -- index.html [49ms]
2025-03-18 00:35:25.023 [info] > git cat-file -s e69de29bb2d1d6434b8b29ae775ad8c2e48c5391 [47ms]
2025-03-18 00:35:25.705 [info] > git ls-files --stage -- index.html [50ms]
2025-03-18 00:35:25.708 [info] > git show --textconv :index.html [69ms]
2025-03-18 00:35:25.747 [info] > git cat-file -s e69de29bb2d1d6434b8b29ae775ad8c2e48c5391 [39ms]
2025-03-18 00:35:51.024 [info] > git show --textconv :css/estilos.css [47ms]
2025-03-18 00:35:51.025 [info] > git ls-files --stage -- css/estilos.css [45ms]
2025-03-18 00:35:51.071 [info] > git cat-file -s e69de29bb2d1d6434b8b29ae775ad8c2e48c5391 [42ms]
2025-03-18 00:35:54.445 [info] > git blame --root --incremental 46be3a2cec03e56b1486da9d5a63182ea435c2f6 -- css/estilos.css [41ms]
2025-03-18 00:36:03.509 [info] > git show --textconv :p.py [42ms]
2025-03-18 00:36:03.509 [warning] [GitFileSystemProvider][readFile] File not found - git:/c%3A/Users/Charl/Desktop/getya%20proyecto/p.py.git?%7B%22path%22%3A%22c%3A%5C%5CUsers%5C%5CCharl%5C%5CDesktop%5C%5Cgetya%20proyecto%5C%5Cp.py%22%2C%22ref%22%3A%22%22%7D
2025-03-18 00:36:03.511 [info] > git ls-files --stage -- p.py [41ms]
2025-03-18 00:36:03.511 [warning] [GitFileSystemProvider][stat] File not found - git:/c%3A/Users/Charl/Desktop/getya%20proyecto/p.py.git?%7B%22path%22%3A%22c%3A%5C%5CUsers%5C%5CCharl%5C%5CDesktop%5C%5Cgetya%20proyecto%5C%5Cp.py%22%2C%22ref%22%3A%22%22%7D
2025-03-18 00:36:04.361 [info] > git config --get commit.template [43ms]
2025-03-18 00:36:04.367 [info] > git for-each-ref --format=%(refname)%00%(upstream:short)%00%(objectname)%00%(upstream:track)%00%(upstream:remotename)%00%(upstream:remoteref) --ignore-case refs/heads/main refs/remotes/main [44ms]
2025-03-18 00:36:04.414 [info] > git status -z -uall [44ms]
2025-03-18 00:36:04.415 [info] > git for-each-ref --sort -committerdate --format %(refname) %(objectname) %(*objectname) [41ms]
2025-03-18 00:38:48.077 [info] > git ls-files --stage -- css/estilos.css [41ms]
2025-03-18 00:38:48.080 [info] > git show --textconv :css/estilos.css [48ms]
2025-03-18 00:38:48.118 [info] > git cat-file -s e69de29bb2d1d6434b8b29ae775ad8c2e48c5391 [38ms]
2025-03-18 00:39:20.480 [info] > git config --get --local branch.main.github-pr-owner-number [66ms]
2025-03-18 00:39:20.480 [warning] [Git][config] git config failed: Failed to execute git
