2025-03-17 22:24:57.008 [info] Experiment 'pythonRecommendTensorboardExt' is active
2025-03-17 22:24:57.008 [info] Experiment 'pythonSurveyNotificationcf' is active
2025-03-17 22:24:57.008 [info] Experiment 'pythonTerminalEnvVarActivation' is active
2025-03-17 22:24:57.008 [info] Experiment 'pythonTestAdapter' is active
2025-03-17 22:24:57.008 [info] Native locator: Refresh started
2025-03-17 22:24:57.009 [info] > pyenv which python
2025-03-17 22:24:57.009 [info] cwd: ~\Desktop\getya proyecto
2025-03-17 22:24:57.773 [info] Python interpreter path: ~\AppData\Local\Programs\Python\Python313\python.exe
2025-03-17 22:24:57.895 [info] Native locator: Refresh finished in 1664 ms
2025-03-17 22:24:58.607 [info] Starting Pylance language server.
2025-03-18 00:34:47.923 [info] Discover tests for workspace name: undefined - uri: c:\Users\Charl\AppData\Roaming\Code\User\settings.json
2025-03-18 00:35:37.664 [info] Discover tests for workspace name: undefined - uri: c:\Users\Charl\AppData\Roaming\Code\User\settings.json
2025-03-18 00:35:40.919 [info] Discover tests for workspace name: undefined - uri: c:\Users\Charl\AppData\Roaming\Code\User\settings.json
2025-03-18 00:35:42.834 [info] Discover tests for workspace name: undefined - uri: c:\Users\Charl\AppData\Roaming\Code\User\settings.json
2025-03-18 00:35:45.841 [info] Discover tests for workspace name: undefined - uri: c:\Users\Charl\AppData\Roaming\Code\User\settings.json
2025-03-18 00:38:41.873 [info] Discover tests for workspace name: undefined - uri: c:\Users\Charl\AppData\Roaming\Code\User\settings.json
2025-03-18 00:38:45.433 [info] Discover tests for workspace name: undefined - uri: c:\Users\Charl\AppData\Roaming\Code\User\settings.json
2025-03-18 00:38:56.343 [info] Discover tests for workspace name: undefined - uri: c:\Users\Charl\AppData\Roaming\Code\User\settings.json
2025-03-18 00:39:32.367 [info] Discover tests for workspace name: getya proyecto - uri: c:\Users\Charl\Desktop\getya proyecto
2025-03-18 00:40:52.246 [info] Discover tests for workspace name: undefined - uri: c:\Users\Charl\AppData\Roaming\Code\User\settings.json
