2025-03-16 12:58:37.368 [info] [main] Log level: Info
2025-03-16 12:58:37.369 [info] [main] Validating found git in: "C:\Program Files\Git\cmd\git.exe"
2025-03-16 12:58:37.392 [info] [main] Using git "2.48.1.windows.1" from "C:\Program Files\Git\cmd\git.exe"
2025-03-16 12:58:37.392 [info] [Model][doInitialScan] Initial repository scan started
2025-03-16 12:58:37.510 [info] > git rev-parse --show-toplevel [106ms]
2025-03-16 12:58:37.608 [info] > git rev-parse --git-dir --git-common-dir [38ms]
2025-03-16 12:58:37.618 [info] [Model][openRepository] Opened repository: c:\Users\Charl\Desktop\getya proyecto
2025-03-16 12:58:37.621 [info] [Model][doInitialScan] Initial repository scan completed - repositories (1), closed repositories (0), parent repositories (0), unsafe repositories (0)
2025-03-16 12:58:37.673 [info] > git config --get commit.template [45ms]
2025-03-16 12:58:37.678 [info] > git for-each-ref --format=%(refname)%00%(upstream:short)%00%(objectname)%00%(upstream:track)%00%(upstream:remotename)%00%(upstream:remoteref) --ignore-case refs/heads/main refs/remotes/main [45ms]
2025-03-16 12:58:37.734 [info] > git status -z -uall [51ms]
2025-03-16 12:58:37.737 [info] > git for-each-ref --sort -committerdate --format %(refname) %(objectname) %(*objectname) [48ms]
2025-03-16 12:58:37.794 [info] > git for-each-ref --format=%(refname)%00%(upstream:short)%00%(objectname)%00%(upstream:track)%00%(upstream:remotename)%00%(upstream:remoteref) --ignore-case refs/heads/main refs/remotes/main [49ms]
2025-03-16 12:58:37.799 [info] > git config --get commit.template [47ms]
2025-03-16 12:58:37.803 [info] > git for-each-ref --format=%(refname)%00%(upstream:short)%00%(objectname)%00%(upstream:track)%00%(upstream:remotename)%00%(upstream:remoteref) --ignore-case refs/heads/main refs/remotes/main [47ms]
2025-03-16 12:58:37.839 [info] > git config --get --local branch.main.vscode-merge-base [41ms]
2025-03-16 12:58:37.839 [warning] [Git][config] git config failed: Failed to execute git
2025-03-16 12:58:37.852 [info] > git status -z -uall [45ms]
2025-03-16 12:58:37.855 [info] > git for-each-ref --sort -committerdate --format %(refname) %(objectname) %(*objectname) [45ms]
2025-03-16 12:58:37.886 [info] > git reflog main --grep-reflog=branch: Created from *. [43ms]
2025-03-16 12:58:37.902 [info] > git for-each-ref --format=%(refname)%00%(upstream:short)%00%(objectname)%00%(upstream:track)%00%(upstream:remotename)%00%(upstream:remoteref) --ignore-case refs/heads/main refs/remotes/main [42ms]
2025-03-16 12:58:37.933 [info] > git symbolic-ref --short refs/remotes/origin/HEAD [44ms]
2025-03-16 12:58:37.933 [info] fatal: ref refs/remotes/origin/HEAD is not a symbolic ref
2025-03-16 12:58:37.933 [warning] [Repository][getDefaultBranch] Failed to get default branch details: Failed to execute git.
2025-03-16 12:58:37.952 [info] > git config --get --local branch.main.vscode-merge-base [46ms]
2025-03-16 12:58:37.952 [warning] [Git][config] git config failed: Failed to execute git
2025-03-16 12:58:37.967 [info] > git show --textconv :css/estilos.css [46ms]
2025-03-16 12:58:37.971 [info] > git ls-files --stage -- css/estilos.css [45ms]
2025-03-16 12:58:37.982 [info] > git merge-base refs/heads/main refs/remotes/origin/main [44ms]
2025-03-16 12:58:38.000 [info] > git reflog main --grep-reflog=branch: Created from *. [44ms]
2025-03-16 12:58:38.015 [info] > git cat-file -s e69de29bb2d1d6434b8b29ae775ad8c2e48c5391 [40ms]
2025-03-16 12:58:38.026 [info] > git diff --name-status -z --diff-filter=ADMR 46be3a2cec03e56b1486da9d5a63182ea435c2f6...refs/remotes/origin/main [40ms]
2025-03-16 12:58:38.041 [info] > git symbolic-ref --short refs/remotes/origin/HEAD [38ms]
2025-03-16 12:58:38.041 [info] fatal: ref refs/remotes/origin/HEAD is not a symbolic ref
2025-03-16 12:58:38.041 [warning] [Repository][getDefaultBranch] Failed to get default branch details: Failed to execute git.
2025-03-16 12:58:38.191 [info] > git check-ignore -v -z --stdin [40ms]
2025-03-16 12:58:45.250 [info] [main] Log level: Info
2025-03-16 12:58:45.250 [info] [main] Validating found git in: "C:\Program Files\Git\cmd\git.exe"
2025-03-16 12:58:45.276 [info] [main] Using git "2.48.1.windows.1" from "C:\Program Files\Git\cmd\git.exe"
2025-03-16 12:58:45.276 [info] [Model][doInitialScan] Initial repository scan started
2025-03-16 12:58:45.485 [info] > git rev-parse --show-toplevel [191ms]
2025-03-16 12:58:45.631 [info] > git rev-parse --git-dir --git-common-dir [63ms]
2025-03-16 12:58:45.643 [info] [Model][openRepository] Opened repository: c:\Users\Charl\Desktop\getya proyecto
2025-03-16 12:58:45.716 [info] > git config --get commit.template [66ms]
2025-03-16 12:58:45.719 [info] > git rev-parse --show-toplevel [66ms]
2025-03-16 12:58:45.722 [info] [Model][doInitialScan] Initial repository scan completed - repositories (1), closed repositories (0), parent repositories (0), unsafe repositories (0)
2025-03-16 12:58:45.733 [info] > git for-each-ref --format=%(refname)%00%(upstream:short)%00%(objectname)%00%(upstream:track)%00%(upstream:remotename)%00%(upstream:remoteref) --ignore-case refs/heads/main refs/remotes/main [69ms]
2025-03-16 12:58:45.780 [info] > git rev-parse --show-toplevel [53ms]
2025-03-16 12:58:45.796 [info] > git status -z -uall [56ms]
2025-03-16 12:58:45.801 [info] > git for-each-ref --sort -committerdate --format %(refname) %(objectname) %(*objectname) [56ms]
2025-03-16 12:58:45.879 [info] > git for-each-ref --format=%(refname)%00%(upstream:short)%00%(objectname)%00%(upstream:track)%00%(upstream:remotename)%00%(upstream:remoteref) --ignore-case refs/heads/main refs/remotes/main [66ms]
2025-03-16 12:58:45.885 [info] > git config --get commit.template [64ms]
2025-03-16 12:58:45.891 [info] > git for-each-ref --format=%(refname)%00%(upstream:short)%00%(objectname)%00%(upstream:track)%00%(upstream:remotename)%00%(upstream:remoteref) --ignore-case refs/heads/main refs/remotes/main [64ms]
2025-03-16 12:58:45.932 [info] > git config --get --local branch.main.vscode-merge-base [48ms]
2025-03-16 12:58:45.932 [warning] [Git][config] git config failed: Failed to execute git
2025-03-16 12:58:45.947 [info] > git status -z -uall [53ms]
2025-03-16 12:58:45.949 [info] > git for-each-ref --sort -committerdate --format %(refname) %(objectname) %(*objectname) [50ms]
2025-03-16 12:58:45.991 [info] > git reflog main --grep-reflog=branch: Created from *. [54ms]
2025-03-16 12:58:46.010 [info] > git for-each-ref --format=%(refname)%00%(upstream:short)%00%(objectname)%00%(upstream:track)%00%(upstream:remotename)%00%(upstream:remoteref) --ignore-case refs/heads/main refs/remotes/main [55ms]
2025-03-16 12:58:46.017 [info] > git show --textconv :css/estilos.css [55ms]
2025-03-16 12:58:46.019 [info] > git ls-files --stage -- css/estilos.css [52ms]
2025-03-16 12:58:46.044 [info] > git symbolic-ref --short refs/remotes/origin/HEAD [49ms]
2025-03-16 12:58:46.044 [info] fatal: ref refs/remotes/origin/HEAD is not a symbolic ref
2025-03-16 12:58:46.044 [warning] [Repository][getDefaultBranch] Failed to get default branch details: Failed to execute git.
2025-03-16 12:58:46.060 [info] > git config --get --local branch.main.vscode-merge-base [46ms]
2025-03-16 12:58:46.060 [warning] [Git][config] git config failed: Failed to execute git
2025-03-16 12:58:46.073 [info] > git cat-file -s e69de29bb2d1d6434b8b29ae775ad8c2e48c5391 [48ms]
2025-03-16 12:58:46.101 [info] > git merge-base refs/heads/main refs/remotes/origin/main [54ms]
2025-03-16 12:58:46.126 [info] > git reflog main --grep-reflog=branch: Created from *. [61ms]
2025-03-16 12:58:46.163 [info] > git diff --name-status -z --diff-filter=ADMR 46be3a2cec03e56b1486da9d5a63182ea435c2f6...refs/remotes/origin/main [56ms]
2025-03-16 12:58:46.179 [info] > git symbolic-ref --short refs/remotes/origin/HEAD [49ms]
2025-03-16 12:58:46.179 [info] fatal: ref refs/remotes/origin/HEAD is not a symbolic ref
2025-03-16 12:58:46.179 [warning] [Repository][getDefaultBranch] Failed to get default branch details: Failed to execute git.
2025-03-16 12:58:46.238 [info] > git check-ignore -v -z --stdin [45ms]
2025-03-16 12:59:02.848 [info] > git show --textconv :index.html [48ms]
2025-03-16 12:59:02.850 [info] > git ls-files --stage -- index.html [45ms]
2025-03-16 12:59:02.895 [info] > git cat-file -s e69de29bb2d1d6434b8b29ae775ad8c2e48c5391 [42ms]
2025-03-16 12:59:05.590 [info] > git show --textconv :index.html [43ms]
2025-03-16 12:59:05.593 [info] > git ls-files --stage -- index.html [44ms]
2025-03-16 12:59:05.640 [info] > git cat-file -s e69de29bb2d1d6434b8b29ae775ad8c2e48c5391 [43ms]
2025-03-16 12:59:12.449 [info] > git show --textconv :css/estilos.css [47ms]
2025-03-16 12:59:12.450 [info] > git ls-files --stage -- css/estilos.css [44ms]
2025-03-16 12:59:12.494 [info] > git cat-file -s e69de29bb2d1d6434b8b29ae775ad8c2e48c5391 [41ms]
2025-03-16 12:59:14.629 [info] > git ls-files --stage -- index.html [43ms]
2025-03-16 12:59:14.632 [info] > git show --textconv :index.html [51ms]
2025-03-16 12:59:14.678 [info] > git cat-file -s e69de29bb2d1d6434b8b29ae775ad8c2e48c5391 [46ms]
2025-03-16 12:59:18.913 [info] > git show --textconv :index.html [47ms]
2025-03-16 12:59:18.914 [info] > git ls-files --stage -- index.html [45ms]
2025-03-16 12:59:18.958 [info] > git cat-file -s e69de29bb2d1d6434b8b29ae775ad8c2e48c5391 [41ms]
2025-03-16 13:03:09.231 [info] > git log --format=%H%n%aN%n%aE%n%at%n%ct%n%P%n%D%n%B -z --shortstat --diff-merges=first-parent -n50 --skip=0 --topo-order --decorate=full --stdin [46ms]
2025-03-16 13:06:21.356 [info] > git check-ignore -v -z --stdin [100ms]
2025-03-16 13:06:21.358 [info] > git show --textconv :hola.py [63ms]
2025-03-16 13:06:21.368 [info] > git ls-files --stage -- hola.py [67ms]
2025-03-16 13:06:21.835 [info] > git hash-object -t tree /dev/null [462ms]
2025-03-16 13:06:21.835 [warning] [GitFileSystemProvider][stat] File not found - git:/c%3A/Users/Charl/Desktop/getya%20proyecto/hola.py.git?%7B%22path%22%3A%22c%3A%5C%5CUsers%5C%5CCharl%5C%5CDesktop%5C%5Cgetya%20proyecto%5C%5Chola.py%22%2C%22ref%22%3A%22%22%7D
2025-03-16 13:06:21.836 [info] > git hash-object -t tree /dev/null [472ms]
2025-03-16 13:06:21.836 [warning] [GitFileSystemProvider][readFile] File not found - git:/c%3A/Users/Charl/Desktop/getya%20proyecto/hola.py.git?%7B%22path%22%3A%22c%3A%5C%5CUsers%5C%5CCharl%5C%5CDesktop%5C%5Cgetya%20proyecto%5C%5Chola.py%22%2C%22ref%22%3A%22%22%7D
2025-03-16 13:06:22.309 [info] > git config --get commit.template [48ms]
2025-03-16 13:06:22.315 [info] > git for-each-ref --format=%(refname)%00%(upstream:short)%00%(objectname)%00%(upstream:track)%00%(upstream:remotename)%00%(upstream:remoteref) --ignore-case refs/heads/main refs/remotes/main [50ms]
2025-03-16 13:06:22.365 [info] > git status -z -uall [46ms]
2025-03-16 13:06:22.366 [info] > git for-each-ref --sort -committerdate --format %(refname) %(objectname) %(*objectname) [44ms]
2025-03-16 13:06:33.611 [info] > git config --get commit.template [41ms]
2025-03-16 13:06:33.617 [info] > git for-each-ref --format=%(refname)%00%(upstream:short)%00%(objectname)%00%(upstream:track)%00%(upstream:remotename)%00%(upstream:remoteref) --ignore-case refs/heads/main refs/remotes/main [43ms]
2025-03-16 13:06:33.664 [info] > git status -z -uall [43ms]
2025-03-16 13:06:33.667 [info] > git for-each-ref --sort -committerdate --format %(refname) %(objectname) %(*objectname) [43ms]
2025-03-16 13:06:58.086 [info] > git ls-files --stage -- index.html [41ms]
2025-03-16 13:06:58.089 [info] > git show --textconv :index.html [48ms]
2025-03-16 13:06:58.127 [info] > git cat-file -s e69de29bb2d1d6434b8b29ae775ad8c2e48c5391 [38ms]
2025-03-16 13:07:56.980 [info] > git ls-files --stage -- index.html [40ms]
2025-03-16 13:07:56.984 [info] > git show --textconv :index.html [47ms]
2025-03-16 13:07:57.022 [info] > git cat-file -s e69de29bb2d1d6434b8b29ae775ad8c2e48c5391 [39ms]
2025-03-16 13:07:59.916 [info] > git blame --root --incremental 46be3a2cec03e56b1486da9d5a63182ea435c2f6 -- index.html [44ms]
2025-03-16 13:08:05.921 [info] > git show --textconv :index.html [42ms]
2025-03-16 13:08:05.922 [info] > git ls-files --stage -- index.html [40ms]
2025-03-16 13:08:05.961 [info] > git cat-file -s e69de29bb2d1d6434b8b29ae775ad8c2e48c5391 [36ms]
2025-03-16 13:08:10.646 [info] > git show --textconv :p.py [42ms]
2025-03-16 13:08:10.646 [warning] [GitFileSystemProvider][readFile] File not found - git:/c%3A/Users/Charl/Desktop/getya%20proyecto/p.py.git?%7B%22path%22%3A%22c%3A%5C%5CUsers%5C%5CCharl%5C%5CDesktop%5C%5Cgetya%20proyecto%5C%5Cp.py%22%2C%22ref%22%3A%22%22%7D
2025-03-16 13:08:10.650 [info] > git ls-files --stage -- p.py [41ms]
2025-03-16 13:08:10.651 [warning] [GitFileSystemProvider][stat] File not found - git:/c%3A/Users/Charl/Desktop/getya%20proyecto/p.py.git?%7B%22path%22%3A%22c%3A%5C%5CUsers%5C%5CCharl%5C%5CDesktop%5C%5Cgetya%20proyecto%5C%5Cp.py%22%2C%22ref%22%3A%22%22%7D
2025-03-16 13:08:10.920 [info] > git check-ignore -v -z --stdin [40ms]
2025-03-16 13:08:11.470 [info] > git config --get commit.template [35ms]
2025-03-16 13:08:11.475 [info] > git for-each-ref --format=%(refname)%00%(upstream:short)%00%(objectname)%00%(upstream:track)%00%(upstream:remotename)%00%(upstream:remoteref) --ignore-case refs/heads/main refs/remotes/main [37ms]
2025-03-16 13:08:11.516 [info] > git status -z -uall [38ms]
2025-03-16 13:08:11.517 [info] > git for-each-ref --sort -committerdate --format %(refname) %(objectname) %(*objectname) [36ms]
2025-03-16 13:08:34.488 [info] > git show --textconv :index.html [41ms]
2025-03-16 13:08:34.492 [info] > git ls-files --stage -- index.html [41ms]
2025-03-16 13:08:34.532 [info] > git cat-file -s e69de29bb2d1d6434b8b29ae775ad8c2e48c5391 [37ms]
2025-03-16 13:08:40.151 [info] > git config --get commit.template [54ms]
2025-03-16 13:08:40.155 [info] > git for-each-ref --format=%(refname)%00%(upstream:short)%00%(objectname)%00%(upstream:track)%00%(upstream:remotename)%00%(upstream:remoteref) --ignore-case refs/heads/main refs/remotes/main [43ms]
2025-03-16 13:08:40.200 [info] > git for-each-ref --sort -committerdate --format %(refname) %(objectname) %(*objectname) [38ms]
2025-03-16 13:08:40.201 [info] > git status -z -uall [42ms]
2025-03-16 13:10:01.686 [info] > git ls-files --stage -- index.html [42ms]
2025-03-16 13:10:01.690 [info] > git show --textconv :index.html [50ms]
2025-03-16 13:10:01.729 [info] > git cat-file -s e69de29bb2d1d6434b8b29ae775ad8c2e48c5391 [39ms]
2025-03-16 13:10:07.444 [info] > git show --textconv :index.html [40ms]
2025-03-16 13:10:07.446 [info] > git ls-files --stage -- index.html [38ms]
2025-03-16 13:10:07.486 [info] > git cat-file -s e69de29bb2d1d6434b8b29ae775ad8c2e48c5391 [37ms]
2025-03-16 13:10:11.148 [info] > git ls-files --stage -- index.html [39ms]
2025-03-16 13:10:11.151 [info] > git show --textconv :index.html [46ms]
2025-03-16 13:10:11.188 [info] > git cat-file -s e69de29bb2d1d6434b8b29ae775ad8c2e48c5391 [37ms]
2025-03-16 13:10:14.914 [info] > git show --textconv :index.html [40ms]
2025-03-16 13:10:14.916 [info] > git ls-files --stage -- index.html [39ms]
2025-03-16 13:10:14.955 [info] > git cat-file -s e69de29bb2d1d6434b8b29ae775ad8c2e48c5391 [37ms]
2025-03-16 13:10:19.443 [info] > git ls-files --stage -- index.html [145ms]
2025-03-16 13:10:19.446 [info] > git show --textconv :index.html [164ms]
2025-03-16 13:10:19.484 [info] > git cat-file -s e69de29bb2d1d6434b8b29ae775ad8c2e48c5391 [38ms]
2025-03-16 13:10:23.573 [info] > git ls-files --stage -- index.html [40ms]
2025-03-16 13:10:23.576 [info] > git show --textconv :index.html [46ms]
2025-03-16 13:10:23.614 [info] > git cat-file -s e69de29bb2d1d6434b8b29ae775ad8c2e48c5391 [38ms]
2025-03-16 13:10:27.326 [info] > git show --textconv :index.html [60ms]
2025-03-16 13:10:27.326 [info] > git ls-files --stage -- index.html [48ms]
2025-03-16 13:10:27.366 [info] > git cat-file -s e69de29bb2d1d6434b8b29ae775ad8c2e48c5391 [36ms]
2025-03-16 13:11:51.538 [info] [main] Log level: Info
2025-03-16 13:11:51.538 [info] [main] Validating found git in: "C:\Program Files\Git\cmd\git.exe"
2025-03-16 13:11:51.564 [info] [main] Using git "2.48.1.windows.1" from "C:\Program Files\Git\cmd\git.exe"
2025-03-16 13:11:51.564 [info] [Model][doInitialScan] Initial repository scan started
2025-03-16 13:11:51.613 [info] > git rev-parse --show-toplevel [39ms]
2025-03-16 13:11:51.654 [info] > git rev-parse --git-dir --git-common-dir [37ms]
2025-03-16 13:11:51.662 [info] [Model][openRepository] Opened repository: c:\Users\Charl\Desktop\getya proyecto
2025-03-16 13:11:51.712 [info] > git config --get commit.template [44ms]
2025-03-16 13:11:51.716 [info] > git rev-parse --show-toplevel [47ms]
2025-03-16 13:11:51.719 [info] [Model][doInitialScan] Initial repository scan completed - repositories (1), closed repositories (0), parent repositories (0), unsafe repositories (0)
2025-03-16 13:11:51.743 [info] > git for-each-ref --format=%(refname)%00%(upstream:short)%00%(objectname)%00%(upstream:track)%00%(upstream:remotename)%00%(upstream:remoteref) --ignore-case refs/heads/main refs/remotes/main [68ms]
2025-03-16 13:11:52.026 [info] > git status -z -uall [50ms]
2025-03-16 13:11:52.027 [info] > git for-each-ref --sort -committerdate --format %(refname) %(objectname) %(*objectname) [47ms]
2025-03-16 13:11:52.092 [info] > git for-each-ref --format=%(refname)%00%(upstream:short)%00%(objectname)%00%(upstream:track)%00%(upstream:remotename)%00%(upstream:remoteref) --ignore-case refs/heads/main refs/remotes/main [57ms]
2025-03-16 13:11:52.099 [info] > git config --get commit.template [56ms]
2025-03-16 13:11:52.101 [info] > git for-each-ref --format=%(refname)%00%(upstream:short)%00%(objectname)%00%(upstream:track)%00%(upstream:remotename)%00%(upstream:remoteref) --ignore-case refs/heads/main refs/remotes/main [54ms]
2025-03-16 13:11:52.160 [info] > git config --get --local branch.main.vscode-merge-base [62ms]
2025-03-16 13:11:52.160 [warning] [Git][config] git config failed: Failed to execute git
2025-03-16 13:11:52.164 [info] > git status -z -uall [59ms]
2025-03-16 13:11:52.172 [info] > git for-each-ref --sort -committerdate --format %(refname) %(objectname) %(*objectname) [64ms]
2025-03-16 13:11:52.207 [info] > git reflog main --grep-reflog=branch: Created from *. [44ms]
2025-03-16 13:11:52.219 [info] > git for-each-ref --format=%(refname)%00%(upstream:short)%00%(objectname)%00%(upstream:track)%00%(upstream:remotename)%00%(upstream:remoteref) --ignore-case refs/heads/main refs/remotes/main [41ms]
2025-03-16 13:11:52.249 [info] > git symbolic-ref --short refs/remotes/origin/HEAD [38ms]
2025-03-16 13:11:52.249 [info] fatal: ref refs/remotes/origin/HEAD is not a symbolic ref
2025-03-16 13:11:52.249 [warning] [Repository][getDefaultBranch] Failed to get default branch details: Failed to execute git.
2025-03-16 13:11:52.261 [info] > git config --get --local branch.main.vscode-merge-base [39ms]
2025-03-16 13:11:52.261 [warning] [Git][config] git config failed: Failed to execute git
2025-03-16 13:11:52.294 [info] > git merge-base refs/heads/main refs/remotes/origin/main [42ms]
2025-03-16 13:11:52.304 [info] > git reflog main --grep-reflog=branch: Created from *. [41ms]
2025-03-16 13:11:52.340 [info] > git diff --name-status -z --diff-filter=ADMR 46be3a2cec03e56b1486da9d5a63182ea435c2f6...refs/remotes/origin/main [42ms]
2025-03-16 13:11:52.349 [info] > git symbolic-ref --short refs/remotes/origin/HEAD [42ms]
2025-03-16 13:11:52.349 [info] fatal: ref refs/remotes/origin/HEAD is not a symbolic ref
2025-03-16 13:11:52.349 [warning] [Repository][getDefaultBranch] Failed to get default branch details: Failed to execute git.
2025-03-16 13:11:52.453 [info] > git check-ignore -v -z --stdin [49ms]
2025-03-16 13:11:53.312 [info] > git show --textconv :index.html [58ms]
2025-03-16 13:11:53.331 [info] > git ls-files --stage -- index.html [71ms]
2025-03-16 13:11:53.384 [info] > git cat-file -s e69de29bb2d1d6434b8b29ae775ad8c2e48c5391 [48ms]
2025-03-16 13:12:51.183 [info] > git show --textconv :index.html [47ms]
2025-03-16 13:12:51.184 [info] > git ls-files --stage -- index.html [44ms]
2025-03-16 13:12:51.226 [info] > git cat-file -s e69de29bb2d1d6434b8b29ae775ad8c2e48c5391 [38ms]
2025-03-16 13:12:54.457 [info] > git config --get commit.template [63ms]
2025-03-16 13:12:54.461 [info] > git for-each-ref --format=%(refname)%00%(upstream:short)%00%(objectname)%00%(upstream:track)%00%(upstream:remotename)%00%(upstream:remoteref) --ignore-case refs/heads/main refs/remotes/main [53ms]
2025-03-16 13:12:54.507 [info] > git status -z -uall [43ms]
2025-03-16 13:12:54.508 [info] > git for-each-ref --sort -committerdate --format %(refname) %(objectname) %(*objectname) [40ms]
2025-03-16 13:12:56.406 [info] > git show --textconv :css/estilos.css [49ms]
2025-03-16 13:12:56.409 [info] > git ls-files --stage -- css/estilos.css [46ms]
2025-03-16 13:12:56.456 [info] > git cat-file -s e69de29bb2d1d6434b8b29ae775ad8c2e48c5391 [44ms]
2025-03-16 13:12:57.246 [info] > git show --textconv :index.html [42ms]
2025-03-16 13:12:57.247 [info] > git ls-files --stage -- index.html [40ms]
2025-03-16 13:12:57.286 [info] > git cat-file -s e69de29bb2d1d6434b8b29ae775ad8c2e48c5391 [36ms]
2025-03-16 13:15:04.945 [info] > git show --textconv :p,py [48ms]
2025-03-16 13:15:04.950 [info] > git ls-files --stage -- p,py [49ms]
2025-03-16 13:15:04.990 [info] > git hash-object -t tree /dev/null [41ms]
2025-03-16 13:15:04.990 [warning] [GitFileSystemProvider][readFile] File not found - git:/c%3A/Users/Charl/Desktop/getya%20proyecto/p%2Cpy.git?%7B%22path%22%3A%22c%3A%5C%5CUsers%5C%5CCharl%5C%5CDesktop%5C%5Cgetya%20proyecto%5C%5Cp%2Cpy%22%2C%22ref%22%3A%22%22%7D
2025-03-16 13:15:04.995 [info] > git hash-object -t tree /dev/null [41ms]
2025-03-16 13:15:04.995 [warning] [GitFileSystemProvider][stat] File not found - git:/c%3A/Users/Charl/Desktop/getya%20proyecto/p%2Cpy.git?%7B%22path%22%3A%22c%3A%5C%5CUsers%5C%5CCharl%5C%5CDesktop%5C%5Cgetya%20proyecto%5C%5Cp%2Cpy%22%2C%22ref%22%3A%22%22%7D
2025-03-16 13:15:05.254 [info] > git check-ignore -v -z --stdin [46ms]
2025-03-16 13:15:05.793 [info] > git config --get commit.template [38ms]
2025-03-16 13:15:05.798 [info] > git for-each-ref --format=%(refname)%00%(upstream:short)%00%(objectname)%00%(upstream:track)%00%(upstream:remotename)%00%(upstream:remoteref) --ignore-case refs/heads/main refs/remotes/main [40ms]
2025-03-16 13:15:05.843 [info] > git status -z -uall [42ms]
2025-03-16 13:15:05.844 [info] > git for-each-ref --sort -committerdate --format %(refname) %(objectname) %(*objectname) [40ms]
2025-03-16 13:15:12.595 [info] > git show --textconv :p.py [89ms]
2025-03-16 13:15:12.596 [info] > git ls-files --stage -- p.py [85ms]
2025-03-16 13:15:12.596 [warning] [GitFileSystemProvider][stat] File not found - git:/c%3A/Users/Charl/Desktop/getya%20proyecto/p.py.git?%7B%22path%22%3A%22c%3A%5C%5CUsers%5C%5CCharl%5C%5CDesktop%5C%5Cgetya%20proyecto%5C%5Cp.py%22%2C%22ref%22%3A%22%22%7D
2025-03-16 13:15:12.597 [warning] [GitFileSystemProvider][readFile] File not found - git:/c%3A/Users/Charl/Desktop/getya%20proyecto/p.py.git?%7B%22path%22%3A%22c%3A%5C%5CUsers%5C%5CCharl%5C%5CDesktop%5C%5Cgetya%20proyecto%5C%5Cp.py%22%2C%22ref%22%3A%22%22%7D
2025-03-16 13:15:13.106 [info] > git check-ignore -v -z --stdin [513ms]
2025-03-16 13:15:13.511 [info] > git config --get commit.template [47ms]
2025-03-16 13:15:13.515 [info] > git for-each-ref --format=%(refname)%00%(upstream:short)%00%(objectname)%00%(upstream:track)%00%(upstream:remotename)%00%(upstream:remoteref) --ignore-case refs/heads/main refs/remotes/main [46ms]
2025-03-16 13:15:13.568 [info] > git for-each-ref --sort -committerdate --format %(refname) %(objectname) %(*objectname) [44ms]
2025-03-16 13:15:13.568 [info] > git status -z -uall [49ms]
2025-03-16 13:16:25.518 [info] > git config --get commit.template [45ms]
2025-03-16 13:16:25.522 [info] > git for-each-ref --format=%(refname)%00%(upstream:short)%00%(objectname)%00%(upstream:track)%00%(upstream:remotename)%00%(upstream:remoteref) --ignore-case refs/heads/main refs/remotes/main [45ms]
2025-03-16 13:16:25.573 [info] > git status -z -uall [47ms]
2025-03-16 13:16:25.573 [info] > git for-each-ref --sort -committerdate --format %(refname) %(objectname) %(*objectname) [44ms]
2025-03-16 13:16:30.642 [info] > git config --get commit.template [48ms]
2025-03-16 13:16:30.648 [info] > git for-each-ref --format=%(refname)%00%(upstream:short)%00%(objectname)%00%(upstream:track)%00%(upstream:remotename)%00%(upstream:remoteref) --ignore-case refs/heads/main refs/remotes/main [49ms]
2025-03-16 13:16:30.695 [info] > git status -z -uall [43ms]
2025-03-16 13:16:30.696 [info] > git for-each-ref --sort -committerdate --format %(refname) %(objectname) %(*objectname) [42ms]
2025-03-16 13:19:36.004 [info] > git check-ignore -v -z --stdin [41ms]
2025-03-16 13:19:38.295 [info] > git check-ignore -v -z --stdin [53ms]
2025-03-16 13:19:58.640 [info] > git log --format=%H%n%aN%n%aE%n%at%n%ct%n%P%n%D%n%B -z --shortstat --diff-merges=first-parent -n50 --skip=0 --topo-order --decorate=full --stdin [52ms]
2025-03-16 13:21:12.613 [info] > git log --format=%H%n%aN%n%aE%n%at%n%ct%n%P%n%D%n%B -z --shortstat --diff-merges=first-parent -n50 --skip=0 --topo-order --decorate=full --stdin [47ms]
2025-03-16 13:21:28.895 [info] > git config --get commit.template [43ms]
2025-03-16 13:21:28.900 [info] > git for-each-ref --format=%(refname)%00%(upstream:short)%00%(objectname)%00%(upstream:track)%00%(upstream:remotename)%00%(upstream:remoteref) --ignore-case refs/heads/main refs/remotes/main [43ms]
2025-03-16 13:21:28.946 [info] > git for-each-ref --sort -committerdate --format %(refname) %(objectname) %(*objectname) [39ms]
2025-03-16 13:21:28.947 [info] > git status -z -uall [44ms]
2025-03-16 13:23:39.297 [info] [main] Log level: Info
2025-03-16 13:23:39.297 [info] [main] Validating found git in: "C:\Program Files\Git\cmd\git.exe"
2025-03-16 13:23:39.297 [info] [main] Using git "2.48.1.windows.1" from "C:\Program Files\Git\cmd\git.exe"
2025-03-16 13:23:39.297 [info] [Model][doInitialScan] Initial repository scan started
2025-03-16 13:23:39.297 [info] > git rev-parse --show-toplevel [475ms]
2025-03-16 13:23:39.313 [info] > git rev-parse --git-dir --git-common-dir [57ms]
2025-03-16 13:23:39.321 [info] [Model][openRepository] Opened repository: c:\Users\Charl\Desktop\getya proyecto
2025-03-16 13:23:39.537 [info] > git rev-parse --show-toplevel [206ms]
2025-03-16 13:23:39.539 [info] [Model][doInitialScan] Initial repository scan completed - repositories (1), closed repositories (0), parent repositories (0), unsafe repositories (0)
2025-03-16 13:23:39.540 [info] > git config --get commit.template [212ms]
2025-03-16 13:23:39.641 [info] > git for-each-ref --format=%(refname)%00%(upstream:short)%00%(objectname)%00%(upstream:track)%00%(upstream:remotename)%00%(upstream:remoteref) --ignore-case refs/heads/main refs/remotes/main [111ms]
2025-03-16 13:23:39.777 [info] > git status -z -uall [99ms]
2025-03-16 13:23:39.779 [info] > git for-each-ref --sort -committerdate --format %(refname) %(objectname) %(*objectname) [93ms]
2025-03-16 13:23:39.833 [info] > git for-each-ref --format=%(refname)%00%(upstream:short)%00%(objectname)%00%(upstream:track)%00%(upstream:remotename)%00%(upstream:remoteref) --ignore-case refs/heads/main refs/remotes/main [46ms]
2025-03-16 13:23:39.838 [info] > git config --get commit.template [45ms]
2025-03-16 13:23:39.859 [info] > git for-each-ref --format=%(refname)%00%(upstream:short)%00%(objectname)%00%(upstream:track)%00%(upstream:remotename)%00%(upstream:remoteref) --ignore-case refs/heads/main refs/remotes/main [44ms]
2025-03-16 13:23:39.876 [info] > git config --get --local branch.main.vscode-merge-base [38ms]
2025-03-16 13:23:39.876 [warning] [Git][config] git config failed: Failed to execute git
2025-03-16 13:23:39.908 [info] > git status -z -uall [44ms]
2025-03-16 13:23:39.909 [info] > git for-each-ref --sort -committerdate --format %(refname) %(objectname) %(*objectname) [43ms]
2025-03-16 13:23:39.923 [info] > git reflog main --grep-reflog=branch: Created from *. [42ms]
2025-03-16 13:23:39.955 [info] > git for-each-ref --format=%(refname)%00%(upstream:short)%00%(objectname)%00%(upstream:track)%00%(upstream:remotename)%00%(upstream:remoteref) --ignore-case refs/heads/main refs/remotes/main [40ms]
2025-03-16 13:23:39.964 [info] > git symbolic-ref --short refs/remotes/origin/HEAD [37ms]
2025-03-16 13:23:39.964 [info] fatal: ref refs/remotes/origin/HEAD is not a symbolic ref
2025-03-16 13:23:39.964 [warning] [Repository][getDefaultBranch] Failed to get default branch details: Failed to execute git.
2025-03-16 13:23:39.994 [info] > git config --get --local branch.main.vscode-merge-base [36ms]
2025-03-16 13:23:39.994 [warning] [Git][config] git config failed: Failed to execute git
2025-03-16 13:23:40.006 [info] > git merge-base refs/heads/main refs/remotes/origin/main [37ms]
2025-03-16 13:23:40.040 [info] > git reflog main --grep-reflog=branch: Created from *. [43ms]
2025-03-16 13:23:40.053 [info] > git diff --name-status -z --diff-filter=ADMR 46be3a2cec03e56b1486da9d5a63182ea435c2f6...refs/remotes/origin/main [42ms]
2025-03-16 13:23:40.081 [info] > git symbolic-ref --short refs/remotes/origin/HEAD [38ms]
2025-03-16 13:23:40.081 [info] fatal: ref refs/remotes/origin/HEAD is not a symbolic ref
2025-03-16 13:23:40.081 [warning] [Repository][getDefaultBranch] Failed to get default branch details: Failed to execute git.
2025-03-16 13:23:40.104 [info] > git check-ignore -v -z --stdin [36ms]
2025-03-16 13:24:45.630 [info] > git check-ignore -v -z --stdin [37ms]
2025-03-16 13:25:58.456 [info] > git log --format=%H%n%aN%n%aE%n%at%n%ct%n%P%n%D%n%B -z --shortstat --diff-merges=first-parent -n50 --skip=0 --topo-order --decorate=full --stdin [62ms]
2025-03-16 13:26:08.576 [info] > git config --get commit.template [71ms]
2025-03-16 13:26:08.579 [info] > git for-each-ref --format=%(refname)%00%(upstream:short)%00%(objectname)%00%(upstream:track)%00%(upstream:remotename)%00%(upstream:remoteref) --ignore-case refs/heads/main refs/remotes/main [59ms]
2025-03-16 13:26:08.627 [info] > git status -z -uall [44ms]
2025-03-16 13:26:08.629 [info] > git for-each-ref --sort -committerdate --format %(refname) %(objectname) %(*objectname) [43ms]
2025-03-16 13:26:10.595 [info] > git show --textconv :css/estilos.css [66ms]
2025-03-16 13:26:10.597 [info] > git ls-files --stage -- css/estilos.css [48ms]
2025-03-16 13:26:10.637 [info] > git cat-file -s e69de29bb2d1d6434b8b29ae775ad8c2e48c5391 [37ms]
2025-03-16 13:27:42.115 [info] > git show --textconv :css/estilos.css [77ms]
2025-03-16 13:27:42.117 [info] > git ls-files --stage -- css/estilos.css [63ms]
2025-03-16 13:27:42.155 [info] > git cat-file -s e69de29bb2d1d6434b8b29ae775ad8c2e48c5391 [35ms]
2025-03-16 13:27:46.394 [info] > git blame --root --incremental 46be3a2cec03e56b1486da9d5a63182ea435c2f6 -- css/estilos.css [108ms]
2025-03-16 13:28:22.254 [info] > git show --textconv :index.html [42ms]
2025-03-16 13:28:22.256 [info] > git ls-files --stage -- index.html [39ms]
2025-03-16 13:28:22.296 [info] > git cat-file -s e69de29bb2d1d6434b8b29ae775ad8c2e48c5391 [38ms]
2025-03-16 13:28:24.417 [info] > git blame --root --incremental 46be3a2cec03e56b1486da9d5a63182ea435c2f6 -- index.html [63ms]
2025-03-16 13:29:41.276 [info] > git ls-files --stage -- index.html [40ms]
2025-03-16 13:29:41.279 [info] > git show --textconv :index.html [48ms]
2025-03-16 13:29:41.317 [info] > git cat-file -s e69de29bb2d1d6434b8b29ae775ad8c2e48c5391 [38ms]
2025-03-16 13:31:17.300 [info] > git show --textconv :css/estilos.css [57ms]
2025-03-16 13:31:17.302 [info] > git ls-files --stage -- css/estilos.css [56ms]
2025-03-16 13:31:17.341 [info] > git cat-file -s e69de29bb2d1d6434b8b29ae775ad8c2e48c5391 [37ms]
2025-03-16 13:33:01.738 [info] [main] Log level: Info
2025-03-16 13:33:01.738 [info] [main] Validating found git in: "C:\Program Files\Git\cmd\git.exe"
2025-03-16 13:33:01.738 [info] [main] Using git "2.48.1.windows.1" from "C:\Program Files\Git\cmd\git.exe"
2025-03-16 13:33:01.738 [info] [Model][doInitialScan] Initial repository scan started
2025-03-16 13:33:01.738 [info] > git rev-parse --show-toplevel [453ms]
2025-03-16 13:33:01.751 [info] > git rev-parse --git-dir --git-common-dir [59ms]
2025-03-16 13:33:01.761 [info] [Model][openRepository] Opened repository: c:\Users\Charl\Desktop\getya proyecto
2025-03-16 13:33:01.826 [info] > git rev-parse --show-toplevel [52ms]
2025-03-16 13:33:01.827 [info] [Model][doInitialScan] Initial repository scan completed - repositories (1), closed repositories (0), parent repositories (0), unsafe repositories (0)
2025-03-16 13:33:01.828 [info] > git config --get commit.template [57ms]
2025-03-16 13:33:01.998 [info] > git for-each-ref --format=%(refname)%00%(upstream:short)%00%(objectname)%00%(upstream:track)%00%(upstream:remotename)%00%(upstream:remoteref) --ignore-case refs/heads/main refs/remotes/main [190ms]
2025-03-16 13:33:02.170 [info] > git status -z -uall [85ms]
2025-03-16 13:33:02.171 [info] > git for-each-ref --sort -committerdate --format %(refname) %(objectname) %(*objectname) [80ms]
2025-03-16 13:33:02.240 [info] > git for-each-ref --format=%(refname)%00%(upstream:short)%00%(objectname)%00%(upstream:track)%00%(upstream:remotename)%00%(upstream:remoteref) --ignore-case refs/heads/main refs/remotes/main [59ms]
2025-03-16 13:33:02.247 [info] > git config --get commit.template [56ms]
2025-03-16 13:33:02.254 [info] > git for-each-ref --format=%(refname)%00%(upstream:short)%00%(objectname)%00%(upstream:track)%00%(upstream:remotename)%00%(upstream:remoteref) --ignore-case refs/heads/main refs/remotes/main [57ms]
2025-03-16 13:33:02.310 [info] > git config --get --local branch.main.vscode-merge-base [64ms]
2025-03-16 13:33:02.310 [warning] [Git][config] git config failed: Failed to execute git
2025-03-16 13:33:02.315 [info] > git status -z -uall [56ms]
2025-03-16 13:33:02.324 [info] > git for-each-ref --sort -committerdate --format %(refname) %(objectname) %(*objectname) [63ms]
2025-03-16 13:33:02.359 [info] > git reflog main --grep-reflog=branch: Created from *. [46ms]
2025-03-16 13:33:02.373 [info] > git for-each-ref --format=%(refname)%00%(upstream:short)%00%(objectname)%00%(upstream:track)%00%(upstream:remotename)%00%(upstream:remoteref) --ignore-case refs/heads/main refs/remotes/main [44ms]
2025-03-16 13:33:02.378 [info] > git check-ignore -v -z --stdin [42ms]
2025-03-16 13:33:02.402 [info] > git symbolic-ref --short refs/remotes/origin/HEAD [38ms]
2025-03-16 13:33:02.402 [info] fatal: ref refs/remotes/origin/HEAD is not a symbolic ref
2025-03-16 13:33:02.402 [warning] [Repository][getDefaultBranch] Failed to get default branch details: Failed to execute git.
2025-03-16 13:33:02.415 [info] > git config --get --local branch.main.vscode-merge-base [37ms]
2025-03-16 13:33:02.415 [warning] [Git][config] git config failed: Failed to execute git
2025-03-16 13:33:02.447 [info] > git merge-base refs/heads/main refs/remotes/origin/main [40ms]
2025-03-16 13:33:02.459 [info] > git reflog main --grep-reflog=branch: Created from *. [41ms]
2025-03-16 13:33:02.491 [info] > git diff --name-status -z --diff-filter=ADMR 46be3a2cec03e56b1486da9d5a63182ea435c2f6...refs/remotes/origin/main [39ms]
2025-03-16 13:33:02.499 [info] > git symbolic-ref --short refs/remotes/origin/HEAD [37ms]
2025-03-16 13:33:02.499 [info] fatal: ref refs/remotes/origin/HEAD is not a symbolic ref
2025-03-16 13:33:02.499 [warning] [Repository][getDefaultBranch] Failed to get default branch details: Failed to execute git.
2025-03-16 13:33:05.392 [info] > git log --format=%H%n%aN%n%aE%n%at%n%ct%n%P%n%D%n%B -z --shortstat --diff-merges=first-parent -n50 --skip=0 --topo-order --decorate=full --stdin [60ms]
2025-03-16 13:33:05.903 [info] > git check-ignore -v -z --stdin [36ms]
2025-03-16 13:33:07.433 [info] > git check-ignore -v -z --stdin [105ms]
2025-03-16 13:33:09.053 [info] > git show --textconv :css/estilos.css [73ms]
2025-03-16 13:33:09.056 [info] > git ls-files --stage -- css/estilos.css [55ms]
2025-03-16 13:33:09.094 [info] > git cat-file -s e69de29bb2d1d6434b8b29ae775ad8c2e48c5391 [35ms]
2025-03-16 13:35:40.792 [info] > git log --format=%H%n%aN%n%aE%n%at%n%ct%n%P%n%D%n%B -z --shortstat --diff-merges=first-parent -n50 --skip=0 --topo-order --decorate=full --stdin [52ms]
2025-03-16 13:38:02.477 [info] > git ls-files --stage -- css/estilos.css [38ms]
2025-03-16 13:38:02.480 [info] > git show --textconv :css/estilos.css [44ms]
2025-03-16 13:38:02.516 [info] > git cat-file -s e69de29bb2d1d6434b8b29ae775ad8c2e48c5391 [37ms]
2025-03-16 13:38:06.241 [info] > git show --textconv :index.html [41ms]
2025-03-16 13:38:06.243 [info] > git ls-files --stage -- index.html [39ms]
2025-03-16 13:38:06.282 [info] > git cat-file -s e69de29bb2d1d6434b8b29ae775ad8c2e48c5391 [36ms]
2025-03-16 13:39:50.244 [info] > git show --textconv :p.py [55ms]
2025-03-16 13:39:50.251 [info] > git ls-files --stage -- p.py [56ms]
2025-03-16 13:39:50.303 [info] > git hash-object -t tree /dev/null [53ms]
2025-03-16 13:39:50.304 [warning] [GitFileSystemProvider][readFile] File not found - git:/c%3A/Users/Charl/Desktop/getya%20proyecto/p.py.git?%7B%22path%22%3A%22c%3A%5C%5CUsers%5C%5CCharl%5C%5CDesktop%5C%5Cgetya%20proyecto%5C%5Cp.py%22%2C%22ref%22%3A%22%22%7D
2025-03-16 13:39:50.309 [info] > git hash-object -t tree /dev/null [52ms]
2025-03-16 13:39:50.309 [warning] [GitFileSystemProvider][stat] File not found - git:/c%3A/Users/Charl/Desktop/getya%20proyecto/p.py.git?%7B%22path%22%3A%22c%3A%5C%5CUsers%5C%5CCharl%5C%5CDesktop%5C%5Cgetya%20proyecto%5C%5Cp.py%22%2C%22ref%22%3A%22%22%7D
2025-03-16 13:39:51.101 [info] > git config --get commit.template [45ms]
2025-03-16 13:39:51.107 [info] > git for-each-ref --format=%(refname)%00%(upstream:short)%00%(objectname)%00%(upstream:track)%00%(upstream:remotename)%00%(upstream:remoteref) --ignore-case refs/heads/main refs/remotes/main [47ms]
2025-03-16 13:39:51.158 [info] > git for-each-ref --sort -committerdate --format %(refname) %(objectname) %(*objectname) [44ms]
2025-03-16 13:39:51.159 [info] > git status -z -uall [49ms]
2025-03-16 14:56:59.434 [info] > git config --get commit.template [64ms]
2025-03-16 14:56:59.436 [info] > git for-each-ref --format=%(refname)%00%(upstream:short)%00%(objectname)%00%(upstream:track)%00%(upstream:remotename)%00%(upstream:remoteref) --ignore-case refs/heads/main refs/remotes/main [61ms]
2025-03-16 14:56:59.488 [info] > git status -z -uall [48ms]
2025-03-16 14:56:59.490 [info] > git for-each-ref --sort -committerdate --format %(refname) %(objectname) %(*objectname) [46ms]
2025-03-16 14:56:59.846 [info] > git show --textconv :p.py [40ms]
2025-03-16 14:56:59.846 [warning] [GitFileSystemProvider][readFile] File not found - git:/c%3A/Users/Charl/Desktop/getya%20proyecto/p.py.git?%7B%22path%22%3A%22c%3A%5C%5CUsers%5C%5CCharl%5C%5CDesktop%5C%5Cgetya%20proyecto%5C%5Cp.py%22%2C%22ref%22%3A%22%22%7D
2025-03-16 14:56:59.852 [info] > git ls-files --stage -- p.py [43ms]
2025-03-16 14:56:59.852 [warning] [GitFileSystemProvider][stat] File not found - git:/c%3A/Users/Charl/Desktop/getya%20proyecto/p.py.git?%7B%22path%22%3A%22c%3A%5C%5CUsers%5C%5CCharl%5C%5CDesktop%5C%5Cgetya%20proyecto%5C%5Cp.py%22%2C%22ref%22%3A%22%22%7D
2025-03-16 14:56:59.899 [info] > git blame --root --incremental 46be3a2cec03e56b1486da9d5a63182ea435c2f6 -- p.py [40ms]
2025-03-16 14:56:59.899 [info] fatal: no such path p.py in 46be3a2cec03e56b1486da9d5a63182ea435c2f6
