2025-03-18 00:42:54.044 [info] Reading sessions from keychain...
2025-03-18 00:42:54.044 [info] Getting sessions for all scopes...
2025-03-18 00:42:54.045 [info] Getting sessions for all scopes...
2025-03-18 00:42:54.045 [info] Getting sessions for all scopes...
2025-03-18 00:42:54.045 [info] Got 0 sessions for ...
2025-03-18 00:42:54.045 [info] Got 0 sessions for ...
2025-03-18 00:42:54.045 [info] Got 0 sessions for ...
2025-03-18 00:42:54.045 [info] Getting sessions for all scopes...
2025-03-18 00:42:54.045 [info] Got 0 sessions for ...
2025-03-18 00:42:54.045 [info] Getting sessions for all scopes...
2025-03-18 00:42:54.045 [info] Got 0 sessions for ...
2025-03-18 00:42:54.045 [info] Getting sessions for all scopes...
2025-03-18 00:42:54.045 [info] Got 0 sessions for ...
2025-03-18 00:42:54.045 [info] Getting sessions for all scopes...
2025-03-18 00:42:54.045 [info] Got 0 sessions for ...
2025-03-18 00:42:54.045 [info] Getting sessions for all scopes...
2025-03-18 00:42:54.045 [info] Got 0 sessions for ...
2025-03-18 00:42:54.045 [info] Getting sessions for all scopes...
2025-03-18 00:42:54.045 [info] Got 0 sessions for ...
2025-03-18 00:42:54.045 [info] Getting sessions for all scopes...
2025-03-18 00:42:54.045 [info] Got 0 sessions for ...
2025-03-18 00:42:54.045 [info] Getting sessions for all scopes...
2025-03-18 00:42:54.045 [info] Got 0 sessions for ...
2025-03-18 00:42:54.045 [info] Getting sessions for user:email...
2025-03-18 00:42:54.045 [info] Got 0 sessions for user:email...
2025-03-18 00:42:54.045 [info] Getting sessions for read:user,repo,user:email,workflow...
2025-03-18 00:42:54.045 [info] Got 0 sessions for read:user,repo,user:email,workflow...
2025-03-18 00:42:54.135 [info] Getting sessions for read:user,repo,user:email...
2025-03-18 00:42:54.135 [info] Got 0 sessions for read:user,repo,user:email...
2025-03-18 00:42:54.135 [info] Getting sessions for read:user,repo,user:email,workflow...
2025-03-18 00:42:54.135 [info] Got 0 sessions for read:user,repo,user:email,workflow...
2025-03-18 00:42:54.135 [info] Getting sessions for project,read:org,read:user,repo,user:email,workflow...
2025-03-18 00:42:54.135 [info] Got 0 sessions for project,read:org,read:user,repo,user:email,workflow...
2025-03-18 00:42:54.196 [info] Getting sessions for all scopes...
2025-03-18 00:42:54.196 [info] Got 0 sessions for ...
2025-03-18 00:42:54.278 [info] Getting sessions for read:user...
2025-03-18 00:42:54.278 [info] Got 0 sessions for read:user...
2025-03-18 00:42:54.278 [info] Getting sessions for read:user,repo,user:email,workflow...
2025-03-18 00:42:54.278 [info] Got 0 sessions for read:user,repo,user:email,workflow...
2025-03-18 00:42:54.278 [info] Getting sessions for read:user,repo,user:email...
2025-03-18 00:42:54.278 [info] Got 0 sessions for read:user,repo,user:email...
2025-03-18 00:42:54.330 [info] Getting sessions for user:email...
2025-03-18 00:42:54.331 [info] Got 0 sessions for user:email...
2025-03-18 00:42:54.372 [info] Getting sessions for user:email...
2025-03-18 00:42:54.372 [info] Got 0 sessions for user:email...
2025-03-18 00:42:54.372 [info] Getting sessions for read:user,repo,user:email...
2025-03-18 00:42:54.372 [info] Got 0 sessions for read:user,repo,user:email...
2025-03-18 00:42:54.377 [info] Getting sessions for all scopes...
2025-03-18 00:42:54.377 [info] Got 0 sessions for ...
2025-03-18 00:42:54.502 [info] Getting sessions for read:user,repo,user:email,workflow...
2025-03-18 00:42:54.502 [info] Got 0 sessions for read:user,repo,user:email,workflow...
2025-03-18 00:42:54.618 [info] Getting sessions for read:user,repo,user:email,workflow...
2025-03-18 00:42:54.618 [info] Got 0 sessions for read:user,repo,user:email,workflow...
2025-03-18 00:42:54.650 [info] Getting sessions for user:email...
2025-03-18 00:42:54.650 [info] Got 0 sessions for user:email...
2025-03-18 00:42:54.721 [info] Getting sessions for all scopes...
2025-03-18 00:42:54.721 [info] Got 0 sessions for ...
2025-03-18 00:42:54.774 [info] Getting sessions for all scopes...
2025-03-18 00:42:54.774 [info] Got 0 sessions for ...
2025-03-18 00:42:54.802 [info] Getting sessions for read:user,repo,user:email,workflow...
2025-03-18 00:42:54.802 [info] Got 0 sessions for read:user,repo,user:email,workflow...
2025-03-18 00:42:54.814 [info] Getting sessions for user:email...
2025-03-18 00:42:54.814 [info] Got 0 sessions for user:email...
2025-03-18 00:42:54.831 [info] Getting sessions for all scopes...
2025-03-18 00:42:54.831 [info] Got 0 sessions for ...
2025-03-18 00:42:54.832 [info] Getting sessions for user:email...
2025-03-18 00:42:54.832 [info] Got 0 sessions for user:email...
