2025-03-16 12:58:36.745 [info] Extension host with pid 9920 started
2025-03-16 12:58:36.814 [info] ExtensionService#_doActivateExtension vscode.github-authentication, startup: false, activationEvent: 'onAuthenticationRequest:github'
2025-03-16 12:58:36.852 [info] ExtensionService#_doActivateExtension vscode.emmet, startup: false, activationEvent: 'onLanguage'
2025-03-16 12:58:36.876 [info] ExtensionService#_doActivateExtension vscode.css-language-features, startup: false, activationEvent: 'onLanguage:css'
2025-03-16 12:58:37.189 [info] ExtensionService#_doActivateExtension vscode.git-base, startup: true, activationEvent: '*', root cause: vscode.git
2025-03-16 12:58:37.197 [info] ExtensionService#_doActivateExtension vscode.git, startup: true, activationEvent: '*'
2025-03-16 12:58:37.272 [info] ExtensionService#_doActivateExtension vscode.github, startup: true, activationEvent: '*'
2025-03-16 12:58:37.396 [info] Eager extensions activated
2025-03-16 12:58:37.409 [info] ExtensionService#_doActivateExtension vscode.debug-auto-launch, startup: false, activationEvent: 'onStartupFinished'
2025-03-16 12:58:37.413 [info] ExtensionService#_doActivateExtension vscode.merge-conflict, startup: false, activationEvent: 'onStartupFinished'
2025-03-16 12:58:37.433 [info] ExtensionService#_doActivateExtension ecmel.vscode-html-css, startup: false, activationEvent: 'onStartupFinished'
2025-03-16 12:58:37.436 [info] ExtensionService#_doActivateExtension ms-dotnettools.vscode-dotnet-runtime, startup: false, activationEvent: 'onStartupFinished'
2025-03-16 12:58:43.123 [info] Extension host terminating: renderer closed the MessagePort
2025-03-16 12:58:43.147 [error] Canceled: Canceled
	at new dR (file:///c:/Users/Charl/AppData/Local/Programs/Microsoft%20VS%20Code/resources/app/out/vs/workbench/api/node/extensionHostProcess.js:29:111670)
	at qy.U (file:///c:/Users/Charl/AppData/Local/Programs/Microsoft%20VS%20Code/resources/app/out/vs/workbench/api/node/extensionHostProcess.js:29:116281)
	at s.<computed>.n.charCodeAt.s.<computed> (file:///c:/Users/Charl/AppData/Local/Programs/Microsoft%20VS%20Code/resources/app/out/vs/workbench/api/node/extensionHostProcess.js:29:113775)
	at Sw.g (file:///c:/Users/Charl/AppData/Local/Programs/Microsoft%20VS%20Code/resources/app/out/vs/workbench/api/node/extensionHostProcess.js:112:41039)
	at Sw.executeCommand (file:///c:/Users/Charl/AppData/Local/Programs/Microsoft%20VS%20Code/resources/app/out/vs/workbench/api/node/extensionHostProcess.js:112:40543)
	at r.registerCommand.description (file:///c:/Users/Charl/AppData/Local/Programs/Microsoft%20VS%20Code/resources/app/out/vs/workbench/api/node/extensionHostProcess.js:112:39873)
	at Sw.h (file:///c:/Users/Charl/AppData/Local/Programs/Microsoft%20VS%20Code/resources/app/out/vs/workbench/api/node/extensionHostProcess.js:112:41559)
	at Sw.g (file:///c:/Users/Charl/AppData/Local/Programs/Microsoft%20VS%20Code/resources/app/out/vs/workbench/api/node/extensionHostProcess.js:112:40636)
	at Sw.executeCommand (file:///c:/Users/Charl/AppData/Local/Programs/Microsoft%20VS%20Code/resources/app/out/vs/workbench/api/node/extensionHostProcess.js:112:40543)
	at Object.executeCommand (file:///c:/Users/Charl/AppData/Local/Programs/Microsoft%20VS%20Code/resources/app/out/vs/workbench/api/node/extensionHostProcess.js:172:37375)
	at Th.L [as value] (c:\Users\Charl\AppData\Local\Programs\Microsoft VS Code\resources\app\extensions\git\dist\main.js:2:1000063)
	at P.B (file:///c:/Users/Charl/AppData/Local/Programs/Microsoft%20VS%20Code/resources/app/out/vs/workbench/api/node/extensionHostProcess.js:27:2375)
	at P.C (file:///c:/Users/Charl/AppData/Local/Programs/Microsoft%20VS%20Code/resources/app/out/vs/workbench/api/node/extensionHostProcess.js:27:2445)
	at P.fire (file:///c:/Users/Charl/AppData/Local/Programs/Microsoft%20VS%20Code/resources/app/out/vs/workbench/api/node/extensionHostProcess.js:27:2662)
	at Object.p [as dispose] (c:\Users\Charl\AppData\Local\Programs\Microsoft VS Code\resources\app\extensions\git\dist\main.js:2:1022703)
	at c:\Users\Charl\AppData\Local\Programs\Microsoft VS Code\resources\app\extensions\git\dist\main.js:2:1029021
	at Array.forEach (<anonymous>)
	at b.dispose (c:\Users\Charl\AppData\Local\Programs\Microsoft VS Code\resources\app\extensions\git\dist\main.js:2:1029007)
	at fv.<anonymous> (file:///c:/Users/Charl/AppData/Local/Programs/Microsoft%20VS%20Code/resources/app/out/vs/workbench/api/node/extensionHostProcess.js:108:8922)
	at fv.dispose (file:///c:/Users/Charl/AppData/Local/Programs/Microsoft%20VS%20Code/resources/app/out/vs/workbench/api/node/extensionHostProcess.js:108:9018)
	at fv.<anonymous> (c:\Users\Charl\AppData\Local\Programs\Microsoft VS Code\resources\app\extensions\git\dist\main.js:2:1002547)
	at fv.dispose (file:///c:/Users/Charl/AppData/Local/Programs/Microsoft%20VS%20Code/resources/app/out/vs/workbench/api/node/extensionHostProcess.js:108:9018)
	at hi (file:///c:/Users/Charl/AppData/Local/Programs/Microsoft%20VS%20Code/resources/app/out/vs/workbench/api/node/extensionHostProcess.js:25:701)
	at file:///c:/Users/Charl/AppData/Local/Programs/Microsoft%20VS%20Code/resources/app/out/vs/workbench/api/node/extensionHostProcess.js:116:14994
	at file:///c:/Users/Charl/AppData/Local/Programs/Microsoft%20VS%20Code/resources/app/out/vs/workbench/api/node/extensionHostProcess.js:25:1011
	at Object.dispose (file:///c:/Users/Charl/AppData/Local/Programs/Microsoft%20VS%20Code/resources/app/out/vs/workbench/api/node/extensionHostProcess.js:8:705)
	at zz.eb (file:///c:/Users/Charl/AppData/Local/Programs/Microsoft%20VS%20Code/resources/app/out/vs/workbench/api/node/extensionHostProcess.js:116:11921)
	at file:///c:/Users/Charl/AppData/Local/Programs/Microsoft%20VS%20Code/resources/app/out/vs/workbench/api/node/extensionHostProcess.js:116:9876
	at Array.map (<anonymous>)
	at zz.$ (file:///c:/Users/Charl/AppData/Local/Programs/Microsoft%20VS%20Code/resources/app/out/vs/workbench/api/node/extensionHostProcess.js:116:9864)
	at zz.terminate (file:///c:/Users/Charl/AppData/Local/Programs/Microsoft%20VS%20Code/resources/app/out/vs/workbench/api/node/extensionHostProcess.js:116:10107)
	at OI.terminate (file:///c:/Users/Charl/AppData/Local/Programs/Microsoft%20VS%20Code/resources/app/out/vs/workbench/api/node/extensionHostProcess.js:117:1434)
	at ts (file:///c:/Users/Charl/AppData/Local/Programs/Microsoft%20VS%20Code/resources/app/out/vs/workbench/api/node/extensionHostProcess.js:190:15108)
	at MessagePortMain.<anonymous> (file:///c:/Users/Charl/AppData/Local/Programs/Microsoft%20VS%20Code/resources/app/out/vs/workbench/api/node/extensionHostProcess.js:190:11656)
	at MessagePortMain.emit (node:events:518:28)
	at MessagePortMain._internalPort.emit (node:electron/js2c/utility_init:2:2949) setContext undefined
2025-03-16 12:58:43.148 [error] Canceled: Canceled
	at new dR (file:///c:/Users/Charl/AppData/Local/Programs/Microsoft%20VS%20Code/resources/app/out/vs/workbench/api/node/extensionHostProcess.js:29:111670)
	at qy.U (file:///c:/Users/Charl/AppData/Local/Programs/Microsoft%20VS%20Code/resources/app/out/vs/workbench/api/node/extensionHostProcess.js:29:116281)
	at s.<computed>.n.charCodeAt.s.<computed> (file:///c:/Users/Charl/AppData/Local/Programs/Microsoft%20VS%20Code/resources/app/out/vs/workbench/api/node/extensionHostProcess.js:29:113775)
	at Sw.g (file:///c:/Users/Charl/AppData/Local/Programs/Microsoft%20VS%20Code/resources/app/out/vs/workbench/api/node/extensionHostProcess.js:112:41039)
	at Sw.executeCommand (file:///c:/Users/Charl/AppData/Local/Programs/Microsoft%20VS%20Code/resources/app/out/vs/workbench/api/node/extensionHostProcess.js:112:40543)
	at r.registerCommand.description (file:///c:/Users/Charl/AppData/Local/Programs/Microsoft%20VS%20Code/resources/app/out/vs/workbench/api/node/extensionHostProcess.js:112:39873)
	at Sw.h (file:///c:/Users/Charl/AppData/Local/Programs/Microsoft%20VS%20Code/resources/app/out/vs/workbench/api/node/extensionHostProcess.js:112:41559)
	at Sw.g (file:///c:/Users/Charl/AppData/Local/Programs/Microsoft%20VS%20Code/resources/app/out/vs/workbench/api/node/extensionHostProcess.js:112:40636)
	at Sw.executeCommand (file:///c:/Users/Charl/AppData/Local/Programs/Microsoft%20VS%20Code/resources/app/out/vs/workbench/api/node/extensionHostProcess.js:112:40543)
	at Object.executeCommand (file:///c:/Users/Charl/AppData/Local/Programs/Microsoft%20VS%20Code/resources/app/out/vs/workbench/api/node/extensionHostProcess.js:172:37375)
	at set hasGitHubRepositories (c:\Users\Charl\AppData\Local\Programs\Microsoft VS Code\resources\app\extensions\github\dist\extension.js:2:217805)
	at c:\Users\Charl\AppData\Local\Programs\Microsoft VS Code\resources\app\extensions\github\dist\extension.js:2:218764
	at Th.value (c:\Users\Charl\AppData\Local\Programs\Microsoft VS Code\resources\app\extensions\git\dist\main.js:2:1120702)
	at P.B (file:///c:/Users/Charl/AppData/Local/Programs/Microsoft%20VS%20Code/resources/app/out/vs/workbench/api/node/extensionHostProcess.js:27:2375)
	at P.C (file:///c:/Users/Charl/AppData/Local/Programs/Microsoft%20VS%20Code/resources/app/out/vs/workbench/api/node/extensionHostProcess.js:27:2445)
	at P.fire (file:///c:/Users/Charl/AppData/Local/Programs/Microsoft%20VS%20Code/resources/app/out/vs/workbench/api/node/extensionHostProcess.js:27:2662)
	at Object.p [as dispose] (c:\Users\Charl\AppData\Local\Programs\Microsoft VS Code\resources\app\extensions\git\dist\main.js:2:1022703)
	at c:\Users\Charl\AppData\Local\Programs\Microsoft VS Code\resources\app\extensions\git\dist\main.js:2:1029021
	at Array.forEach (<anonymous>)
	at b.dispose (c:\Users\Charl\AppData\Local\Programs\Microsoft VS Code\resources\app\extensions\git\dist\main.js:2:1029007)
	at fv.<anonymous> (file:///c:/Users/Charl/AppData/Local/Programs/Microsoft%20VS%20Code/resources/app/out/vs/workbench/api/node/extensionHostProcess.js:108:8922)
	at fv.dispose (file:///c:/Users/Charl/AppData/Local/Programs/Microsoft%20VS%20Code/resources/app/out/vs/workbench/api/node/extensionHostProcess.js:108:9018)
	at fv.<anonymous> (c:\Users\Charl\AppData\Local\Programs\Microsoft VS Code\resources\app\extensions\git\dist\main.js:2:1002547)
	at fv.dispose (file:///c:/Users/Charl/AppData/Local/Programs/Microsoft%20VS%20Code/resources/app/out/vs/workbench/api/node/extensionHostProcess.js:108:9018)
	at hi (file:///c:/Users/Charl/AppData/Local/Programs/Microsoft%20VS%20Code/resources/app/out/vs/workbench/api/node/extensionHostProcess.js:25:701)
	at file:///c:/Users/Charl/AppData/Local/Programs/Microsoft%20VS%20Code/resources/app/out/vs/workbench/api/node/extensionHostProcess.js:116:14994
	at file:///c:/Users/Charl/AppData/Local/Programs/Microsoft%20VS%20Code/resources/app/out/vs/workbench/api/node/extensionHostProcess.js:25:1011
	at Object.dispose (file:///c:/Users/Charl/AppData/Local/Programs/Microsoft%20VS%20Code/resources/app/out/vs/workbench/api/node/extensionHostProcess.js:8:705)
	at zz.eb (file:///c:/Users/Charl/AppData/Local/Programs/Microsoft%20VS%20Code/resources/app/out/vs/workbench/api/node/extensionHostProcess.js:116:11921)
	at file:///c:/Users/Charl/AppData/Local/Programs/Microsoft%20VS%20Code/resources/app/out/vs/workbench/api/node/extensionHostProcess.js:116:9876
	at Array.map (<anonymous>)
	at zz.$ (file:///c:/Users/Charl/AppData/Local/Programs/Microsoft%20VS%20Code/resources/app/out/vs/workbench/api/node/extensionHostProcess.js:116:9864)
	at zz.terminate (file:///c:/Users/Charl/AppData/Local/Programs/Microsoft%20VS%20Code/resources/app/out/vs/workbench/api/node/extensionHostProcess.js:116:10107)
	at OI.terminate (file:///c:/Users/Charl/AppData/Local/Programs/Microsoft%20VS%20Code/resources/app/out/vs/workbench/api/node/extensionHostProcess.js:117:1434)
	at ts (file:///c:/Users/Charl/AppData/Local/Programs/Microsoft%20VS%20Code/resources/app/out/vs/workbench/api/node/extensionHostProcess.js:190:15108)
	at MessagePortMain.<anonymous> (file:///c:/Users/Charl/AppData/Local/Programs/Microsoft%20VS%20Code/resources/app/out/vs/workbench/api/node/extensionHostProcess.js:190:11656)
	at MessagePortMain.emit (node:events:518:28)
	at MessagePortMain._internalPort.emit (node:electron/js2c/utility_init:2:2949) setContext undefined
2025-03-16 12:58:43.150 [info] Extension host with pid 9920 exiting with code 0
2025-03-16 12:58:44.373 [info] Extension host with pid 19360 started
2025-03-16 12:58:44.373 [info] Skipping acquiring lock for c:\Users\Charl\AppData\Roaming\Code\User\workspaceStorage\b5b5b74d9a59e71a7f649ec1fa24f892.
2025-03-16 12:58:44.489 [info] ExtensionService#_doActivateExtension vscode.github-authentication, startup: false, activationEvent: 'onAuthenticationRequest:github'
2025-03-16 12:58:44.527 [info] ExtensionService#_doActivateExtension vscode.emmet, startup: false, activationEvent: 'onLanguage'
2025-03-16 12:58:44.550 [info] ExtensionService#_doActivateExtension vscode.css-language-features, startup: false, activationEvent: 'onLanguage:css'
2025-03-16 12:58:44.898 [info] ExtensionService#_doActivateExtension vscode.git-base, startup: true, activationEvent: '*', root cause: vscode.git
2025-03-16 12:58:44.914 [info] ExtensionService#_doActivateExtension vscode.html-language-features, startup: false, activationEvent: 'onLanguage:html'
2025-03-16 12:58:45.101 [info] ExtensionService#_doActivateExtension vscode.git, startup: true, activationEvent: '*'
2025-03-16 12:58:45.167 [info] ExtensionService#_doActivateExtension vscode.github, startup: true, activationEvent: '*'
2025-03-16 12:58:45.280 [info] Eager extensions activated
2025-03-16 12:58:45.329 [info] ExtensionService#_doActivateExtension vscode.debug-auto-launch, startup: false, activationEvent: 'onStartupFinished'
2025-03-16 12:58:45.334 [info] ExtensionService#_doActivateExtension vscode.merge-conflict, startup: false, activationEvent: 'onStartupFinished'
2025-03-16 12:58:45.361 [info] ExtensionService#_doActivateExtension ecmel.vscode-html-css, startup: false, activationEvent: 'onStartupFinished'
2025-03-16 12:58:45.366 [info] ExtensionService#_doActivateExtension ms-dotnettools.vscode-dotnet-runtime, startup: false, activationEvent: 'onStartupFinished'
2025-03-16 13:03:25.890 [info] ExtensionService#_doActivateExtension vscode.configuration-editing, startup: false, activationEvent: 'onLanguage:jsonc'
2025-03-16 13:03:25.901 [info] ExtensionService#_doActivateExtension vscode.json-language-features, startup: false, activationEvent: 'onLanguage:jsonc'
2025-03-16 13:03:25.955 [info] ExtensionService#_doActivateExtension vscode.typescript-language-features, startup: false, activationEvent: 'onLanguage:jsonc'
2025-03-16 13:03:53.823 [info] ExtensionService#_doActivateExtension miguelsolorio.symbols, startup: false, activationEvent: 'onStartupFinished'
2025-03-16 13:04:23.516 [info] ExtensionService#_doActivateExtension usernamehw.errorlens, startup: false, activationEvent: 'onStartupFinished'
2025-03-16 13:04:49.516 [info] ExtensionService#_doActivateExtension kisstkondoros.vscode-gutter-preview, startup: false, activationEvent: 'onStartupFinished'
2025-03-16 13:06:20.768 [info] ExtensionService#_doActivateExtension ms-python.python, startup: false, activationEvent: 'onLanguage:python', root cause: ms-python.debugpy
2025-03-16 13:06:20.976 [info] ExtensionService#_doActivateExtension VisualStudioExptTeam.intellicode-api-usage-examples, startup: false, activationEvent: 'onLanguage:python'
2025-03-16 13:06:21.091 [info] ExtensionService#_doActivateExtension VisualStudioExptTeam.vscodeintellicode, startup: false, activationEvent: 'onLanguage:python'
2025-03-16 13:06:21.378 [info] ExtensionService#_doActivateExtension ms-python.debugpy, startup: false, activationEvent: 'onLanguage:python'
2025-03-16 13:06:21.440 [info] ExtensionService#_doActivateExtension ms-python.vscode-pylance, startup: false, activationEvent: 'onLanguage:python'
2025-03-16 13:07:59.358 [error] [ecmel.vscode-html-css] provider FAILED
2025-03-16 13:07:59.358 [error] undefined
2025-03-16 13:07:59.653 [error] [ecmel.vscode-html-css] provider FAILED
2025-03-16 13:07:59.653 [error] undefined
2025-03-16 13:11:44.774 [info] ExtensionService#_doActivateExtension RobbOwen.synthwave-vscode, startup: false, activationEvent: 'onCommand:synthwave84.enableNeon'
2025-03-16 13:11:50.013 [info] Extension host terminating: renderer closed the MessagePort
2025-03-16 13:11:50.050 [error] Canceled: Canceled
	at new dR (file:///c:/Users/Charl/AppData/Local/Programs/Microsoft%20VS%20Code/resources/app/out/vs/workbench/api/node/extensionHostProcess.js:29:111670)
	at qy.U (file:///c:/Users/Charl/AppData/Local/Programs/Microsoft%20VS%20Code/resources/app/out/vs/workbench/api/node/extensionHostProcess.js:29:116281)
	at s.<computed>.n.charCodeAt.s.<computed> (file:///c:/Users/Charl/AppData/Local/Programs/Microsoft%20VS%20Code/resources/app/out/vs/workbench/api/node/extensionHostProcess.js:29:113775)
	at Sw.g (file:///c:/Users/Charl/AppData/Local/Programs/Microsoft%20VS%20Code/resources/app/out/vs/workbench/api/node/extensionHostProcess.js:112:41039)
	at Sw.executeCommand (file:///c:/Users/Charl/AppData/Local/Programs/Microsoft%20VS%20Code/resources/app/out/vs/workbench/api/node/extensionHostProcess.js:112:40543)
	at r.registerCommand.description (file:///c:/Users/Charl/AppData/Local/Programs/Microsoft%20VS%20Code/resources/app/out/vs/workbench/api/node/extensionHostProcess.js:112:39873)
	at Sw.h (file:///c:/Users/Charl/AppData/Local/Programs/Microsoft%20VS%20Code/resources/app/out/vs/workbench/api/node/extensionHostProcess.js:112:41559)
	at Sw.g (file:///c:/Users/Charl/AppData/Local/Programs/Microsoft%20VS%20Code/resources/app/out/vs/workbench/api/node/extensionHostProcess.js:112:40636)
	at Sw.executeCommand (file:///c:/Users/Charl/AppData/Local/Programs/Microsoft%20VS%20Code/resources/app/out/vs/workbench/api/node/extensionHostProcess.js:112:40543)
	at Object.executeCommand (file:///c:/Users/Charl/AppData/Local/Programs/Microsoft%20VS%20Code/resources/app/out/vs/workbench/api/node/extensionHostProcess.js:172:37375)
	at Th.L [as value] (c:\Users\Charl\AppData\Local\Programs\Microsoft VS Code\resources\app\extensions\git\dist\main.js:2:1000063)
	at P.B (file:///c:/Users/Charl/AppData/Local/Programs/Microsoft%20VS%20Code/resources/app/out/vs/workbench/api/node/extensionHostProcess.js:27:2375)
	at P.C (file:///c:/Users/Charl/AppData/Local/Programs/Microsoft%20VS%20Code/resources/app/out/vs/workbench/api/node/extensionHostProcess.js:27:2445)
	at P.fire (file:///c:/Users/Charl/AppData/Local/Programs/Microsoft%20VS%20Code/resources/app/out/vs/workbench/api/node/extensionHostProcess.js:27:2662)
	at Object.p [as dispose] (c:\Users\Charl\AppData\Local\Programs\Microsoft VS Code\resources\app\extensions\git\dist\main.js:2:1022703)
	at c:\Users\Charl\AppData\Local\Programs\Microsoft VS Code\resources\app\extensions\git\dist\main.js:2:1029021
	at Array.forEach (<anonymous>)
	at b.dispose (c:\Users\Charl\AppData\Local\Programs\Microsoft VS Code\resources\app\extensions\git\dist\main.js:2:1029007)
	at fv.<anonymous> (file:///c:/Users/Charl/AppData/Local/Programs/Microsoft%20VS%20Code/resources/app/out/vs/workbench/api/node/extensionHostProcess.js:108:8922)
	at fv.dispose (file:///c:/Users/Charl/AppData/Local/Programs/Microsoft%20VS%20Code/resources/app/out/vs/workbench/api/node/extensionHostProcess.js:108:9018)
	at fv.<anonymous> (c:\Users\Charl\AppData\Local\Programs\Microsoft VS Code\resources\app\extensions\git\dist\main.js:2:1002547)
	at fv.dispose (file:///c:/Users/Charl/AppData/Local/Programs/Microsoft%20VS%20Code/resources/app/out/vs/workbench/api/node/extensionHostProcess.js:108:9018)
	at hi (file:///c:/Users/Charl/AppData/Local/Programs/Microsoft%20VS%20Code/resources/app/out/vs/workbench/api/node/extensionHostProcess.js:25:701)
	at file:///c:/Users/Charl/AppData/Local/Programs/Microsoft%20VS%20Code/resources/app/out/vs/workbench/api/node/extensionHostProcess.js:116:14994
	at file:///c:/Users/Charl/AppData/Local/Programs/Microsoft%20VS%20Code/resources/app/out/vs/workbench/api/node/extensionHostProcess.js:25:1011
	at Object.dispose (file:///c:/Users/Charl/AppData/Local/Programs/Microsoft%20VS%20Code/resources/app/out/vs/workbench/api/node/extensionHostProcess.js:8:705)
	at zz.eb (file:///c:/Users/Charl/AppData/Local/Programs/Microsoft%20VS%20Code/resources/app/out/vs/workbench/api/node/extensionHostProcess.js:116:11921)
	at file:///c:/Users/Charl/AppData/Local/Programs/Microsoft%20VS%20Code/resources/app/out/vs/workbench/api/node/extensionHostProcess.js:116:9876
	at Array.map (<anonymous>)
	at zz.$ (file:///c:/Users/Charl/AppData/Local/Programs/Microsoft%20VS%20Code/resources/app/out/vs/workbench/api/node/extensionHostProcess.js:116:9864)
	at zz.terminate (file:///c:/Users/Charl/AppData/Local/Programs/Microsoft%20VS%20Code/resources/app/out/vs/workbench/api/node/extensionHostProcess.js:116:10107)
	at OI.terminate (file:///c:/Users/Charl/AppData/Local/Programs/Microsoft%20VS%20Code/resources/app/out/vs/workbench/api/node/extensionHostProcess.js:117:1434)
	at ts (file:///c:/Users/Charl/AppData/Local/Programs/Microsoft%20VS%20Code/resources/app/out/vs/workbench/api/node/extensionHostProcess.js:190:15108)
	at MessagePortMain.<anonymous> (file:///c:/Users/Charl/AppData/Local/Programs/Microsoft%20VS%20Code/resources/app/out/vs/workbench/api/node/extensionHostProcess.js:190:11656)
	at MessagePortMain.emit (node:events:518:28)
	at MessagePortMain._internalPort.emit (node:electron/js2c/utility_init:2:2949) setContext undefined
2025-03-16 13:11:50.051 [error] Canceled: Canceled
	at new dR (file:///c:/Users/Charl/AppData/Local/Programs/Microsoft%20VS%20Code/resources/app/out/vs/workbench/api/node/extensionHostProcess.js:29:111670)
	at qy.U (file:///c:/Users/Charl/AppData/Local/Programs/Microsoft%20VS%20Code/resources/app/out/vs/workbench/api/node/extensionHostProcess.js:29:116281)
	at s.<computed>.n.charCodeAt.s.<computed> (file:///c:/Users/Charl/AppData/Local/Programs/Microsoft%20VS%20Code/resources/app/out/vs/workbench/api/node/extensionHostProcess.js:29:113775)
	at Sw.g (file:///c:/Users/Charl/AppData/Local/Programs/Microsoft%20VS%20Code/resources/app/out/vs/workbench/api/node/extensionHostProcess.js:112:41039)
	at Sw.executeCommand (file:///c:/Users/Charl/AppData/Local/Programs/Microsoft%20VS%20Code/resources/app/out/vs/workbench/api/node/extensionHostProcess.js:112:40543)
	at r.registerCommand.description (file:///c:/Users/Charl/AppData/Local/Programs/Microsoft%20VS%20Code/resources/app/out/vs/workbench/api/node/extensionHostProcess.js:112:39873)
	at Sw.h (file:///c:/Users/Charl/AppData/Local/Programs/Microsoft%20VS%20Code/resources/app/out/vs/workbench/api/node/extensionHostProcess.js:112:41559)
	at Sw.g (file:///c:/Users/Charl/AppData/Local/Programs/Microsoft%20VS%20Code/resources/app/out/vs/workbench/api/node/extensionHostProcess.js:112:40636)
	at Sw.executeCommand (file:///c:/Users/Charl/AppData/Local/Programs/Microsoft%20VS%20Code/resources/app/out/vs/workbench/api/node/extensionHostProcess.js:112:40543)
	at Object.executeCommand (file:///c:/Users/Charl/AppData/Local/Programs/Microsoft%20VS%20Code/resources/app/out/vs/workbench/api/node/extensionHostProcess.js:172:37375)
	at set hasGitHubRepositories (c:\Users\Charl\AppData\Local\Programs\Microsoft VS Code\resources\app\extensions\github\dist\extension.js:2:217805)
	at c:\Users\Charl\AppData\Local\Programs\Microsoft VS Code\resources\app\extensions\github\dist\extension.js:2:218764
	at Th.value (c:\Users\Charl\AppData\Local\Programs\Microsoft VS Code\resources\app\extensions\git\dist\main.js:2:1120702)
	at P.B (file:///c:/Users/Charl/AppData/Local/Programs/Microsoft%20VS%20Code/resources/app/out/vs/workbench/api/node/extensionHostProcess.js:27:2375)
	at P.C (file:///c:/Users/Charl/AppData/Local/Programs/Microsoft%20VS%20Code/resources/app/out/vs/workbench/api/node/extensionHostProcess.js:27:2445)
	at P.fire (file:///c:/Users/Charl/AppData/Local/Programs/Microsoft%20VS%20Code/resources/app/out/vs/workbench/api/node/extensionHostProcess.js:27:2662)
	at Object.p [as dispose] (c:\Users\Charl\AppData\Local\Programs\Microsoft VS Code\resources\app\extensions\git\dist\main.js:2:1022703)
	at c:\Users\Charl\AppData\Local\Programs\Microsoft VS Code\resources\app\extensions\git\dist\main.js:2:1029021
	at Array.forEach (<anonymous>)
	at b.dispose (c:\Users\Charl\AppData\Local\Programs\Microsoft VS Code\resources\app\extensions\git\dist\main.js:2:1029007)
	at fv.<anonymous> (file:///c:/Users/Charl/AppData/Local/Programs/Microsoft%20VS%20Code/resources/app/out/vs/workbench/api/node/extensionHostProcess.js:108:8922)
	at fv.dispose (file:///c:/Users/Charl/AppData/Local/Programs/Microsoft%20VS%20Code/resources/app/out/vs/workbench/api/node/extensionHostProcess.js:108:9018)
	at fv.<anonymous> (c:\Users\Charl\AppData\Local\Programs\Microsoft VS Code\resources\app\extensions\git\dist\main.js:2:1002547)
	at fv.dispose (file:///c:/Users/Charl/AppData/Local/Programs/Microsoft%20VS%20Code/resources/app/out/vs/workbench/api/node/extensionHostProcess.js:108:9018)
	at hi (file:///c:/Users/Charl/AppData/Local/Programs/Microsoft%20VS%20Code/resources/app/out/vs/workbench/api/node/extensionHostProcess.js:25:701)
	at file:///c:/Users/Charl/AppData/Local/Programs/Microsoft%20VS%20Code/resources/app/out/vs/workbench/api/node/extensionHostProcess.js:116:14994
	at file:///c:/Users/Charl/AppData/Local/Programs/Microsoft%20VS%20Code/resources/app/out/vs/workbench/api/node/extensionHostProcess.js:25:1011
	at Object.dispose (file:///c:/Users/Charl/AppData/Local/Programs/Microsoft%20VS%20Code/resources/app/out/vs/workbench/api/node/extensionHostProcess.js:8:705)
	at zz.eb (file:///c:/Users/Charl/AppData/Local/Programs/Microsoft%20VS%20Code/resources/app/out/vs/workbench/api/node/extensionHostProcess.js:116:11921)
	at file:///c:/Users/Charl/AppData/Local/Programs/Microsoft%20VS%20Code/resources/app/out/vs/workbench/api/node/extensionHostProcess.js:116:9876
	at Array.map (<anonymous>)
	at zz.$ (file:///c:/Users/Charl/AppData/Local/Programs/Microsoft%20VS%20Code/resources/app/out/vs/workbench/api/node/extensionHostProcess.js:116:9864)
	at zz.terminate (file:///c:/Users/Charl/AppData/Local/Programs/Microsoft%20VS%20Code/resources/app/out/vs/workbench/api/node/extensionHostProcess.js:116:10107)
	at OI.terminate (file:///c:/Users/Charl/AppData/Local/Programs/Microsoft%20VS%20Code/resources/app/out/vs/workbench/api/node/extensionHostProcess.js:117:1434)
	at ts (file:///c:/Users/Charl/AppData/Local/Programs/Microsoft%20VS%20Code/resources/app/out/vs/workbench/api/node/extensionHostProcess.js:190:15108)
	at MessagePortMain.<anonymous> (file:///c:/Users/Charl/AppData/Local/Programs/Microsoft%20VS%20Code/resources/app/out/vs/workbench/api/node/extensionHostProcess.js:190:11656)
	at MessagePortMain.emit (node:events:518:28)
	at MessagePortMain._internalPort.emit (node:electron/js2c/utility_init:2:2949) setContext undefined
2025-03-16 13:11:50.056 [info] Extension host with pid 19360 exiting with code 0
2025-03-16 13:11:51.210 [info] Extension host with pid 11024 started
2025-03-16 13:11:51.210 [info] Skipping acquiring lock for c:\Users\Charl\AppData\Roaming\Code\User\workspaceStorage\b5b5b74d9a59e71a7f649ec1fa24f892.
2025-03-16 13:11:51.283 [info] ExtensionService#_doActivateExtension vscode.github-authentication, startup: false, activationEvent: 'onAuthenticationRequest:github'
2025-03-16 13:11:51.309 [info] ExtensionService#_doActivateExtension vscode.emmet, startup: false, activationEvent: 'onLanguage'
2025-03-16 13:11:51.360 [info] ExtensionService#_doActivateExtension vscode.git-base, startup: true, activationEvent: '*', root cause: vscode.git
2025-03-16 13:11:51.426 [info] ExtensionService#_doActivateExtension vscode.git, startup: true, activationEvent: '*'
2025-03-16 13:11:51.484 [info] ExtensionService#_doActivateExtension vscode.github, startup: true, activationEvent: '*'
2025-03-16 13:11:51.566 [info] Eager extensions activated
2025-03-16 13:11:51.721 [info] ExtensionService#_doActivateExtension vscode.debug-auto-launch, startup: false, activationEvent: 'onStartupFinished'
2025-03-16 13:11:51.725 [info] ExtensionService#_doActivateExtension vscode.merge-conflict, startup: false, activationEvent: 'onStartupFinished'
2025-03-16 13:11:51.743 [info] ExtensionService#_doActivateExtension ecmel.vscode-html-css, startup: false, activationEvent: 'onStartupFinished'
2025-03-16 13:11:51.746 [info] ExtensionService#_doActivateExtension kisstkondoros.vscode-gutter-preview, startup: false, activationEvent: 'onStartupFinished'
2025-03-16 13:11:51.797 [info] ExtensionService#_doActivateExtension miguelsolorio.symbols, startup: false, activationEvent: 'onStartupFinished'
2025-03-16 13:11:51.808 [info] ExtensionService#_doActivateExtension ms-dotnettools.vscode-dotnet-runtime, startup: false, activationEvent: 'onStartupFinished'
2025-03-16 13:11:51.877 [info] ExtensionService#_doActivateExtension usernamehw.errorlens, startup: false, activationEvent: 'onStartupFinished'
2025-03-16 13:11:52.778 [info] ExtensionService#_doActivateExtension vscode.html-language-features, startup: false, activationEvent: 'onLanguage:html'
2025-03-16 13:12:27.810 [info] ExtensionService#_doActivateExtension naumovs.color-highlight, startup: false, activationEvent: 'onStartupFinished'
2025-03-16 13:12:56.184 [info] ExtensionService#_doActivateExtension vscode.css-language-features, startup: false, activationEvent: 'onLanguage:css'
2025-03-16 13:15:12.101 [info] ExtensionService#_doActivateExtension ms-python.python, startup: false, activationEvent: 'onLanguage:python', root cause: ms-python.debugpy
2025-03-16 13:15:12.270 [info] ExtensionService#_doActivateExtension VisualStudioExptTeam.intellicode-api-usage-examples, startup: false, activationEvent: 'onLanguage:python'
2025-03-16 13:15:12.377 [info] ExtensionService#_doActivateExtension VisualStudioExptTeam.vscodeintellicode, startup: false, activationEvent: 'onLanguage:python'
2025-03-16 13:15:12.603 [info] ExtensionService#_doActivateExtension ms-python.debugpy, startup: false, activationEvent: 'onLanguage:python'
2025-03-16 13:15:12.676 [info] ExtensionService#_doActivateExtension ms-python.vscode-pylance, startup: false, activationEvent: 'onLanguage:python'
2025-03-16 13:16:24.286 [info] ExtensionService#_doActivateExtension vscode.configuration-editing, startup: false, activationEvent: 'onLanguage:jsonc'
2025-03-16 13:16:24.295 [info] ExtensionService#_doActivateExtension vscode.json-language-features, startup: false, activationEvent: 'onLanguage:jsonc'
2025-03-16 13:16:24.342 [info] ExtensionService#_doActivateExtension vscode.typescript-language-features, startup: false, activationEvent: 'onLanguage:jsonc'
2025-03-16 13:23:36.949 [info] Extension host terminating: renderer closed the MessagePort
2025-03-16 13:23:37.010 [error] Canceled: Canceled
	at new dR (file:///c:/Users/Charl/AppData/Local/Programs/Microsoft%20VS%20Code/resources/app/out/vs/workbench/api/node/extensionHostProcess.js:29:111670)
	at qy.U (file:///c:/Users/Charl/AppData/Local/Programs/Microsoft%20VS%20Code/resources/app/out/vs/workbench/api/node/extensionHostProcess.js:29:116281)
	at s.<computed>.n.charCodeAt.s.<computed> (file:///c:/Users/Charl/AppData/Local/Programs/Microsoft%20VS%20Code/resources/app/out/vs/workbench/api/node/extensionHostProcess.js:29:113775)
	at Sw.g (file:///c:/Users/Charl/AppData/Local/Programs/Microsoft%20VS%20Code/resources/app/out/vs/workbench/api/node/extensionHostProcess.js:112:41039)
	at Sw.executeCommand (file:///c:/Users/Charl/AppData/Local/Programs/Microsoft%20VS%20Code/resources/app/out/vs/workbench/api/node/extensionHostProcess.js:112:40543)
	at r.registerCommand.description (file:///c:/Users/Charl/AppData/Local/Programs/Microsoft%20VS%20Code/resources/app/out/vs/workbench/api/node/extensionHostProcess.js:112:39873)
	at Sw.h (file:///c:/Users/Charl/AppData/Local/Programs/Microsoft%20VS%20Code/resources/app/out/vs/workbench/api/node/extensionHostProcess.js:112:41559)
	at Sw.g (file:///c:/Users/Charl/AppData/Local/Programs/Microsoft%20VS%20Code/resources/app/out/vs/workbench/api/node/extensionHostProcess.js:112:40636)
	at Sw.executeCommand (file:///c:/Users/Charl/AppData/Local/Programs/Microsoft%20VS%20Code/resources/app/out/vs/workbench/api/node/extensionHostProcess.js:112:40543)
	at Object.executeCommand (file:///c:/Users/Charl/AppData/Local/Programs/Microsoft%20VS%20Code/resources/app/out/vs/workbench/api/node/extensionHostProcess.js:172:37375)
	at Th.L [as value] (c:\Users\Charl\AppData\Local\Programs\Microsoft VS Code\resources\app\extensions\git\dist\main.js:2:1000063)
	at P.B (file:///c:/Users/Charl/AppData/Local/Programs/Microsoft%20VS%20Code/resources/app/out/vs/workbench/api/node/extensionHostProcess.js:27:2375)
	at P.C (file:///c:/Users/Charl/AppData/Local/Programs/Microsoft%20VS%20Code/resources/app/out/vs/workbench/api/node/extensionHostProcess.js:27:2445)
	at P.fire (file:///c:/Users/Charl/AppData/Local/Programs/Microsoft%20VS%20Code/resources/app/out/vs/workbench/api/node/extensionHostProcess.js:27:2662)
	at Object.p [as dispose] (c:\Users\Charl\AppData\Local\Programs\Microsoft VS Code\resources\app\extensions\git\dist\main.js:2:1022703)
	at c:\Users\Charl\AppData\Local\Programs\Microsoft VS Code\resources\app\extensions\git\dist\main.js:2:1029021
	at Array.forEach (<anonymous>)
	at b.dispose (c:\Users\Charl\AppData\Local\Programs\Microsoft VS Code\resources\app\extensions\git\dist\main.js:2:1029007)
	at fv.<anonymous> (file:///c:/Users/Charl/AppData/Local/Programs/Microsoft%20VS%20Code/resources/app/out/vs/workbench/api/node/extensionHostProcess.js:108:8922)
	at fv.dispose (file:///c:/Users/Charl/AppData/Local/Programs/Microsoft%20VS%20Code/resources/app/out/vs/workbench/api/node/extensionHostProcess.js:108:9018)
	at fv.<anonymous> (c:\Users\Charl\AppData\Local\Programs\Microsoft VS Code\resources\app\extensions\git\dist\main.js:2:1002547)
	at fv.dispose (file:///c:/Users/Charl/AppData/Local/Programs/Microsoft%20VS%20Code/resources/app/out/vs/workbench/api/node/extensionHostProcess.js:108:9018)
	at hi (file:///c:/Users/Charl/AppData/Local/Programs/Microsoft%20VS%20Code/resources/app/out/vs/workbench/api/node/extensionHostProcess.js:25:701)
	at file:///c:/Users/Charl/AppData/Local/Programs/Microsoft%20VS%20Code/resources/app/out/vs/workbench/api/node/extensionHostProcess.js:116:14994
	at file:///c:/Users/Charl/AppData/Local/Programs/Microsoft%20VS%20Code/resources/app/out/vs/workbench/api/node/extensionHostProcess.js:25:1011
	at Object.dispose (file:///c:/Users/Charl/AppData/Local/Programs/Microsoft%20VS%20Code/resources/app/out/vs/workbench/api/node/extensionHostProcess.js:8:705)
	at zz.eb (file:///c:/Users/Charl/AppData/Local/Programs/Microsoft%20VS%20Code/resources/app/out/vs/workbench/api/node/extensionHostProcess.js:116:11921)
	at file:///c:/Users/Charl/AppData/Local/Programs/Microsoft%20VS%20Code/resources/app/out/vs/workbench/api/node/extensionHostProcess.js:116:9876
	at Array.map (<anonymous>)
	at zz.$ (file:///c:/Users/Charl/AppData/Local/Programs/Microsoft%20VS%20Code/resources/app/out/vs/workbench/api/node/extensionHostProcess.js:116:9864)
	at zz.terminate (file:///c:/Users/Charl/AppData/Local/Programs/Microsoft%20VS%20Code/resources/app/out/vs/workbench/api/node/extensionHostProcess.js:116:10107)
	at OI.terminate (file:///c:/Users/Charl/AppData/Local/Programs/Microsoft%20VS%20Code/resources/app/out/vs/workbench/api/node/extensionHostProcess.js:117:1434)
	at ts (file:///c:/Users/Charl/AppData/Local/Programs/Microsoft%20VS%20Code/resources/app/out/vs/workbench/api/node/extensionHostProcess.js:190:15108)
	at MessagePortMain.<anonymous> (file:///c:/Users/Charl/AppData/Local/Programs/Microsoft%20VS%20Code/resources/app/out/vs/workbench/api/node/extensionHostProcess.js:190:11656)
	at MessagePortMain.emit (node:events:518:28)
	at MessagePortMain._internalPort.emit (node:electron/js2c/utility_init:2:2949) setContext undefined
2025-03-16 13:23:37.010 [error] Canceled: Canceled
	at new dR (file:///c:/Users/Charl/AppData/Local/Programs/Microsoft%20VS%20Code/resources/app/out/vs/workbench/api/node/extensionHostProcess.js:29:111670)
	at qy.U (file:///c:/Users/Charl/AppData/Local/Programs/Microsoft%20VS%20Code/resources/app/out/vs/workbench/api/node/extensionHostProcess.js:29:116281)
	at s.<computed>.n.charCodeAt.s.<computed> (file:///c:/Users/Charl/AppData/Local/Programs/Microsoft%20VS%20Code/resources/app/out/vs/workbench/api/node/extensionHostProcess.js:29:113775)
	at Sw.g (file:///c:/Users/Charl/AppData/Local/Programs/Microsoft%20VS%20Code/resources/app/out/vs/workbench/api/node/extensionHostProcess.js:112:41039)
	at Sw.executeCommand (file:///c:/Users/Charl/AppData/Local/Programs/Microsoft%20VS%20Code/resources/app/out/vs/workbench/api/node/extensionHostProcess.js:112:40543)
	at r.registerCommand.description (file:///c:/Users/Charl/AppData/Local/Programs/Microsoft%20VS%20Code/resources/app/out/vs/workbench/api/node/extensionHostProcess.js:112:39873)
	at Sw.h (file:///c:/Users/Charl/AppData/Local/Programs/Microsoft%20VS%20Code/resources/app/out/vs/workbench/api/node/extensionHostProcess.js:112:41559)
	at Sw.g (file:///c:/Users/Charl/AppData/Local/Programs/Microsoft%20VS%20Code/resources/app/out/vs/workbench/api/node/extensionHostProcess.js:112:40636)
	at Sw.executeCommand (file:///c:/Users/Charl/AppData/Local/Programs/Microsoft%20VS%20Code/resources/app/out/vs/workbench/api/node/extensionHostProcess.js:112:40543)
	at Object.executeCommand (file:///c:/Users/Charl/AppData/Local/Programs/Microsoft%20VS%20Code/resources/app/out/vs/workbench/api/node/extensionHostProcess.js:172:37375)
	at set hasGitHubRepositories (c:\Users\Charl\AppData\Local\Programs\Microsoft VS Code\resources\app\extensions\github\dist\extension.js:2:217805)
	at c:\Users\Charl\AppData\Local\Programs\Microsoft VS Code\resources\app\extensions\github\dist\extension.js:2:218764
	at Th.value (c:\Users\Charl\AppData\Local\Programs\Microsoft VS Code\resources\app\extensions\git\dist\main.js:2:1120702)
	at P.B (file:///c:/Users/Charl/AppData/Local/Programs/Microsoft%20VS%20Code/resources/app/out/vs/workbench/api/node/extensionHostProcess.js:27:2375)
	at P.C (file:///c:/Users/Charl/AppData/Local/Programs/Microsoft%20VS%20Code/resources/app/out/vs/workbench/api/node/extensionHostProcess.js:27:2445)
	at P.fire (file:///c:/Users/Charl/AppData/Local/Programs/Microsoft%20VS%20Code/resources/app/out/vs/workbench/api/node/extensionHostProcess.js:27:2662)
	at Object.p [as dispose] (c:\Users\Charl\AppData\Local\Programs\Microsoft VS Code\resources\app\extensions\git\dist\main.js:2:1022703)
	at c:\Users\Charl\AppData\Local\Programs\Microsoft VS Code\resources\app\extensions\git\dist\main.js:2:1029021
	at Array.forEach (<anonymous>)
	at b.dispose (c:\Users\Charl\AppData\Local\Programs\Microsoft VS Code\resources\app\extensions\git\dist\main.js:2:1029007)
	at fv.<anonymous> (file:///c:/Users/Charl/AppData/Local/Programs/Microsoft%20VS%20Code/resources/app/out/vs/workbench/api/node/extensionHostProcess.js:108:8922)
	at fv.dispose (file:///c:/Users/Charl/AppData/Local/Programs/Microsoft%20VS%20Code/resources/app/out/vs/workbench/api/node/extensionHostProcess.js:108:9018)
	at fv.<anonymous> (c:\Users\Charl\AppData\Local\Programs\Microsoft VS Code\resources\app\extensions\git\dist\main.js:2:1002547)
	at fv.dispose (file:///c:/Users/Charl/AppData/Local/Programs/Microsoft%20VS%20Code/resources/app/out/vs/workbench/api/node/extensionHostProcess.js:108:9018)
	at hi (file:///c:/Users/Charl/AppData/Local/Programs/Microsoft%20VS%20Code/resources/app/out/vs/workbench/api/node/extensionHostProcess.js:25:701)
	at file:///c:/Users/Charl/AppData/Local/Programs/Microsoft%20VS%20Code/resources/app/out/vs/workbench/api/node/extensionHostProcess.js:116:14994
	at file:///c:/Users/Charl/AppData/Local/Programs/Microsoft%20VS%20Code/resources/app/out/vs/workbench/api/node/extensionHostProcess.js:25:1011
	at Object.dispose (file:///c:/Users/Charl/AppData/Local/Programs/Microsoft%20VS%20Code/resources/app/out/vs/workbench/api/node/extensionHostProcess.js:8:705)
	at zz.eb (file:///c:/Users/Charl/AppData/Local/Programs/Microsoft%20VS%20Code/resources/app/out/vs/workbench/api/node/extensionHostProcess.js:116:11921)
	at file:///c:/Users/Charl/AppData/Local/Programs/Microsoft%20VS%20Code/resources/app/out/vs/workbench/api/node/extensionHostProcess.js:116:9876
	at Array.map (<anonymous>)
	at zz.$ (file:///c:/Users/Charl/AppData/Local/Programs/Microsoft%20VS%20Code/resources/app/out/vs/workbench/api/node/extensionHostProcess.js:116:9864)
	at zz.terminate (file:///c:/Users/Charl/AppData/Local/Programs/Microsoft%20VS%20Code/resources/app/out/vs/workbench/api/node/extensionHostProcess.js:116:10107)
	at OI.terminate (file:///c:/Users/Charl/AppData/Local/Programs/Microsoft%20VS%20Code/resources/app/out/vs/workbench/api/node/extensionHostProcess.js:117:1434)
	at ts (file:///c:/Users/Charl/AppData/Local/Programs/Microsoft%20VS%20Code/resources/app/out/vs/workbench/api/node/extensionHostProcess.js:190:15108)
	at MessagePortMain.<anonymous> (file:///c:/Users/Charl/AppData/Local/Programs/Microsoft%20VS%20Code/resources/app/out/vs/workbench/api/node/extensionHostProcess.js:190:11656)
	at MessagePortMain.emit (node:events:518:28)
	at MessagePortMain._internalPort.emit (node:electron/js2c/utility_init:2:2949) setContext undefined
2025-03-16 13:23:37.015 [info] Extension host with pid 11024 exiting with code 0
2025-03-16 13:23:37.627 [info] Extension host with pid 3612 started
2025-03-16 13:23:37.627 [info] Skipping acquiring lock for c:\Users\Charl\AppData\Roaming\Code\User\workspaceStorage\b5b5b74d9a59e71a7f649ec1fa24f892.
2025-03-16 13:23:37.643 [info] ExtensionService#_doActivateExtension vscode.github-authentication, startup: false, activationEvent: 'onAuthenticationRequest:github'
2025-03-16 13:23:37.665 [info] ExtensionService#_doActivateExtension vscode.emmet, startup: false, activationEvent: 'onLanguage'
2025-03-16 13:23:37.680 [info] ExtensionService#_doActivateExtension ecmel.vscode-html-css, startup: false, activationEvent: 'onCommand:vscode-html-css.validate'
2025-03-16 13:23:37.684 [info] ExtensionService#_doActivateExtension vscode.html-language-features, startup: false, activationEvent: 'onLanguage:html'
2025-03-16 13:23:37.731 [info] ExtensionService#_doActivateExtension vscode.git-base, startup: false, activationEvent: 'onFileSystem:git', root cause: vscode.git
2025-03-16 13:23:37.735 [info] ExtensionService#_doActivateExtension vscode.css-language-features, startup: false, activationEvent: 'onLanguage:css'
2025-03-16 13:23:37.771 [info] ExtensionService#_doActivateExtension ms-python.python, startup: false, activationEvent: 'onLanguage:python', root cause: ms-python.debugpy
2025-03-16 13:23:37.918 [info] ExtensionService#_doActivateExtension VisualStudioExptTeam.intellicode-api-usage-examples, startup: false, activationEvent: 'onLanguage:python'
2025-03-16 13:23:38.025 [info] ExtensionService#_doActivateExtension VisualStudioExptTeam.vscodeintellicode, startup: false, activationEvent: 'onLanguage:python'
2025-03-16 13:23:38.065 [info] ExtensionService#_doActivateExtension vscode.configuration-editing, startup: false, activationEvent: 'onLanguage:jsonc'
2025-03-16 13:23:38.074 [info] ExtensionService#_doActivateExtension vscode.json-language-features, startup: false, activationEvent: 'onLanguage:jsonc'
2025-03-16 13:23:38.130 [info] ExtensionService#_doActivateExtension vscode.typescript-language-features, startup: false, activationEvent: 'onLanguage:jsonc'
2025-03-16 13:23:38.357 [info] ExtensionService#_doActivateExtension vscode.git, startup: false, activationEvent: 'onFileSystem:git'
2025-03-16 13:23:38.666 [info] ExtensionService#_doActivateExtension ms-python.debugpy, startup: false, activationEvent: 'onLanguage:python'
2025-03-16 13:23:38.726 [info] ExtensionService#_doActivateExtension ms-python.vscode-pylance, startup: false, activationEvent: 'onLanguage:python'
2025-03-16 13:23:39.141 [info] ExtensionService#_doActivateExtension vscode.github, startup: true, activationEvent: '*'
2025-03-16 13:23:39.323 [info] Eager extensions activated
2025-03-16 13:23:39.351 [info] ExtensionService#_doActivateExtension vscode.debug-auto-launch, startup: false, activationEvent: 'onStartupFinished'
2025-03-16 13:23:39.356 [info] ExtensionService#_doActivateExtension vscode.merge-conflict, startup: false, activationEvent: 'onStartupFinished'
2025-03-16 13:23:39.385 [info] ExtensionService#_doActivateExtension kisstkondoros.vscode-gutter-preview, startup: false, activationEvent: 'onStartupFinished'
2025-03-16 13:23:39.439 [info] ExtensionService#_doActivateExtension miguelsolorio.symbols, startup: false, activationEvent: 'onStartupFinished'
2025-03-16 13:23:39.453 [info] ExtensionService#_doActivateExtension ms-dotnettools.vscode-dotnet-runtime, startup: false, activationEvent: 'onStartupFinished'
2025-03-16 13:23:39.541 [info] ExtensionService#_doActivateExtension usernamehw.errorlens, startup: false, activationEvent: 'onStartupFinished'
2025-03-16 13:23:39.795 [info] ExtensionService#_doActivateExtension naumovs.color-highlight, startup: false, activationEvent: 'onStartupFinished'
2025-03-16 13:28:23.996 [error] [ecmel.vscode-html-css] provider FAILED
2025-03-16 13:28:23.996 [error] undefined
2025-03-16 13:32:59.395 [info] Extension host terminating: renderer closed the MessagePort
2025-03-16 13:32:59.450 [error] Canceled: Canceled
	at new dR (file:///c:/Users/Charl/AppData/Local/Programs/Microsoft%20VS%20Code/resources/app/out/vs/workbench/api/node/extensionHostProcess.js:29:111670)
	at qy.U (file:///c:/Users/Charl/AppData/Local/Programs/Microsoft%20VS%20Code/resources/app/out/vs/workbench/api/node/extensionHostProcess.js:29:116281)
	at s.<computed>.n.charCodeAt.s.<computed> (file:///c:/Users/Charl/AppData/Local/Programs/Microsoft%20VS%20Code/resources/app/out/vs/workbench/api/node/extensionHostProcess.js:29:113775)
	at Sw.g (file:///c:/Users/Charl/AppData/Local/Programs/Microsoft%20VS%20Code/resources/app/out/vs/workbench/api/node/extensionHostProcess.js:112:41039)
	at Sw.executeCommand (file:///c:/Users/Charl/AppData/Local/Programs/Microsoft%20VS%20Code/resources/app/out/vs/workbench/api/node/extensionHostProcess.js:112:40543)
	at r.registerCommand.description (file:///c:/Users/Charl/AppData/Local/Programs/Microsoft%20VS%20Code/resources/app/out/vs/workbench/api/node/extensionHostProcess.js:112:39873)
	at Sw.h (file:///c:/Users/Charl/AppData/Local/Programs/Microsoft%20VS%20Code/resources/app/out/vs/workbench/api/node/extensionHostProcess.js:112:41559)
	at Sw.g (file:///c:/Users/Charl/AppData/Local/Programs/Microsoft%20VS%20Code/resources/app/out/vs/workbench/api/node/extensionHostProcess.js:112:40636)
	at Sw.executeCommand (file:///c:/Users/Charl/AppData/Local/Programs/Microsoft%20VS%20Code/resources/app/out/vs/workbench/api/node/extensionHostProcess.js:112:40543)
	at Object.executeCommand (file:///c:/Users/Charl/AppData/Local/Programs/Microsoft%20VS%20Code/resources/app/out/vs/workbench/api/node/extensionHostProcess.js:172:37375)
	at Th.L [as value] (c:\Users\Charl\AppData\Local\Programs\Microsoft VS Code\resources\app\extensions\git\dist\main.js:2:1000063)
	at P.B (file:///c:/Users/Charl/AppData/Local/Programs/Microsoft%20VS%20Code/resources/app/out/vs/workbench/api/node/extensionHostProcess.js:27:2375)
	at P.C (file:///c:/Users/Charl/AppData/Local/Programs/Microsoft%20VS%20Code/resources/app/out/vs/workbench/api/node/extensionHostProcess.js:27:2445)
	at P.fire (file:///c:/Users/Charl/AppData/Local/Programs/Microsoft%20VS%20Code/resources/app/out/vs/workbench/api/node/extensionHostProcess.js:27:2662)
	at Object.p [as dispose] (c:\Users\Charl\AppData\Local\Programs\Microsoft VS Code\resources\app\extensions\git\dist\main.js:2:1022703)
	at c:\Users\Charl\AppData\Local\Programs\Microsoft VS Code\resources\app\extensions\git\dist\main.js:2:1029021
	at Array.forEach (<anonymous>)
	at b.dispose (c:\Users\Charl\AppData\Local\Programs\Microsoft VS Code\resources\app\extensions\git\dist\main.js:2:1029007)
	at fv.<anonymous> (file:///c:/Users/Charl/AppData/Local/Programs/Microsoft%20VS%20Code/resources/app/out/vs/workbench/api/node/extensionHostProcess.js:108:8922)
	at fv.dispose (file:///c:/Users/Charl/AppData/Local/Programs/Microsoft%20VS%20Code/resources/app/out/vs/workbench/api/node/extensionHostProcess.js:108:9018)
	at fv.<anonymous> (c:\Users\Charl\AppData\Local\Programs\Microsoft VS Code\resources\app\extensions\git\dist\main.js:2:1002547)
	at fv.dispose (file:///c:/Users/Charl/AppData/Local/Programs/Microsoft%20VS%20Code/resources/app/out/vs/workbench/api/node/extensionHostProcess.js:108:9018)
	at hi (file:///c:/Users/Charl/AppData/Local/Programs/Microsoft%20VS%20Code/resources/app/out/vs/workbench/api/node/extensionHostProcess.js:25:701)
	at file:///c:/Users/Charl/AppData/Local/Programs/Microsoft%20VS%20Code/resources/app/out/vs/workbench/api/node/extensionHostProcess.js:116:14994
	at file:///c:/Users/Charl/AppData/Local/Programs/Microsoft%20VS%20Code/resources/app/out/vs/workbench/api/node/extensionHostProcess.js:25:1011
	at Object.dispose (file:///c:/Users/Charl/AppData/Local/Programs/Microsoft%20VS%20Code/resources/app/out/vs/workbench/api/node/extensionHostProcess.js:8:705)
	at zz.eb (file:///c:/Users/Charl/AppData/Local/Programs/Microsoft%20VS%20Code/resources/app/out/vs/workbench/api/node/extensionHostProcess.js:116:11921)
	at file:///c:/Users/Charl/AppData/Local/Programs/Microsoft%20VS%20Code/resources/app/out/vs/workbench/api/node/extensionHostProcess.js:116:9876
	at Array.map (<anonymous>)
	at zz.$ (file:///c:/Users/Charl/AppData/Local/Programs/Microsoft%20VS%20Code/resources/app/out/vs/workbench/api/node/extensionHostProcess.js:116:9864)
	at zz.terminate (file:///c:/Users/Charl/AppData/Local/Programs/Microsoft%20VS%20Code/resources/app/out/vs/workbench/api/node/extensionHostProcess.js:116:10107)
	at OI.terminate (file:///c:/Users/Charl/AppData/Local/Programs/Microsoft%20VS%20Code/resources/app/out/vs/workbench/api/node/extensionHostProcess.js:117:1434)
	at ts (file:///c:/Users/Charl/AppData/Local/Programs/Microsoft%20VS%20Code/resources/app/out/vs/workbench/api/node/extensionHostProcess.js:190:15108)
	at MessagePortMain.<anonymous> (file:///c:/Users/Charl/AppData/Local/Programs/Microsoft%20VS%20Code/resources/app/out/vs/workbench/api/node/extensionHostProcess.js:190:11656)
	at MessagePortMain.emit (node:events:518:28)
	at MessagePortMain._internalPort.emit (node:electron/js2c/utility_init:2:2949) setContext undefined
2025-03-16 13:32:59.451 [error] Canceled: Canceled
	at new dR (file:///c:/Users/Charl/AppData/Local/Programs/Microsoft%20VS%20Code/resources/app/out/vs/workbench/api/node/extensionHostProcess.js:29:111670)
	at qy.U (file:///c:/Users/Charl/AppData/Local/Programs/Microsoft%20VS%20Code/resources/app/out/vs/workbench/api/node/extensionHostProcess.js:29:116281)
	at s.<computed>.n.charCodeAt.s.<computed> (file:///c:/Users/Charl/AppData/Local/Programs/Microsoft%20VS%20Code/resources/app/out/vs/workbench/api/node/extensionHostProcess.js:29:113775)
	at Sw.g (file:///c:/Users/Charl/AppData/Local/Programs/Microsoft%20VS%20Code/resources/app/out/vs/workbench/api/node/extensionHostProcess.js:112:41039)
	at Sw.executeCommand (file:///c:/Users/Charl/AppData/Local/Programs/Microsoft%20VS%20Code/resources/app/out/vs/workbench/api/node/extensionHostProcess.js:112:40543)
	at r.registerCommand.description (file:///c:/Users/Charl/AppData/Local/Programs/Microsoft%20VS%20Code/resources/app/out/vs/workbench/api/node/extensionHostProcess.js:112:39873)
	at Sw.h (file:///c:/Users/Charl/AppData/Local/Programs/Microsoft%20VS%20Code/resources/app/out/vs/workbench/api/node/extensionHostProcess.js:112:41559)
	at Sw.g (file:///c:/Users/Charl/AppData/Local/Programs/Microsoft%20VS%20Code/resources/app/out/vs/workbench/api/node/extensionHostProcess.js:112:40636)
	at Sw.executeCommand (file:///c:/Users/Charl/AppData/Local/Programs/Microsoft%20VS%20Code/resources/app/out/vs/workbench/api/node/extensionHostProcess.js:112:40543)
	at Object.executeCommand (file:///c:/Users/Charl/AppData/Local/Programs/Microsoft%20VS%20Code/resources/app/out/vs/workbench/api/node/extensionHostProcess.js:172:37375)
	at set hasGitHubRepositories (c:\Users\Charl\AppData\Local\Programs\Microsoft VS Code\resources\app\extensions\github\dist\extension.js:2:217805)
	at c:\Users\Charl\AppData\Local\Programs\Microsoft VS Code\resources\app\extensions\github\dist\extension.js:2:218764
	at Th.value (c:\Users\Charl\AppData\Local\Programs\Microsoft VS Code\resources\app\extensions\git\dist\main.js:2:1120702)
	at P.B (file:///c:/Users/Charl/AppData/Local/Programs/Microsoft%20VS%20Code/resources/app/out/vs/workbench/api/node/extensionHostProcess.js:27:2375)
	at P.C (file:///c:/Users/Charl/AppData/Local/Programs/Microsoft%20VS%20Code/resources/app/out/vs/workbench/api/node/extensionHostProcess.js:27:2445)
	at P.fire (file:///c:/Users/Charl/AppData/Local/Programs/Microsoft%20VS%20Code/resources/app/out/vs/workbench/api/node/extensionHostProcess.js:27:2662)
	at Object.p [as dispose] (c:\Users\Charl\AppData\Local\Programs\Microsoft VS Code\resources\app\extensions\git\dist\main.js:2:1022703)
	at c:\Users\Charl\AppData\Local\Programs\Microsoft VS Code\resources\app\extensions\git\dist\main.js:2:1029021
	at Array.forEach (<anonymous>)
	at b.dispose (c:\Users\Charl\AppData\Local\Programs\Microsoft VS Code\resources\app\extensions\git\dist\main.js:2:1029007)
	at fv.<anonymous> (file:///c:/Users/Charl/AppData/Local/Programs/Microsoft%20VS%20Code/resources/app/out/vs/workbench/api/node/extensionHostProcess.js:108:8922)
	at fv.dispose (file:///c:/Users/Charl/AppData/Local/Programs/Microsoft%20VS%20Code/resources/app/out/vs/workbench/api/node/extensionHostProcess.js:108:9018)
	at fv.<anonymous> (c:\Users\Charl\AppData\Local\Programs\Microsoft VS Code\resources\app\extensions\git\dist\main.js:2:1002547)
	at fv.dispose (file:///c:/Users/Charl/AppData/Local/Programs/Microsoft%20VS%20Code/resources/app/out/vs/workbench/api/node/extensionHostProcess.js:108:9018)
	at hi (file:///c:/Users/Charl/AppData/Local/Programs/Microsoft%20VS%20Code/resources/app/out/vs/workbench/api/node/extensionHostProcess.js:25:701)
	at file:///c:/Users/Charl/AppData/Local/Programs/Microsoft%20VS%20Code/resources/app/out/vs/workbench/api/node/extensionHostProcess.js:116:14994
	at file:///c:/Users/Charl/AppData/Local/Programs/Microsoft%20VS%20Code/resources/app/out/vs/workbench/api/node/extensionHostProcess.js:25:1011
	at Object.dispose (file:///c:/Users/Charl/AppData/Local/Programs/Microsoft%20VS%20Code/resources/app/out/vs/workbench/api/node/extensionHostProcess.js:8:705)
	at zz.eb (file:///c:/Users/Charl/AppData/Local/Programs/Microsoft%20VS%20Code/resources/app/out/vs/workbench/api/node/extensionHostProcess.js:116:11921)
	at file:///c:/Users/Charl/AppData/Local/Programs/Microsoft%20VS%20Code/resources/app/out/vs/workbench/api/node/extensionHostProcess.js:116:9876
	at Array.map (<anonymous>)
	at zz.$ (file:///c:/Users/Charl/AppData/Local/Programs/Microsoft%20VS%20Code/resources/app/out/vs/workbench/api/node/extensionHostProcess.js:116:9864)
	at zz.terminate (file:///c:/Users/Charl/AppData/Local/Programs/Microsoft%20VS%20Code/resources/app/out/vs/workbench/api/node/extensionHostProcess.js:116:10107)
	at OI.terminate (file:///c:/Users/Charl/AppData/Local/Programs/Microsoft%20VS%20Code/resources/app/out/vs/workbench/api/node/extensionHostProcess.js:117:1434)
	at ts (file:///c:/Users/Charl/AppData/Local/Programs/Microsoft%20VS%20Code/resources/app/out/vs/workbench/api/node/extensionHostProcess.js:190:15108)
	at MessagePortMain.<anonymous> (file:///c:/Users/Charl/AppData/Local/Programs/Microsoft%20VS%20Code/resources/app/out/vs/workbench/api/node/extensionHostProcess.js:190:11656)
	at MessagePortMain.emit (node:events:518:28)
	at MessagePortMain._internalPort.emit (node:electron/js2c/utility_init:2:2949) setContext undefined
2025-03-16 13:32:59.456 [info] Extension host with pid 3612 exiting with code 0
2025-03-16 13:33:00.087 [info] Extension host with pid 19536 started
2025-03-16 13:33:00.087 [info] Skipping acquiring lock for c:\Users\Charl\AppData\Roaming\Code\User\workspaceStorage\b5b5b74d9a59e71a7f649ec1fa24f892.
2025-03-16 13:33:00.101 [info] ExtensionService#_doActivateExtension vscode.github-authentication, startup: false, activationEvent: 'onAuthenticationRequest:github'
2025-03-16 13:33:00.125 [info] ExtensionService#_doActivateExtension vscode.emmet, startup: false, activationEvent: 'onLanguage'
2025-03-16 13:33:00.141 [info] ExtensionService#_doActivateExtension ecmel.vscode-html-css, startup: false, activationEvent: 'onCommand:vscode-html-css.validate'
2025-03-16 13:33:00.144 [info] ExtensionService#_doActivateExtension vscode.html-language-features, startup: false, activationEvent: 'onLanguage:html'
2025-03-16 13:33:00.192 [info] ExtensionService#_doActivateExtension vscode.git-base, startup: false, activationEvent: 'onFileSystem:git', root cause: vscode.git
2025-03-16 13:33:00.196 [info] ExtensionService#_doActivateExtension vscode.css-language-features, startup: false, activationEvent: 'onLanguage:css'
2025-03-16 13:33:00.230 [info] ExtensionService#_doActivateExtension ms-python.python, startup: false, activationEvent: 'onLanguage:python', root cause: ms-python.debugpy
2025-03-16 13:33:00.377 [info] ExtensionService#_doActivateExtension VisualStudioExptTeam.intellicode-api-usage-examples, startup: false, activationEvent: 'onLanguage:python'
2025-03-16 13:33:00.479 [info] ExtensionService#_doActivateExtension VisualStudioExptTeam.vscodeintellicode, startup: false, activationEvent: 'onLanguage:python'
2025-03-16 13:33:00.516 [info] ExtensionService#_doActivateExtension vscode.configuration-editing, startup: false, activationEvent: 'onLanguage:jsonc'
2025-03-16 13:33:00.525 [info] ExtensionService#_doActivateExtension vscode.json-language-features, startup: false, activationEvent: 'onLanguage:jsonc'
2025-03-16 13:33:00.572 [info] ExtensionService#_doActivateExtension vscode.typescript-language-features, startup: false, activationEvent: 'onLanguage:jsonc'
2025-03-16 13:33:00.784 [info] ExtensionService#_doActivateExtension vscode.git, startup: false, activationEvent: 'onFileSystem:git'
2025-03-16 13:33:01.135 [info] ExtensionService#_doActivateExtension ms-python.debugpy, startup: false, activationEvent: 'onLanguage:python'
2025-03-16 13:33:01.198 [info] ExtensionService#_doActivateExtension ms-python.vscode-pylance, startup: false, activationEvent: 'onLanguage:python'
2025-03-16 13:33:01.573 [info] ExtensionService#_doActivateExtension vscode.github, startup: true, activationEvent: '*'
2025-03-16 13:33:01.821 [info] Eager extensions activated
2025-03-16 13:33:01.833 [info] ExtensionService#_doActivateExtension vscode.debug-auto-launch, startup: false, activationEvent: 'onStartupFinished'
2025-03-16 13:33:01.837 [info] ExtensionService#_doActivateExtension vscode.merge-conflict, startup: false, activationEvent: 'onStartupFinished'
2025-03-16 13:33:01.856 [info] ExtensionService#_doActivateExtension kisstkondoros.vscode-gutter-preview, startup: false, activationEvent: 'onStartupFinished'
2025-03-16 13:33:01.905 [info] ExtensionService#_doActivateExtension miguelsolorio.symbols, startup: false, activationEvent: 'onStartupFinished'
2025-03-16 13:33:01.917 [info] ExtensionService#_doActivateExtension ms-dotnettools.vscode-dotnet-runtime, startup: false, activationEvent: 'onStartupFinished'
2025-03-16 13:33:01.977 [info] ExtensionService#_doActivateExtension naumovs.color-highlight, startup: false, activationEvent: 'onStartupFinished'
2025-03-16 13:33:01.984 [info] ExtensionService#_doActivateExtension usernamehw.errorlens, startup: false, activationEvent: 'onStartupFinished'
2025-03-16 13:37:51.076 [info] ExtensionService#_doActivateExtension zhuangtongfa.material-theme, startup: false, activationEvent: 'onStartupFinished'
2025-03-16 13:39:42.163 [info] ExtensionService#_doActivateExtension SirTori.indenticator, startup: false, activationEvent: '*'
2025-03-16 15:35:17.005 [info] Extension host terminating: renderer closed the MessagePort
2025-03-16 15:35:17.046 [error] Canceled: Canceled
	at new dR (file:///c:/Users/Charl/AppData/Local/Programs/Microsoft%20VS%20Code/resources/app/out/vs/workbench/api/node/extensionHostProcess.js:29:111670)
	at qy.U (file:///c:/Users/Charl/AppData/Local/Programs/Microsoft%20VS%20Code/resources/app/out/vs/workbench/api/node/extensionHostProcess.js:29:116281)
	at s.<computed>.n.charCodeAt.s.<computed> (file:///c:/Users/Charl/AppData/Local/Programs/Microsoft%20VS%20Code/resources/app/out/vs/workbench/api/node/extensionHostProcess.js:29:113775)
	at Sw.g (file:///c:/Users/Charl/AppData/Local/Programs/Microsoft%20VS%20Code/resources/app/out/vs/workbench/api/node/extensionHostProcess.js:112:41039)
	at Sw.executeCommand (file:///c:/Users/Charl/AppData/Local/Programs/Microsoft%20VS%20Code/resources/app/out/vs/workbench/api/node/extensionHostProcess.js:112:40543)
	at r.registerCommand.description (file:///c:/Users/Charl/AppData/Local/Programs/Microsoft%20VS%20Code/resources/app/out/vs/workbench/api/node/extensionHostProcess.js:112:39873)
	at Sw.h (file:///c:/Users/Charl/AppData/Local/Programs/Microsoft%20VS%20Code/resources/app/out/vs/workbench/api/node/extensionHostProcess.js:112:41559)
	at Sw.g (file:///c:/Users/Charl/AppData/Local/Programs/Microsoft%20VS%20Code/resources/app/out/vs/workbench/api/node/extensionHostProcess.js:112:40636)
	at Sw.executeCommand (file:///c:/Users/Charl/AppData/Local/Programs/Microsoft%20VS%20Code/resources/app/out/vs/workbench/api/node/extensionHostProcess.js:112:40543)
	at Object.executeCommand (file:///c:/Users/Charl/AppData/Local/Programs/Microsoft%20VS%20Code/resources/app/out/vs/workbench/api/node/extensionHostProcess.js:172:37375)
	at Th.L [as value] (c:\Users\Charl\AppData\Local\Programs\Microsoft VS Code\resources\app\extensions\git\dist\main.js:2:1000063)
	at P.B (file:///c:/Users/Charl/AppData/Local/Programs/Microsoft%20VS%20Code/resources/app/out/vs/workbench/api/node/extensionHostProcess.js:27:2375)
	at P.C (file:///c:/Users/Charl/AppData/Local/Programs/Microsoft%20VS%20Code/resources/app/out/vs/workbench/api/node/extensionHostProcess.js:27:2445)
	at P.fire (file:///c:/Users/Charl/AppData/Local/Programs/Microsoft%20VS%20Code/resources/app/out/vs/workbench/api/node/extensionHostProcess.js:27:2662)
	at Object.p [as dispose] (c:\Users\Charl\AppData\Local\Programs\Microsoft VS Code\resources\app\extensions\git\dist\main.js:2:1022703)
	at c:\Users\Charl\AppData\Local\Programs\Microsoft VS Code\resources\app\extensions\git\dist\main.js:2:1029021
	at Array.forEach (<anonymous>)
	at b.dispose (c:\Users\Charl\AppData\Local\Programs\Microsoft VS Code\resources\app\extensions\git\dist\main.js:2:1029007)
	at fv.<anonymous> (file:///c:/Users/Charl/AppData/Local/Programs/Microsoft%20VS%20Code/resources/app/out/vs/workbench/api/node/extensionHostProcess.js:108:8922)
	at fv.dispose (file:///c:/Users/Charl/AppData/Local/Programs/Microsoft%20VS%20Code/resources/app/out/vs/workbench/api/node/extensionHostProcess.js:108:9018)
	at fv.<anonymous> (c:\Users\Charl\AppData\Local\Programs\Microsoft VS Code\resources\app\extensions\git\dist\main.js:2:1002547)
	at fv.dispose (file:///c:/Users/Charl/AppData/Local/Programs/Microsoft%20VS%20Code/resources/app/out/vs/workbench/api/node/extensionHostProcess.js:108:9018)
	at hi (file:///c:/Users/Charl/AppData/Local/Programs/Microsoft%20VS%20Code/resources/app/out/vs/workbench/api/node/extensionHostProcess.js:25:701)
	at file:///c:/Users/Charl/AppData/Local/Programs/Microsoft%20VS%20Code/resources/app/out/vs/workbench/api/node/extensionHostProcess.js:116:14994
	at file:///c:/Users/Charl/AppData/Local/Programs/Microsoft%20VS%20Code/resources/app/out/vs/workbench/api/node/extensionHostProcess.js:25:1011
	at Object.dispose (file:///c:/Users/Charl/AppData/Local/Programs/Microsoft%20VS%20Code/resources/app/out/vs/workbench/api/node/extensionHostProcess.js:8:705)
	at zz.eb (file:///c:/Users/Charl/AppData/Local/Programs/Microsoft%20VS%20Code/resources/app/out/vs/workbench/api/node/extensionHostProcess.js:116:11921)
	at file:///c:/Users/Charl/AppData/Local/Programs/Microsoft%20VS%20Code/resources/app/out/vs/workbench/api/node/extensionHostProcess.js:116:9876
	at Array.map (<anonymous>)
	at zz.$ (file:///c:/Users/Charl/AppData/Local/Programs/Microsoft%20VS%20Code/resources/app/out/vs/workbench/api/node/extensionHostProcess.js:116:9864)
	at zz.terminate (file:///c:/Users/Charl/AppData/Local/Programs/Microsoft%20VS%20Code/resources/app/out/vs/workbench/api/node/extensionHostProcess.js:116:10107)
	at OI.terminate (file:///c:/Users/Charl/AppData/Local/Programs/Microsoft%20VS%20Code/resources/app/out/vs/workbench/api/node/extensionHostProcess.js:117:1434)
	at ts (file:///c:/Users/Charl/AppData/Local/Programs/Microsoft%20VS%20Code/resources/app/out/vs/workbench/api/node/extensionHostProcess.js:190:15108)
	at MessagePortMain.<anonymous> (file:///c:/Users/Charl/AppData/Local/Programs/Microsoft%20VS%20Code/resources/app/out/vs/workbench/api/node/extensionHostProcess.js:190:11656)
	at MessagePortMain.emit (node:events:518:28)
	at MessagePortMain._internalPort.emit (node:electron/js2c/utility_init:2:2949) setContext undefined
2025-03-16 15:35:17.047 [error] Canceled: Canceled
	at new dR (file:///c:/Users/Charl/AppData/Local/Programs/Microsoft%20VS%20Code/resources/app/out/vs/workbench/api/node/extensionHostProcess.js:29:111670)
	at qy.U (file:///c:/Users/Charl/AppData/Local/Programs/Microsoft%20VS%20Code/resources/app/out/vs/workbench/api/node/extensionHostProcess.js:29:116281)
	at s.<computed>.n.charCodeAt.s.<computed> (file:///c:/Users/Charl/AppData/Local/Programs/Microsoft%20VS%20Code/resources/app/out/vs/workbench/api/node/extensionHostProcess.js:29:113775)
	at Sw.g (file:///c:/Users/Charl/AppData/Local/Programs/Microsoft%20VS%20Code/resources/app/out/vs/workbench/api/node/extensionHostProcess.js:112:41039)
	at Sw.executeCommand (file:///c:/Users/Charl/AppData/Local/Programs/Microsoft%20VS%20Code/resources/app/out/vs/workbench/api/node/extensionHostProcess.js:112:40543)
	at r.registerCommand.description (file:///c:/Users/Charl/AppData/Local/Programs/Microsoft%20VS%20Code/resources/app/out/vs/workbench/api/node/extensionHostProcess.js:112:39873)
	at Sw.h (file:///c:/Users/Charl/AppData/Local/Programs/Microsoft%20VS%20Code/resources/app/out/vs/workbench/api/node/extensionHostProcess.js:112:41559)
	at Sw.g (file:///c:/Users/Charl/AppData/Local/Programs/Microsoft%20VS%20Code/resources/app/out/vs/workbench/api/node/extensionHostProcess.js:112:40636)
	at Sw.executeCommand (file:///c:/Users/Charl/AppData/Local/Programs/Microsoft%20VS%20Code/resources/app/out/vs/workbench/api/node/extensionHostProcess.js:112:40543)
	at Object.executeCommand (file:///c:/Users/Charl/AppData/Local/Programs/Microsoft%20VS%20Code/resources/app/out/vs/workbench/api/node/extensionHostProcess.js:172:37375)
	at set hasGitHubRepositories (c:\Users\Charl\AppData\Local\Programs\Microsoft VS Code\resources\app\extensions\github\dist\extension.js:2:217805)
	at c:\Users\Charl\AppData\Local\Programs\Microsoft VS Code\resources\app\extensions\github\dist\extension.js:2:218764
	at Th.value (c:\Users\Charl\AppData\Local\Programs\Microsoft VS Code\resources\app\extensions\git\dist\main.js:2:1120702)
	at P.B (file:///c:/Users/Charl/AppData/Local/Programs/Microsoft%20VS%20Code/resources/app/out/vs/workbench/api/node/extensionHostProcess.js:27:2375)
	at P.C (file:///c:/Users/Charl/AppData/Local/Programs/Microsoft%20VS%20Code/resources/app/out/vs/workbench/api/node/extensionHostProcess.js:27:2445)
	at P.fire (file:///c:/Users/Charl/AppData/Local/Programs/Microsoft%20VS%20Code/resources/app/out/vs/workbench/api/node/extensionHostProcess.js:27:2662)
	at Object.p [as dispose] (c:\Users\Charl\AppData\Local\Programs\Microsoft VS Code\resources\app\extensions\git\dist\main.js:2:1022703)
	at c:\Users\Charl\AppData\Local\Programs\Microsoft VS Code\resources\app\extensions\git\dist\main.js:2:1029021
	at Array.forEach (<anonymous>)
	at b.dispose (c:\Users\Charl\AppData\Local\Programs\Microsoft VS Code\resources\app\extensions\git\dist\main.js:2:1029007)
	at fv.<anonymous> (file:///c:/Users/Charl/AppData/Local/Programs/Microsoft%20VS%20Code/resources/app/out/vs/workbench/api/node/extensionHostProcess.js:108:8922)
	at fv.dispose (file:///c:/Users/Charl/AppData/Local/Programs/Microsoft%20VS%20Code/resources/app/out/vs/workbench/api/node/extensionHostProcess.js:108:9018)
	at fv.<anonymous> (c:\Users\Charl\AppData\Local\Programs\Microsoft VS Code\resources\app\extensions\git\dist\main.js:2:1002547)
	at fv.dispose (file:///c:/Users/Charl/AppData/Local/Programs/Microsoft%20VS%20Code/resources/app/out/vs/workbench/api/node/extensionHostProcess.js:108:9018)
	at hi (file:///c:/Users/Charl/AppData/Local/Programs/Microsoft%20VS%20Code/resources/app/out/vs/workbench/api/node/extensionHostProcess.js:25:701)
	at file:///c:/Users/Charl/AppData/Local/Programs/Microsoft%20VS%20Code/resources/app/out/vs/workbench/api/node/extensionHostProcess.js:116:14994
	at file:///c:/Users/Charl/AppData/Local/Programs/Microsoft%20VS%20Code/resources/app/out/vs/workbench/api/node/extensionHostProcess.js:25:1011
	at Object.dispose (file:///c:/Users/Charl/AppData/Local/Programs/Microsoft%20VS%20Code/resources/app/out/vs/workbench/api/node/extensionHostProcess.js:8:705)
	at zz.eb (file:///c:/Users/Charl/AppData/Local/Programs/Microsoft%20VS%20Code/resources/app/out/vs/workbench/api/node/extensionHostProcess.js:116:11921)
	at file:///c:/Users/Charl/AppData/Local/Programs/Microsoft%20VS%20Code/resources/app/out/vs/workbench/api/node/extensionHostProcess.js:116:9876
	at Array.map (<anonymous>)
	at zz.$ (file:///c:/Users/Charl/AppData/Local/Programs/Microsoft%20VS%20Code/resources/app/out/vs/workbench/api/node/extensionHostProcess.js:116:9864)
	at zz.terminate (file:///c:/Users/Charl/AppData/Local/Programs/Microsoft%20VS%20Code/resources/app/out/vs/workbench/api/node/extensionHostProcess.js:116:10107)
	at OI.terminate (file:///c:/Users/Charl/AppData/Local/Programs/Microsoft%20VS%20Code/resources/app/out/vs/workbench/api/node/extensionHostProcess.js:117:1434)
	at ts (file:///c:/Users/Charl/AppData/Local/Programs/Microsoft%20VS%20Code/resources/app/out/vs/workbench/api/node/extensionHostProcess.js:190:15108)
	at MessagePortMain.<anonymous> (file:///c:/Users/Charl/AppData/Local/Programs/Microsoft%20VS%20Code/resources/app/out/vs/workbench/api/node/extensionHostProcess.js:190:11656)
	at MessagePortMain.emit (node:events:518:28)
	at MessagePortMain._internalPort.emit (node:electron/js2c/utility_init:2:2949) setContext undefined
2025-03-16 15:35:17.063 [info] Extension host with pid 19536 exiting with code 0
