2025-03-16 13:06:21.376 [info] Experiment 'pythonRecommendTensorboardExt' is active
2025-03-16 13:06:21.376 [info] Experiment 'pythonSurveyNotificationcf' is active
2025-03-16 13:06:21.376 [info] Experiment 'pythonTerminalEnvVarActivation' is active
2025-03-16 13:06:21.376 [info] Experiment 'pythonTestAdapter' is active
2025-03-16 13:06:21.376 [info] Native locator: Refresh started
2025-03-16 13:06:21.376 [info] Native locator: Refresh started
2025-03-16 13:06:21.376 [info] Native locator: Refresh started
2025-03-16 13:06:21.882 [info] Python interpreter path: ~\AppData\Local\Programs\Python\Python313\python.exe
2025-03-16 13:06:21.886 [info] Native locator: Refresh finished in 666 ms
2025-03-16 13:06:21.896 [info] > pyenv which python
2025-03-16 13:06:21.897 [info] cwd: ~\Desktop\getya proyecto
2025-03-16 13:06:22.565 [info] Starting Pylance language server.
2025-03-16 13:07:44.298 [info] Discover tests for workspace name: undefined - uri: c:\Users\Charl\AppData\Roaming\Code\User\settings.json
2025-03-16 13:10:00.467 [info] Discover tests for workspace name: undefined - uri: c:\Users\Charl\AppData\Roaming\Code\User\settings.json
2025-03-16 13:10:07.098 [info] Discover tests for workspace name: undefined - uri: c:\Users\Charl\AppData\Roaming\Code\User\settings.json
2025-03-16 13:10:10.697 [info] Discover tests for workspace name: undefined - uri: c:\Users\Charl\AppData\Roaming\Code\User\settings.json
2025-03-16 13:10:14.610 [info] Discover tests for workspace name: undefined - uri: c:\Users\Charl\AppData\Roaming\Code\User\settings.json
2025-03-16 13:10:18.905 [info] Discover tests for workspace name: undefined - uri: c:\Users\Charl\AppData\Roaming\Code\User\settings.json
2025-03-16 13:10:22.642 [info] Discover tests for workspace name: undefined - uri: c:\Users\Charl\AppData\Roaming\Code\User\settings.json
2025-03-16 13:10:26.870 [info] Discover tests for workspace name: undefined - uri: c:\Users\Charl\AppData\Roaming\Code\User\settings.json
2025-03-16 13:10:52.718 [info] Discover tests for workspace name: getya proyecto - uri: c:\Users\Charl\Desktop\getya proyecto
2025-03-16 13:11:08.283 [info] Discover tests for workspace name: undefined - uri: c:\Users\Charl\AppData\Roaming\Code\User\settings.json
2025-03-16 13:15:12.599 [info] Experiment 'pythonRecommendTensorboardExt' is active
2025-03-16 13:15:12.599 [info] Experiment 'pythonSurveyNotificationcf' is active
2025-03-16 13:15:12.599 [info] Experiment 'pythonTerminalEnvVarActivation' is active
2025-03-16 13:15:12.599 [info] Experiment 'pythonTestAdapter' is active
2025-03-16 13:15:12.600 [info] Native locator: Refresh started
2025-03-16 13:15:13.105 [info] > pyenv which python
2025-03-16 13:15:13.105 [info] cwd: ~\Desktop\getya proyecto
2025-03-16 13:15:13.146 [info] Python interpreter path: ~\AppData\Local\Programs\Python\Python313\python.exe
2025-03-16 13:15:13.231 [info] Native locator: Refresh finished in 788 ms
2025-03-16 13:15:13.791 [info] Starting Pylance language server.
2025-03-16 13:15:30.882 [info] Discover tests for workspace name: getya proyecto - uri: c:\Users\Charl\Desktop\getya proyecto
2025-03-16 13:19:27.212 [info] Discover tests for workspace name: undefined - uri: c:\Users\Charl\AppData\Roaming\Code\User\settings.json
2025-03-16 13:23:19.362 [info] Discover tests for workspace name: undefined - uri: c:\Users\Charl\AppData\Roaming\Code\User\settings.json
2025-03-16 13:23:32.499 [info] Discover tests for workspace name: undefined - uri: c:\Users\Charl\AppData\Roaming\Code\User\settings.json
2025-03-16 13:23:38.651 [info] Experiment 'pythonRecommendTensorboardExt' is active
2025-03-16 13:23:38.651 [info] Experiment 'pythonSurveyNotificationcf' is active
2025-03-16 13:23:38.651 [info] Experiment 'pythonTerminalEnvVarActivation' is active
2025-03-16 13:23:38.651 [info] Experiment 'pythonTestAdapter' is active
2025-03-16 13:23:38.651 [info] Native locator: Refresh started
2025-03-16 13:23:39.307 [info] > pyenv which python
2025-03-16 13:23:39.307 [info] cwd: ~\Desktop\getya proyecto
2025-03-16 13:23:39.713 [info] Native locator: Refresh finished in 1443 ms
2025-03-16 13:23:39.717 [info] Python interpreter path: ~\AppData\Local\Programs\Python\Python313\python.exe
2025-03-16 13:23:41.007 [info] Starting Pylance language server.
2025-03-16 13:30:09.761 [info] Discover tests for workspace name: undefined - uri: c:\Users\Charl\AppData\Roaming\Code\User\settings.json
2025-03-16 13:30:15.171 [info] Discover tests for workspace name: undefined - uri: c:\Users\Charl\AppData\Roaming\Code\User\settings.json
2025-03-16 13:30:35.094 [info] Discover tests for workspace name: undefined - uri: c:\Users\Charl\AppData\Roaming\Code\User\settings.json
2025-03-16 13:31:12.678 [info] Discover tests for workspace name: undefined - uri: c:\Users\Charl\AppData\Roaming\Code\User\settings.json
2025-03-16 13:32:15.907 [info] Discover tests for workspace name: undefined - uri: c:\Users\Charl\AppData\Roaming\Code\User\settings.json
2025-03-16 13:32:19.809 [info] Discover tests for workspace name: undefined - uri: c:\Users\Charl\AppData\Roaming\Code\User\settings.json
2025-03-16 13:33:01.109 [info] Experiment 'pythonRecommendTensorboardExt' is active
2025-03-16 13:33:01.109 [info] Experiment 'pythonSurveyNotificationcf' is active
2025-03-16 13:33:01.109 [info] Experiment 'pythonTerminalEnvVarActivation' is active
2025-03-16 13:33:01.109 [info] Experiment 'pythonTestAdapter' is active
2025-03-16 13:33:01.109 [info] Native locator: Refresh started
2025-03-16 13:33:01.748 [info] > pyenv which python
2025-03-16 13:33:01.748 [info] cwd: ~\Desktop\getya proyecto
2025-03-16 13:33:02.099 [info] Native locator: Refresh finished in 1398 ms
2025-03-16 13:33:02.103 [info] Python interpreter path: ~\AppData\Local\Programs\Python\Python313\python.exe
2025-03-16 13:33:03.359 [info] Starting Pylance language server.
2025-03-16 13:33:13.394 [info] Discover tests for workspace name: undefined - uri: c:\Users\Charl\AppData\Roaming\Code\User\settings.json
2025-03-16 13:34:12.632 [info] Discover tests for workspace name: undefined - uri: c:\Users\Charl\AppData\Roaming\Code\User\settings.json
2025-03-16 13:34:18.170 [info] Discover tests for workspace name: undefined - uri: c:\Users\Charl\AppData\Roaming\Code\User\settings.json
2025-03-16 13:34:37.103 [info] Discover tests for workspace name: undefined - uri: c:\Users\Charl\AppData\Roaming\Code\User\settings.json
2025-03-16 13:37:57.904 [info] Discover tests for workspace name: undefined - uri: c:\Users\Charl\AppData\Roaming\Code\User\settings.json
