2025-03-18 00:42:48.861 [info] Started local extension host with pid 9516.
2025-03-18 00:42:49.367 [info] [Oracle.oracle-java]: Command `workbench.action.debug.run` already registered by Java (Oracle.oracle-java)
2025-03-18 00:42:49.368 [info] [Oracle.oracle-java]: Command `workbench.action.debug.start` already registered by Java (Oracle.oracle-java)
2025-03-18 00:42:49.369 [info] [Oracle.oracle-java]: Command `jdk.select.editor.projects` already registered by Java (Oracle.oracle-java)
2025-03-18 00:42:49.404 [warning] [twxs.cmake]: Cannot register 'cmake.cmakePath'. This property is already registered.
2025-03-18 00:42:50.348 [error] [xabikos.JavaScriptSnippets]: Unknown language in `contributes.JavaScriptSnippets.language`. Provided value: vue
2025-03-18 00:42:50.754 [info] Settings Sync: Account status changed from uninitialized to unavailable
2025-03-18 00:42:51.337 [error] [Extension Host] Failed to load message bundle for file c:\Users\Charl\.vscode\extensions\ms-edgedevtools.vscode-edge-devtools-2.1.8\out\extension
2025-03-18 00:42:51.338 [error] [Extension Host] Failed to load message bundle for file c:\Users\Charl\.vscode\extensions\ms-edgedevtools.vscode-edge-devtools-2.1.8\out\extension
2025-03-18 00:42:51.342 [error] [Extension Host] Failed to load message bundle for file c:\Users\Charl\.vscode\extensions\ms-edgedevtools.vscode-edge-devtools-2.1.8\out\extension
2025-03-18 00:42:51.342 [error] [Extension Host] Failed to load message bundle for file c:\Users\Charl\.vscode\extensions\ms-edgedevtools.vscode-edge-devtools-2.1.8\out\extension
2025-03-18 00:42:51.344 [error] [Extension Host] Failed to load message bundle for file c:\Users\Charl\.vscode\extensions\ms-edgedevtools.vscode-edge-devtools-2.1.8\out\extension
2025-03-18 00:42:51.345 [error] [Extension Host] Failed to load message bundle for file c:\Users\Charl\.vscode\extensions\ms-edgedevtools.vscode-edge-devtools-2.1.8\out\extension
2025-03-18 00:42:51.345 [error] [Extension Host] Failed to load message bundle for file c:\Users\Charl\.vscode\extensions\ms-edgedevtools.vscode-edge-devtools-2.1.8\out\extension
2025-03-18 00:42:51.346 [error] [Extension Host] Failed to load message bundle for file c:\Users\Charl\.vscode\extensions\ms-edgedevtools.vscode-edge-devtools-2.1.8\out\extension
2025-03-18 00:42:51.567 [warning] 

----------------------------------------------
***	Installation has been modified on disk ***
----------------------------------------------


2025-03-18 00:42:51.733 [info] [perf] Render performance baseline is 28ms
2025-03-18 00:42:54.728 [error] No default agent registered: CodeExpectedError: No default agent registered
    at FXe.U (vscode-file://vscode-app/c:/Users/Charl/AppData/Local/Programs/Microsoft%20VS%20Code/resources/app/out/vs/workbench/workbench.desktop.main.js:1960:25458)
