2025-03-15 14:16:02.211 [info] Reading sessions from keychain...
2025-03-15 14:16:02.211 [info] Getting sessions for all scopes...
2025-03-15 14:16:02.211 [info] Getting sessions for all scopes...
2025-03-15 14:16:02.211 [info] Got 0 sessions for ...
2025-03-15 14:16:02.211 [info] Got 0 sessions for ...
2025-03-15 14:16:02.212 [info] Getting sessions for all scopes...
2025-03-15 14:16:02.212 [info] Got 0 sessions for ...
2025-03-15 14:16:02.212 [info] Getting sessions for all scopes...
2025-03-15 14:16:02.212 [info] Got 0 sessions for ...
2025-03-15 14:16:02.212 [info] Getting sessions for all scopes...
2025-03-15 14:16:02.212 [info] Got 0 sessions for ...
2025-03-15 14:16:02.212 [info] Getting sessions for all scopes...
2025-03-15 14:16:02.212 [info] Got 0 sessions for ...
2025-03-15 14:16:02.212 [info] Getting sessions for all scopes...
2025-03-15 14:16:02.212 [info] Got 0 sessions for ...
2025-03-15 14:16:04.088 [info] Getting sessions for all scopes...
2025-03-15 14:16:04.088 [info] Got 0 sessions for ...
2025-03-15 14:18:51.896 [info] Reading sessions from keychain...
2025-03-15 14:18:51.896 [info] Getting sessions for all scopes...
2025-03-15 14:18:51.896 [info] Getting sessions for all scopes...
2025-03-15 14:18:51.896 [info] Getting sessions for all scopes...
2025-03-15 14:18:51.896 [info] Got 0 sessions for ...
2025-03-15 14:18:51.896 [info] Got 0 sessions for ...
2025-03-15 14:18:51.896 [info] Got 0 sessions for ...
2025-03-15 14:18:51.896 [info] Getting sessions for all scopes...
2025-03-15 14:18:51.896 [info] Got 0 sessions for ...
2025-03-15 14:18:51.896 [info] Getting sessions for all scopes...
2025-03-15 14:18:51.896 [info] Got 0 sessions for ...
2025-03-15 14:18:51.896 [info] Getting sessions for all scopes...
2025-03-15 14:18:51.896 [info] Got 0 sessions for ...
2025-03-15 14:18:51.896 [info] Getting sessions for all scopes...
2025-03-15 14:18:51.896 [info] Got 0 sessions for ...
2025-03-15 14:18:51.896 [info] Getting sessions for all scopes...
2025-03-15 14:18:51.896 [info] Got 0 sessions for ...
2025-03-15 14:18:53.583 [info] Getting sessions for all scopes...
2025-03-15 14:18:53.583 [info] Got 0 sessions for ...
2025-03-15 14:19:02.431 [info] Reading sessions from keychain...
2025-03-15 14:19:02.431 [info] Getting sessions for all scopes...
2025-03-15 14:19:02.431 [info] Getting sessions for all scopes...
2025-03-15 14:19:02.431 [info] Getting sessions for all scopes...
2025-03-15 14:19:02.431 [info] Getting sessions for all scopes...
2025-03-15 14:19:02.431 [info] Getting sessions for all scopes...
2025-03-15 14:19:02.431 [info] Getting sessions for all scopes...
2025-03-15 14:19:02.431 [info] Getting sessions for all scopes...
2025-03-15 14:19:02.431 [info] Getting sessions for all scopes...
2025-03-15 14:19:02.431 [info] Got 0 sessions for ...
2025-03-15 14:19:02.431 [info] Got 0 sessions for ...
2025-03-15 14:19:02.431 [info] Got 0 sessions for ...
2025-03-15 14:19:02.431 [info] Got 0 sessions for ...
2025-03-15 14:19:02.431 [info] Got 0 sessions for ...
2025-03-15 14:19:02.431 [info] Got 0 sessions for ...
2025-03-15 14:19:02.431 [info] Got 0 sessions for ...
2025-03-15 14:19:02.431 [info] Got 0 sessions for ...
2025-03-15 14:19:03.018 [info] Getting sessions for read:user,repo,user:email,workflow...
2025-03-15 14:19:03.018 [info] Got 0 sessions for read:user,repo,user:email,workflow...
2025-03-15 14:19:04.183 [info] Getting sessions for all scopes...
2025-03-15 14:19:04.183 [info] Got 0 sessions for ...
