2025-03-16 13:03:22.586 [info] Getting Manifest... miguelsolorio.fluent-icons
2025-03-16 13:03:22.739 [info] Installing extension: miguelsolorio.fluent-icons {"isMachineScoped":false,"installPreReleaseVersion":false,"pinned":false,"profileLocation":{"$mid":1,"external":"vscode-userdata:/c%3A/Users/Charl/.vscode/extensions/extensions.json","path":"/c:/Users/Charl/.vscode/extensions/extensions.json","scheme":"vscode-userdata"},"isApplicationScoped":false,"productVersion":{"version":"1.98.2","date":"2025-03-12T13:32:45.399Z"}}
2025-03-16 13:03:23.483 [info] Extension signature verification result for miguelsolorio.fluent-icons: Success. Internal Code: 0. Executed: true. Duration: 207ms.
2025-03-16 13:03:23.633 [info] Extracted extension to file:///c%3A/Users/Charl/.vscode/extensions/miguelsolorio.fluent-icons-0.0.19: miguelsolorio.fluent-icons
2025-03-16 13:03:23.642 [info] Renamed to c:\Users\Charl\.vscode\extensions\miguelsolorio.fluent-icons-0.0.19
2025-03-16 13:03:23.677 [info] Extension installed successfully: miguelsolorio.fluent-icons vscode-userdata:/c%3A/Users/Charl/.vscode/extensions/extensions.json
2025-03-16 13:03:52.505 [info] Getting Manifest... miguelsolorio.symbols
2025-03-16 13:03:52.518 [info] Installing extension: miguelsolorio.symbols {"isMachineScoped":false,"installPreReleaseVersion":false,"pinned":false,"profileLocation":{"$mid":1,"external":"vscode-userdata:/c%3A/Users/Charl/.vscode/extensions/extensions.json","path":"/c:/Users/Charl/.vscode/extensions/extensions.json","scheme":"vscode-userdata"},"isApplicationScoped":false,"productVersion":{"version":"1.98.2","date":"2025-03-12T13:32:45.399Z"}}
2025-03-16 13:03:52.877 [info] Extension signature verification result for miguelsolorio.symbols: Success. Internal Code: 0. Executed: true. Duration: 109ms.
2025-03-16 13:03:53.680 [info] Extracted extension to file:///c%3A/Users/Charl/.vscode/extensions/miguelsolorio.symbols-0.0.22: miguelsolorio.symbols
2025-03-16 13:03:53.703 [info] Renamed to c:\Users\Charl\.vscode\extensions\miguelsolorio.symbols-0.0.22
2025-03-16 13:03:53.748 [info] Extension installed successfully: miguelsolorio.symbols vscode-userdata:/c%3A/Users/Charl/.vscode/extensions/extensions.json
2025-03-16 13:04:22.869 [info] Getting Manifest... usernamehw.errorlens
2025-03-16 13:04:22.981 [info] Installing extension: usernamehw.errorlens {"isMachineScoped":false,"installPreReleaseVersion":false,"pinned":false,"profileLocation":{"$mid":1,"external":"vscode-userdata:/c%3A/Users/Charl/.vscode/extensions/extensions.json","path":"/c:/Users/Charl/.vscode/extensions/extensions.json","scheme":"vscode-userdata"},"isApplicationScoped":false,"productVersion":{"version":"1.98.2","date":"2025-03-12T13:32:45.399Z"}}
2025-03-16 13:04:23.378 [info] Extension signature verification result for usernamehw.errorlens: Success. Internal Code: 0. Executed: true. Duration: 90ms.
2025-03-16 13:04:23.423 [info] Extracted extension to file:///c%3A/Users/Charl/.vscode/extensions/usernamehw.errorlens-3.24.0: usernamehw.errorlens
2025-03-16 13:04:23.429 [info] Renamed to c:\Users\Charl\.vscode\extensions\usernamehw.errorlens-3.24.0
2025-03-16 13:04:23.465 [info] Extension installed successfully: usernamehw.errorlens vscode-userdata:/c%3A/Users/Charl/.vscode/extensions/extensions.json
2025-03-16 13:04:48.810 [info] Getting Manifest... kisstkondoros.vscode-gutter-preview
2025-03-16 13:04:48.931 [info] Installing extension: kisstkondoros.vscode-gutter-preview {"isMachineScoped":false,"installPreReleaseVersion":false,"pinned":false,"profileLocation":{"$mid":1,"external":"vscode-userdata:/c%3A/Users/Charl/.vscode/extensions/extensions.json","path":"/c:/Users/Charl/.vscode/extensions/extensions.json","scheme":"vscode-userdata"},"isApplicationScoped":false,"productVersion":{"version":"1.98.2","date":"2025-03-12T13:32:45.399Z"}}
2025-03-16 13:04:49.369 [info] Extension signature verification result for kisstkondoros.vscode-gutter-preview: Success. Internal Code: 0. Executed: true. Duration: 100ms.
2025-03-16 13:04:49.399 [info] Extracted extension to file:///c%3A/Users/Charl/.vscode/extensions/kisstkondoros.vscode-gutter-preview-0.32.2: kisstkondoros.vscode-gutter-preview
2025-03-16 13:04:49.417 [info] Renamed to c:\Users\Charl\.vscode\extensions\kisstkondoros.vscode-gutter-preview-0.32.2
2025-03-16 13:04:49.467 [info] Extension installed successfully: kisstkondoros.vscode-gutter-preview vscode-userdata:/c%3A/Users/Charl/.vscode/extensions/extensions.json
2025-03-16 13:11:02.276 [info] Getting Manifest... robbowen.synthwave-vscode
2025-03-16 13:11:02.387 [info] Installing extension: robbowen.synthwave-vscode {"isMachineScoped":false,"installPreReleaseVersion":false,"pinned":false,"profileLocation":{"$mid":1,"external":"vscode-userdata:/c%3A/Users/Charl/.vscode/extensions/extensions.json","path":"/c:/Users/Charl/.vscode/extensions/extensions.json","scheme":"vscode-userdata"},"isApplicationScoped":false,"productVersion":{"version":"1.98.2","date":"2025-03-12T13:32:45.399Z"}}
2025-03-16 13:11:02.987 [info] Extension signature verification result for robbowen.synthwave-vscode: Success. Internal Code: 0. Executed: true. Duration: 105ms.
2025-03-16 13:11:03.018 [info] Extracted extension to file:///c%3A/Users/Charl/.vscode/extensions/robbowen.synthwave-vscode-0.1.18: robbowen.synthwave-vscode
2025-03-16 13:11:03.023 [info] Renamed to c:\Users\Charl\.vscode\extensions\robbowen.synthwave-vscode-0.1.18
2025-03-16 13:11:03.052 [info] Extension installed successfully: robbowen.synthwave-vscode vscode-userdata:/c%3A/Users/Charl/.vscode/extensions/extensions.json
2025-03-16 13:12:26.282 [info] Getting Manifest... naumovs.color-highlight
2025-03-16 13:12:26.386 [info] Installing extension: naumovs.color-highlight {"isMachineScoped":false,"installPreReleaseVersion":false,"pinned":false,"profileLocation":{"$mid":1,"external":"vscode-userdata:/c%3A/Users/Charl/.vscode/extensions/extensions.json","path":"/c:/Users/Charl/.vscode/extensions/extensions.json","scheme":"vscode-userdata"},"isApplicationScoped":false,"productVersion":{"version":"1.98.2","date":"2025-03-12T13:32:45.399Z"}}
2025-03-16 13:12:27.209 [info] Extension signature verification result for naumovs.color-highlight: Success. Internal Code: 0. Executed: true. Duration: 466ms.
2025-03-16 13:12:27.606 [info] Extracted extension to file:///c%3A/Users/Charl/.vscode/extensions/naumovs.color-highlight-2.8.0: naumovs.color-highlight
2025-03-16 13:12:27.625 [info] Renamed to c:\Users\Charl\.vscode\extensions\naumovs.color-highlight-2.8.0
2025-03-16 13:12:27.661 [info] Extension installed successfully: naumovs.color-highlight vscode-userdata:/c%3A/Users/Charl/.vscode/extensions/extensions.json
2025-03-16 13:18:53.548 [info] Getting Manifest... sallar.vscode-duotone-dark
2025-03-16 13:18:53.698 [info] Installing extension: sallar.vscode-duotone-dark {"isMachineScoped":false,"installPreReleaseVersion":false,"pinned":false,"profileLocation":{"$mid":1,"external":"vscode-userdata:/c%3A/Users/Charl/.vscode/extensions/extensions.json","path":"/c:/Users/Charl/.vscode/extensions/extensions.json","scheme":"vscode-userdata"},"isApplicationScoped":false,"productVersion":{"version":"1.98.2","date":"2025-03-12T13:32:45.399Z"}}
2025-03-16 13:18:54.815 [info] Extension signature verification result for sallar.vscode-duotone-dark: Success. Internal Code: 0. Executed: true. Duration: 110ms.
2025-03-16 13:18:54.849 [info] Extracted extension to file:///c%3A/Users/Charl/.vscode/extensions/sallar.vscode-duotone-dark-0.3.3: sallar.vscode-duotone-dark
2025-03-16 13:18:54.854 [info] Renamed to c:\Users\Charl\.vscode\extensions\sallar.vscode-duotone-dark-0.3.3
2025-03-16 13:18:54.888 [info] Extension installed successfully: sallar.vscode-duotone-dark vscode-userdata:/c%3A/Users/Charl/.vscode/extensions/extensions.json
2025-03-16 13:26:21.774 [info] Uninstalling extension from the profile: robbowen.synthwave-vscode@0.1.18 vscode-userdata:/c%3A/Users/Charl/.vscode/extensions/extensions.json
2025-03-16 13:26:21.828 [info] Marked extension as removed robbowen.synthwave-vscode-0.1.18
2025-03-16 13:26:21.976 [info] Successfully uninstalled extension from the profile robbowen.synthwave-vscode@0.1.18 vscode-userdata:/c%3A/Users/Charl/.vscode/extensions/extensions.json
2025-03-16 13:31:02.583 [info] Getting Manifest... whizkydee.material-palenight-theme
2025-03-16 13:31:02.921 [info] Installing extension: whizkydee.material-palenight-theme {"isMachineScoped":false,"installPreReleaseVersion":false,"pinned":false,"profileLocation":{"$mid":1,"external":"vscode-userdata:/c%3A/Users/Charl/.vscode/extensions/extensions.json","path":"/c:/Users/Charl/.vscode/extensions/extensions.json","scheme":"vscode-userdata"},"isApplicationScoped":false,"productVersion":{"version":"1.98.2","date":"2025-03-12T13:32:45.399Z"}}
2025-03-16 13:31:03.740 [info] Extension signature verification result for whizkydee.material-palenight-theme: Success. Internal Code: 0. Executed: true. Duration: 109ms.
2025-03-16 13:31:03.768 [info] Extracted extension to file:///c%3A/Users/Charl/.vscode/extensions/whizkydee.material-palenight-theme-2.0.4: whizkydee.material-palenight-theme
2025-03-16 13:31:03.775 [info] Renamed to c:\Users\Charl\.vscode\extensions\whizkydee.material-palenight-theme-2.0.4
2025-03-16 13:31:03.807 [info] Extension installed successfully: whizkydee.material-palenight-theme vscode-userdata:/c%3A/Users/Charl/.vscode/extensions/extensions.json
2025-03-16 13:32:43.330 [info] Uninstalling extension from the profile: naumovs.color-highlight@2.8.0 vscode-userdata:/c%3A/Users/Charl/.vscode/extensions/extensions.json
2025-03-16 13:32:43.406 [info] Marked extension as removed naumovs.color-highlight-2.8.0
2025-03-16 13:32:43.586 [info] Successfully uninstalled extension from the profile naumovs.color-highlight@2.8.0 vscode-userdata:/c%3A/Users/Charl/.vscode/extensions/extensions.json
2025-03-16 13:32:49.703 [info] Getting Manifest... naumovs.color-highlight
2025-03-16 13:32:50.008 [info] Installing extension: naumovs.color-highlight {"isMachineScoped":false,"installPreReleaseVersion":false,"pinned":false,"productVersion":{"version":"1.98.2","date":"2025-03-12T13:32:45.399Z"},"operation":3,"isApplicationScoped":false,"profileLocation":{"$mid":1,"external":"vscode-userdata:/c%3A/Users/Charl/.vscode/extensions/extensions.json","path":"/c:/Users/Charl/.vscode/extensions/extensions.json","scheme":"vscode-userdata"}}
2025-03-16 13:32:50.071 [info] Removed the extension from removed list: naumovs.color-highlight
2025-03-16 13:32:50.120 [info] Extension installed successfully: naumovs.color-highlight vscode-userdata:/c%3A/Users/Charl/.vscode/extensions/extensions.json
2025-03-16 13:37:49.267 [info] Getting Manifest... zhuangtongfa.material-theme
2025-03-16 13:37:49.658 [info] Installing extension: zhuangtongfa.material-theme {"isMachineScoped":false,"installPreReleaseVersion":false,"pinned":false,"productVersion":{"version":"1.98.2","date":"2025-03-12T13:32:45.399Z"},"operation":3,"profileLocation":{"$mid":1,"external":"vscode-userdata:/c%3A/Users/Charl/.vscode/extensions/extensions.json","path":"/c:/Users/Charl/.vscode/extensions/extensions.json","scheme":"vscode-userdata"},"isApplicationScoped":false}
2025-03-16 13:37:50.684 [info] Extension signature verification result for zhuangtongfa.material-theme: Success. Internal Code: 0. Executed: true. Duration: 101ms.
2025-03-16 13:37:50.816 [info] Extracted extension to file:///c%3A/Users/Charl/.vscode/extensions/zhuangtongfa.material-theme-3.19.0: zhuangtongfa.material-theme
2025-03-16 13:37:50.824 [info] Renamed to c:\Users\Charl\.vscode\extensions\zhuangtongfa.material-theme-3.19.0
2025-03-16 13:37:50.862 [info] Extension installed successfully: zhuangtongfa.material-theme vscode-userdata:/c%3A/Users/Charl/.vscode/extensions/extensions.json
2025-03-16 13:39:40.660 [info] Getting Manifest... sirtori.indenticator
2025-03-16 13:39:41.074 [info] Installing extension: sirtori.indenticator {"isMachineScoped":false,"installPreReleaseVersion":false,"pinned":false,"productVersion":{"version":"1.98.2","date":"2025-03-12T13:32:45.399Z"},"operation":3,"profileLocation":{"$mid":1,"external":"vscode-userdata:/c%3A/Users/Charl/.vscode/extensions/extensions.json","path":"/c:/Users/Charl/.vscode/extensions/extensions.json","scheme":"vscode-userdata"},"isApplicationScoped":false}
2025-03-16 13:39:41.916 [info] Extension signature verification result for sirtori.indenticator: Success. Internal Code: 0. Executed: true. Duration: 108ms.
2025-03-16 13:39:41.946 [info] Extracted extension to file:///c%3A/Users/Charl/.vscode/extensions/sirtori.indenticator-0.7.0: sirtori.indenticator
2025-03-16 13:39:41.952 [info] Renamed to c:\Users\Charl\.vscode\extensions\sirtori.indenticator-0.7.0
2025-03-16 13:39:41.984 [info] Extension installed successfully: sirtori.indenticator vscode-userdata:/c%3A/Users/Charl/.vscode/extensions/extensions.json
