2025-03-16 12:58:36.989 [info] Reading sessions from keychain...
2025-03-16 12:58:36.989 [info] Getting sessions for all scopes...
2025-03-16 12:58:36.989 [info] Getting sessions for all scopes...
2025-03-16 12:58:36.989 [info] Getting sessions for all scopes...
2025-03-16 12:58:36.989 [info] Got 0 sessions for ...
2025-03-16 12:58:36.989 [info] Got 0 sessions for ...
2025-03-16 12:58:36.990 [info] Got 0 sessions for ...
2025-03-16 12:58:36.990 [info] Getting sessions for all scopes...
2025-03-16 12:58:36.990 [info] Got 0 sessions for ...
2025-03-16 12:58:36.990 [info] Getting sessions for all scopes...
2025-03-16 12:58:36.990 [info] Got 0 sessions for ...
2025-03-16 12:58:36.990 [info] Getting sessions for all scopes...
2025-03-16 12:58:36.990 [info] Got 0 sessions for ...
2025-03-16 12:58:36.990 [info] Getting sessions for all scopes...
2025-03-16 12:58:36.990 [info] Got 0 sessions for ...
2025-03-16 12:58:36.990 [info] Getting sessions for all scopes...
2025-03-16 12:58:36.990 [info] Got 0 sessions for ...
2025-03-16 12:58:37.752 [info] Getting sessions for read:user,repo,user:email,workflow...
2025-03-16 12:58:37.752 [info] Got 0 sessions for read:user,repo,user:email,workflow...
2025-03-16 12:58:38.496 [info] Getting sessions for all scopes...
2025-03-16 12:58:38.496 [info] Got 0 sessions for ...
2025-03-16 12:58:44.699 [info] Reading sessions from keychain...
2025-03-16 12:58:44.699 [info] Getting sessions for all scopes...
2025-03-16 12:58:44.699 [info] Getting sessions for all scopes...
2025-03-16 12:58:44.699 [info] Getting sessions for all scopes...
2025-03-16 12:58:44.699 [info] Getting sessions for all scopes...
2025-03-16 12:58:44.699 [info] Getting sessions for all scopes...
2025-03-16 12:58:44.699 [info] Getting sessions for all scopes...
2025-03-16 12:58:44.699 [info] Getting sessions for all scopes...
2025-03-16 12:58:44.703 [info] Got 0 sessions for ...
2025-03-16 12:58:44.703 [info] Got 0 sessions for ...
2025-03-16 12:58:44.703 [info] Got 0 sessions for ...
2025-03-16 12:58:44.703 [info] Got 0 sessions for ...
2025-03-16 12:58:44.703 [info] Got 0 sessions for ...
2025-03-16 12:58:44.703 [info] Got 0 sessions for ...
2025-03-16 12:58:44.703 [info] Got 0 sessions for ...
2025-03-16 12:58:45.827 [info] Getting sessions for read:user,repo,user:email,workflow...
2025-03-16 12:58:45.827 [info] Got 0 sessions for read:user,repo,user:email,workflow...
2025-03-16 12:58:46.150 [info] Getting sessions for all scopes...
2025-03-16 12:58:46.151 [info] Got 0 sessions for ...
2025-03-16 13:03:09.249 [info] Getting sessions for read:user,repo,user:email,workflow...
2025-03-16 13:03:09.249 [info] Got 0 sessions for read:user,repo,user:email,workflow...
2025-03-16 13:11:51.536 [info] Reading sessions from keychain...
2025-03-16 13:11:51.536 [info] Getting sessions for all scopes...
2025-03-16 13:11:51.536 [info] Getting sessions for all scopes...
2025-03-16 13:11:51.536 [info] Getting sessions for all scopes...
2025-03-16 13:11:51.536 [info] Got 0 sessions for ...
2025-03-16 13:11:51.536 [info] Got 0 sessions for ...
2025-03-16 13:11:51.536 [info] Got 0 sessions for ...
2025-03-16 13:11:51.536 [info] Getting sessions for all scopes...
2025-03-16 13:11:51.536 [info] Got 0 sessions for ...
2025-03-16 13:11:51.536 [info] Getting sessions for all scopes...
2025-03-16 13:11:51.536 [info] Got 0 sessions for ...
2025-03-16 13:11:51.536 [info] Getting sessions for all scopes...
2025-03-16 13:11:51.536 [info] Got 0 sessions for ...
2025-03-16 13:11:51.536 [info] Getting sessions for all scopes...
2025-03-16 13:11:51.536 [info] Got 0 sessions for ...
2025-03-16 13:11:51.536 [info] Getting sessions for all scopes...
2025-03-16 13:11:51.536 [info] Got 0 sessions for ...
2025-03-16 13:11:52.043 [info] Getting sessions for read:user,repo,user:email,workflow...
2025-03-16 13:11:52.043 [info] Got 0 sessions for read:user,repo,user:email,workflow...
2025-03-16 13:11:53.261 [info] Getting sessions for all scopes...
2025-03-16 13:11:53.261 [info] Got 0 sessions for ...
2025-03-16 13:11:55.459 [info] Getting sessions for all scopes...
2025-03-16 13:11:55.459 [info] Got 0 sessions for ...
2025-03-16 13:19:58.669 [info] Getting sessions for read:user,repo,user:email,workflow...
2025-03-16 13:19:58.669 [info] Got 0 sessions for read:user,repo,user:email,workflow...
2025-03-16 13:23:38.651 [info] Reading sessions from keychain...
2025-03-16 13:23:38.651 [info] Getting sessions for all scopes...
2025-03-16 13:23:38.651 [info] Got 0 sessions for ...
2025-03-16 13:23:38.651 [info] Getting sessions for all scopes...
2025-03-16 13:23:38.651 [info] Got 0 sessions for ...
2025-03-16 13:23:38.651 [info] Getting sessions for all scopes...
2025-03-16 13:23:38.651 [info] Got 0 sessions for ...
2025-03-16 13:23:39.811 [info] Getting sessions for read:user,repo,user:email,workflow...
2025-03-16 13:23:39.811 [info] Got 0 sessions for read:user,repo,user:email,workflow...
2025-03-16 13:25:58.472 [info] Getting sessions for read:user,repo,user:email,workflow...
2025-03-16 13:25:58.472 [info] Got 0 sessions for read:user,repo,user:email,workflow...
2025-03-16 13:33:01.108 [info] Reading sessions from keychain...
2025-03-16 13:33:01.108 [info] Getting sessions for all scopes...
2025-03-16 13:33:01.108 [info] Got 0 sessions for ...
2025-03-16 13:33:01.108 [info] Getting sessions for all scopes...
2025-03-16 13:33:01.108 [info] Got 0 sessions for ...
2025-03-16 13:33:01.108 [info] Getting sessions for all scopes...
2025-03-16 13:33:01.108 [info] Got 0 sessions for ...
2025-03-16 13:33:02.191 [info] Getting sessions for read:user,repo,user:email,workflow...
2025-03-16 13:33:02.191 [info] Got 0 sessions for read:user,repo,user:email,workflow...
2025-03-16 13:33:05.394 [info] Getting sessions for read:user,repo,user:email,workflow...
2025-03-16 13:33:05.394 [info] Got 0 sessions for read:user,repo,user:email,workflow...
