[INFO 1:23:39 PM] miguelsolorio.symbols activated
[INFO 1:23:39 PM]  symbols.defaultAssociations changed, updating to true
[INFO 1:23:39 PM]  symbols.hidesExplorerArrows changed, updating to false
[INFO 1:23:39 PM]  symbols.folders.associations changed, updating to undefined
[INFO 1:23:39 PM]  symbols.files.associations changed, updating to undefined
[INFO 1:23:39 PM]  symbols.defaultAssociations changed, updating to true
[INFO 1:23:39 PM]  symbols.hidesExplorerArrows changed, updating to false
[INFO 1:23:39 PM]  symbols.folders.associations changed, updating to undefined
[INFO 1:23:39 PM]  symbols.files.associations changed, updating to undefined
[INFO 1:30:09 PM]  symbols.defaultAssociations changed, updating to true
[INFO 1:30:09 PM]  symbols.hidesExplorerArrows changed, updating to false
[INFO 1:30:09 PM]  symbols.folders.associations changed, updating to undefined
[INFO 1:30:09 PM]  symbols.files.associations changed, updating to undefined
[INFO 1:30:14 PM]  symbols.defaultAssociations changed, updating to true
[INFO 1:30:14 PM]  symbols.hidesExplorerArrows changed, updating to false
[INFO 1:30:14 PM]  symbols.folders.associations changed, updating to undefined
[INFO 1:30:14 PM]  symbols.files.associations changed, updating to undefined
[INFO 1:30:34 PM]  symbols.defaultAssociations changed, updating to true
[INFO 1:30:34 PM]  symbols.hidesExplorerArrows changed, updating to false
[INFO 1:30:34 PM]  symbols.folders.associations changed, updating to undefined
[INFO 1:30:34 PM]  symbols.files.associations changed, updating to undefined
[INFO 1:31:04 PM]  symbols.defaultAssociations changed, updating to true
[INFO 1:31:04 PM]  symbols.hidesExplorerArrows changed, updating to false
[INFO 1:31:04 PM]  symbols.folders.associations changed, updating to undefined
[INFO 1:31:04 PM]  symbols.files.associations changed, updating to undefined
[INFO 1:31:12 PM]  symbols.defaultAssociations changed, updating to true
[INFO 1:31:12 PM]  symbols.hidesExplorerArrows changed, updating to false
[INFO 1:31:12 PM]  symbols.folders.associations changed, updating to undefined
[INFO 1:31:12 PM]  symbols.files.associations changed, updating to undefined
[INFO 1:31:30 PM]  symbols.defaultAssociations changed, updating to true
[INFO 1:31:30 PM]  symbols.hidesExplorerArrows changed, updating to false
[INFO 1:31:30 PM]  symbols.folders.associations changed, updating to undefined
[INFO 1:31:30 PM]  symbols.files.associations changed, updating to undefined
[INFO 1:32:15 PM]  symbols.defaultAssociations changed, updating to true
[INFO 1:32:15 PM]  symbols.hidesExplorerArrows changed, updating to false
[INFO 1:32:15 PM]  symbols.folders.associations changed, updating to undefined
[INFO 1:32:15 PM]  symbols.files.associations changed, updating to undefined
[INFO 1:32:19 PM]  symbols.defaultAssociations changed, updating to true
[INFO 1:32:19 PM]  symbols.hidesExplorerArrows changed, updating to false
[INFO 1:32:19 PM]  symbols.folders.associations changed, updating to undefined
[INFO 1:32:19 PM]  symbols.files.associations changed, updating to undefined
[INFO 1:32:51 PM]  symbols.defaultAssociations changed, updating to true
[INFO 1:32:51 PM]  symbols.hidesExplorerArrows changed, updating to false
[INFO 1:32:51 PM]  symbols.folders.associations changed, updating to undefined
[INFO 1:32:51 PM]  symbols.files.associations changed, updating to undefined
